#
# There is insufficient memory for the Java Runtime Environment to continue.
# Native memory allocation (mmap) failed to map 70254592 bytes for G1 virtual space
# Possible reasons:
#   The system is out of physical RAM or swap space
#   The process is running with CompressedOops enabled, and the Java Heap may be blocking the growth of the native heap
# Possible solutions:
#   Reduce memory load on the system
#   Increase physical memory or swap space
#   Check if swap backing store is full
#   Decrease Java heap size (-Xmx/-Xms)
#   Decrease number of Java threads
#   Decrease Java thread stack sizes (-Xss)
#   Set larger code cache with -XX:ReservedCodeCacheSize=
#   JVM is running with Unscaled Compressed Oops mode in which the Java heap is
#     placed in the first 4GB address space. The Java Heap base address is the
#     maximum limit for the native heap growth. Please use -XX:HeapBaseMinAddress
#     to set the Java Heap base and to place the Java Heap above 4GB virtual address.
# This output file may be truncated or incomplete.
#
#  Out of Memory Error (os_windows.cpp:3550), pid=82196, tid=82608
#
# JRE version: Java(TM) SE Runtime Environment (17.0.8+9) (build 17.0.8+9-LTS-211)
# Java VM: Java HotSpot(TM) 64-Bit Server VM (17.0.8+9-LTS-211, mixed mode, emulated-client, sharing, tiered, compressed oops, compressed class ptrs, g1 gc, windows-amd64)
# No core dump will be written. Minidumps are not enabled by default on client versions of Windows
#

---------------  S U M M A R Y ------------

Command Line: -Dcom.sun.management.jmxremote -Dcom.sun.management.jmxremote.port=53517 -Dcom.sun.management.jmxremote.authenticate=false -Dcom.sun.management.jmxremote.ssl=false -Djava.rmi.server.hostname=localhost -Dspring.jmx.enabled=true -Dmanagement.endpoints.jmx.exposure.include=* -Dspring.application.admin.enabled=true -XX:TieredStopAtLevel=1 -Dspring.boot.project.name=ApeH-Backend -Dfile.encoding=UTF-8 -Dstdout.encoding=UTF-8 -Dstderr.encoding=UTF-8 -XX:+ShowCodeDetailsInExceptionMessages co.edu.unbosque.apeh.ApehAplication --spring.output.ansi.enabled=always

Host: Intel(R) Core(TM) i5-6200U CPU @ 2.30GHz, 4 cores, 3G,  Windows 10 , 64 bit Build 18362 (10.0.18362.1500)
Time: Tue Aug 13 16:50:17 2024 Hora est. Pacífico, Sudamérica elapsed time: 690.437333 seconds (0d 0h 11m 30s)

---------------  T H R E A D  ---------------

Current thread (0x000001b2ebf55a00):  VMThread "VM Thread" [stack: 0x000000a33f600000,0x000000a33f700000] [id=82608]

Stack: [0x000000a33f600000,0x000000a33f700000]
Native frames: (J=compiled Java code, j=interpreted, Vv=VM code, C=native code)
V  [jvm.dll+0x677d0a]
V  [jvm.dll+0x7d8c54]
V  [jvm.dll+0x7da3fe]
V  [jvm.dll+0x7daa63]
V  [jvm.dll+0x245c5f]
V  [jvm.dll+0x674bb9]
V  [jvm.dll+0x6694f2]
V  [jvm.dll+0x3031d6]
V  [jvm.dll+0x30a756]
V  [jvm.dll+0x359f9e]
V  [jvm.dll+0x35a1cf]
V  [jvm.dll+0x2da3e8]
V  [jvm.dll+0x2d87f5]
V  [jvm.dll+0x2d7dfc]
V  [jvm.dll+0x31b4cb]
V  [jvm.dll+0x7df26b]
V  [jvm.dll+0x7dffa4]
V  [jvm.dll+0x7e04bd]
V  [jvm.dll+0x7e0894]
V  [jvm.dll+0x7e0960]
V  [jvm.dll+0x788bba]
V  [jvm.dll+0x676b35]
C  [ucrtbase.dll+0x210b2]
C  [KERNEL32.DLL+0x17c24]
C  [ntdll.dll+0x6d721]

VM_Operation (0x000000a33effae10): G1CollectForAllocation, mode: safepoint, requested by thread 0x000001b2c1b2e3d0


---------------  P R O C E S S  ---------------

Threads class SMR info:
_java_thread_list=0x000001b2c2eadcc0, length=28, elements={
0x000001b2ebf5bcb0, 0x000001b2ebf5d1d0, 0x000001b2faea0510, 0x000001b2faea1290,
0x000001b2faea3f30, 0x000001b2faea9bb0, 0x000001b2faeb6310, 0x000001b2faeb9b80,
0x000001b2faea9210, 0x000001b2faea96e0, 0x000001b2faeabd60, 0x000001b2faeac230,
0x000001b2faeaa080, 0x000001b2faeacbd0, 0x000001b2faeaaef0, 0x000001b2c1b2fbe0,
0x000001b2c1b2a070, 0x000001b2c1b2d560, 0x000001b2c1b2ed70, 0x000001b2faeac700,
0x000001b2c1b30580, 0x000001b2c1b2e3d0, 0x000001b2c1b313f0, 0x000001b2c1b2d090,
0x000001b2c1b2aa10, 0x000001b2c1b2b3b0, 0x000001b2ffa3a990, 0x000001b2c1b2da30
}

Java Threads: ( => current thread )
  0x000001b2ebf5bcb0 JavaThread "Reference Handler" daemon [_thread_blocked, id=82852, stack(0x000000a33f700000,0x000000a33f800000)]
  0x000001b2ebf5d1d0 JavaThread "Finalizer" daemon [_thread_blocked, id=81416, stack(0x000000a33f800000,0x000000a33f900000)]
  0x000001b2faea0510 JavaThread "Signal Dispatcher" daemon [_thread_blocked, id=21952, stack(0x000000a33f900000,0x000000a33fa00000)]
  0x000001b2faea1290 JavaThread "Attach Listener" daemon [_thread_blocked, id=24664, stack(0x000000a33fa00000,0x000000a33fb00000)]
  0x000001b2faea3f30 JavaThread "Service Thread" daemon [_thread_blocked, id=85116, stack(0x000000a33fb00000,0x000000a33fc00000)]
  0x000001b2faea9bb0 JavaThread "Monitor Deflation Thread" daemon [_thread_blocked, id=82212, stack(0x000000a33fc00000,0x000000a33fd00000)]
  0x000001b2faeb6310 JavaThread "C1 CompilerThread0" daemon [_thread_blocked, id=68308, stack(0x000000a33fd00000,0x000000a33fe00000)]
  0x000001b2faeb9b80 JavaThread "Sweeper thread" daemon [_thread_blocked, id=82320, stack(0x000000a33fe00000,0x000000a33ff00000)]
  0x000001b2faea9210 JavaThread "Common-Cleaner" daemon [_thread_blocked, id=86020, stack(0x000000a33ff00000,0x000000a340000000)]
  0x000001b2faea96e0 JavaThread "Notification Thread" daemon [_thread_blocked, id=26064, stack(0x000000a340200000,0x000000a340300000)]
  0x000001b2faeabd60 JavaThread "RMI TCP Accept-0" daemon [_thread_in_native, id=69184, stack(0x000000a340300000,0x000000a340400000)]
  0x000001b2faeac230 JavaThread "RMI TCP Accept-53517" daemon [_thread_in_native, id=36856, stack(0x000000a340400000,0x000000a340500000)]
  0x000001b2faeaa080 JavaThread "RMI TCP Accept-0" daemon [_thread_in_native, id=67280, stack(0x000000a340500000,0x000000a340600000)]
  0x000001b2faeacbd0 JavaThread "RMI Scheduler(0)" daemon [_thread_blocked, id=82536, stack(0x000000a340d00000,0x000000a340e00000)]
  0x000001b2faeaaef0 JavaThread "JMX server connection timeout 22" daemon [_thread_blocked, id=82404, stack(0x000000a341000000,0x000000a341100000)]
  0x000001b2c1b2fbe0 JavaThread "mysql-cj-abandoned-connection-cleanup" daemon [_thread_blocked, id=84400, stack(0x000000a341500000,0x000000a341600000)]
  0x000001b2c1b2a070 JavaThread "Live Reload Server" daemon [_thread_in_native, id=56936, stack(0x000000a341b00000,0x000000a341c00000)]
  0x000001b2c1b2d560 JavaThread "DestroyJavaVM" [_thread_blocked, id=69808, stack(0x000000a33f000000,0x000000a33f100000)]
  0x000001b2c1b2ed70 JavaThread "RMI TCP Connection(idle)" daemon [_thread_blocked, id=83812, stack(0x000000a342a00000,0x000000a342b00000)]
  0x000001b2faeac700 JavaThread "Thread-5" [_thread_blocked, id=91304, stack(0x000000a33ed00000,0x000000a33ee00000)]
  0x000001b2c1b30580 JavaThread "File Watcher" daemon [_thread_blocked, id=65484, stack(0x000000a340c00000,0x000000a340d00000)]
  0x000001b2c1b2e3d0 JavaThread "restartedMain" [_thread_blocked, id=70744, stack(0x000000a33ef00000,0x000000a33f000000)]
  0x000001b2c1b313f0 JavaThread "Catalina-utility-1" [_thread_blocked, id=77140, stack(0x000000a340e00000,0x000000a340f00000)]
  0x000001b2c1b2d090 JavaThread "Catalina-utility-2" [_thread_blocked, id=23308, stack(0x000000a340f00000,0x000000a341000000)]
  0x000001b2c1b2aa10 JavaThread "container-1" [_thread_blocked, id=20564, stack(0x000000a341100000,0x000000a341200000)]
  0x000001b2c1b2b3b0 JavaThread "HikariPool-3 housekeeper" daemon [_thread_blocked, id=11544, stack(0x000000a341200000,0x000000a341300000)]
  0x000001b2ffa3a990 JavaThread "C1 CompilerThread1" daemon [_thread_blocked, id=96528, stack(0x000000a341300000,0x000000a341400000)]
  0x000001b2c1b2da30 JavaThread "HikariPool-3 connection adder" daemon [_thread_blocked, id=96532, stack(0x000000a341400000,0x000000a341500000)]

Other Threads:
=>0x000001b2ebf55a00 VMThread "VM Thread" [stack: 0x000000a33f600000,0x000000a33f700000] [id=82608]
  0x000001b2ff66b8a0 WatcherThread [stack: 0x000000a340600000,0x000000a340700000] [id=84040]
  0x000001b2ebede1b0 GCTaskThread "GC Thread#0" [stack: 0x000000a33f100000,0x000000a33f200000] [id=30924]
  0x000001b2ff7c39d0 GCTaskThread "GC Thread#1" [stack: 0x000000a340700000,0x000000a340800000] [id=63144]
  0x000001b2ff74be60 GCTaskThread "GC Thread#2" [stack: 0x000000a340800000,0x000000a340900000] [id=65896]
  0x000001b2ff6fc830 GCTaskThread "GC Thread#3" [stack: 0x000000a340900000,0x000000a340a00000] [id=63216]
  0x000001b2ebee7360 ConcurrentGCThread "G1 Main Marker" [stack: 0x000000a33f200000,0x000000a33f300000] [id=77212]
  0x000001b2ebee8c90 ConcurrentGCThread "G1 Conc#0" [stack: 0x000000a33f300000,0x000000a33f400000] [id=78672]
  0x000001b2ebf24100 ConcurrentGCThread "G1 Refine#0" [stack: 0x000000a33f400000,0x000000a33f500000] [id=82084]
  0x000001b2ff7e3a70 ConcurrentGCThread "G1 Refine#1" [stack: 0x000000a340a00000,0x000000a340b00000] [id=68488]
  0x000001b2ff7cfca0 ConcurrentGCThread "G1 Refine#2" [stack: 0x000000a340b00000,0x000000a340c00000] [id=77296]
  0x000001b2ebf24a30 ConcurrentGCThread "G1 Service" [stack: 0x000000a33f500000,0x000000a33f600000] [id=77000]

Threads with active compile tasks:

VM state: at safepoint (normal execution)

VM Mutex/Monitor currently owned by a thread:  ([mutex/lock_event])
[0x000001b2ebe9dce0] Threads_lock - owner thread: 0x000001b2ebf55a00
[0x000001b2ebe9e700] Heap_lock - owner thread: 0x000001b2c1b2e3d0

Heap address: 0x00000000c2200000, size: 990 MB, Compressed Oops mode: 32-bit

CDS archive(s) mapped at: [0x000001b280000000-0x000001b280bd0000-0x000001b280bd0000), size 12386304, SharedBaseAddress: 0x000001b280000000, ArchiveRelocationMode: 1.
Compressed class space mapped at: 0x000001b281000000-0x000001b2c1000000, reserved size: 1073741824
Narrow klass base: 0x000001b280000000, Narrow klass shift: 0, Narrow klass range: 0x100000000

GC Precious Log:
 CPUs: 4 total, 4 available
 Memory: 3955M
 Large Page Support: Disabled
 NUMA Support: Disabled
 Compressed Oops: Enabled (32-bit)
 Heap Region Size: 1M
 Heap Min Capacity: 8M
 Heap Initial Capacity: 62M
 Heap Max Capacity: 990M
 Pre-touch: Disabled
 Parallel Workers: 4
 Concurrent Workers: 1
 Concurrent Refinement Workers: 4
 Periodic GC: Disabled

Heap:
 garbage-first heap   total 68608K, used 36007K [0x00000000c2200000, 0x0000000100000000)
  region size 1024K, 1 young (1024K), 1 survivors (1024K)
 Metaspace       used 72468K, committed 73024K, reserved 1114112K
  class space    used 10587K, committed 10816K, reserved 1048576K

Heap Regions: E=young(eden), S=young(survivor), O=old, HS=humongous(starts), HC=humongous(continues), CS=collection set, F=free, OA=open archive, CA=closed archive, TAMS=top-at-mark-start (previous, next)
|   0|0x00000000c2200000, 0x00000000c2300000, 0x00000000c2300000|100%|HS|  |TAMS 0x00000000c2300000, 0x00000000c2200000| Complete 
|   1|0x00000000c2300000, 0x00000000c23ffff8, 0x00000000c2400000| 99%| O|  |TAMS 0x00000000c23ffff8, 0x00000000c2300000| Untracked 
|   2|0x00000000c2400000, 0x00000000c2500000, 0x00000000c2500000|100%| O|  |TAMS 0x00000000c2500000, 0x00000000c2400000| Untracked 
|   3|0x00000000c2500000, 0x00000000c25f48f0, 0x00000000c2600000| 95%| O|  |TAMS 0x00000000c25f48f0, 0x00000000c2500000| Untracked 
|   4|0x00000000c2600000, 0x00000000c26ffff8, 0x00000000c2700000| 99%| O|  |TAMS 0x00000000c26ffff8, 0x00000000c2600000| Untracked 
|   5|0x00000000c2700000, 0x00000000c27ffff0, 0x00000000c2800000| 99%| O|  |TAMS 0x00000000c27ffff0, 0x00000000c2700000| Untracked 
|   6|0x00000000c2800000, 0x00000000c28fffc0, 0x00000000c2900000| 99%| O|  |TAMS 0x00000000c28fffc0, 0x00000000c2800000| Untracked 
|   7|0x00000000c2900000, 0x00000000c29fffb0, 0x00000000c2a00000| 99%| O|  |TAMS 0x00000000c29fffb0, 0x00000000c2900000| Untracked 
|   8|0x00000000c2a00000, 0x00000000c2afff60, 0x00000000c2b00000| 99%| O|  |TAMS 0x00000000c2afff60, 0x00000000c2a00000| Untracked 
|   9|0x00000000c2b00000, 0x00000000c2bfffe8, 0x00000000c2c00000| 99%| O|  |TAMS 0x00000000c2bfffe8, 0x00000000c2b00000| Untracked 
|  10|0x00000000c2c00000, 0x00000000c2cffff8, 0x00000000c2d00000| 99%| O|  |TAMS 0x00000000c2cffff8, 0x00000000c2c00000| Untracked 
|  11|0x00000000c2d00000, 0x00000000c2e00000, 0x00000000c2e00000|100%| O|  |TAMS 0x00000000c2e00000, 0x00000000c2d00000| Untracked 
|  12|0x00000000c2e00000, 0x00000000c2f00000, 0x00000000c2f00000|100%| O|  |TAMS 0x00000000c2f00000, 0x00000000c2e00000| Untracked 
|  13|0x00000000c2f00000, 0x00000000c2ffffe0, 0x00000000c3000000| 99%| O|  |TAMS 0x00000000c2ffffe0, 0x00000000c2f00000| Untracked 
|  14|0x00000000c3000000, 0x00000000c30fffe8, 0x00000000c3100000| 99%| O|  |TAMS 0x00000000c30fffe8, 0x00000000c3000000| Untracked 
|  15|0x00000000c3100000, 0x00000000c31ffff0, 0x00000000c3200000| 99%| O|  |TAMS 0x00000000c31ffff0, 0x00000000c3100000| Untracked 
|  16|0x00000000c3200000, 0x00000000c3300000, 0x00000000c3300000|100%| O|  |TAMS 0x00000000c3300000, 0x00000000c3200000| Untracked 
|  17|0x00000000c3300000, 0x00000000c3400000, 0x00000000c3400000|100%| O|  |TAMS 0x00000000c3400000, 0x00000000c3300000| Untracked 
|  18|0x00000000c3400000, 0x00000000c3437108, 0x00000000c3500000| 21%| O|  |TAMS 0x00000000c3437108, 0x00000000c3400000| Untracked 
|  19|0x00000000c3500000, 0x00000000c35fa930, 0x00000000c3600000| 97%| O|  |TAMS 0x00000000c35fa930, 0x00000000c3500000| Untracked 
|  20|0x00000000c3600000, 0x00000000c3700000, 0x00000000c3700000|100%| O|  |TAMS 0x00000000c3700000, 0x00000000c3600000| Untracked 
|  21|0x00000000c3700000, 0x00000000c37ffff8, 0x00000000c3800000| 99%| O|  |TAMS 0x00000000c37ffff8, 0x00000000c3700000| Untracked 
|  22|0x00000000c3800000, 0x00000000c3900000, 0x00000000c3900000|100%| O|  |TAMS 0x00000000c3900000, 0x00000000c3800000| Untracked 
|  23|0x00000000c3900000, 0x00000000c39fffd8, 0x00000000c3a00000| 99%| O|  |TAMS 0x00000000c39fffd8, 0x00000000c3900000| Untracked 
|  24|0x00000000c3a00000, 0x00000000c3b00000, 0x00000000c3b00000|100%| O|  |TAMS 0x00000000c3b00000, 0x00000000c3a00000| Untracked 
|  25|0x00000000c3b00000, 0x00000000c3c00000, 0x00000000c3c00000|100%| O|  |TAMS 0x00000000c3b00000, 0x00000000c3b00000| Untracked 
|  26|0x00000000c3c00000, 0x00000000c3cfffe0, 0x00000000c3d00000| 99%| O|  |TAMS 0x00000000c3cfffe0, 0x00000000c3c00000| Untracked 
|  27|0x00000000c3d00000, 0x00000000c3e00000, 0x00000000c3e00000|100%| O|  |TAMS 0x00000000c3e00000, 0x00000000c3d00000| Untracked 
|  28|0x00000000c3e00000, 0x00000000c3f00000, 0x00000000c3f00000|100%| O|  |TAMS 0x00000000c3f00000, 0x00000000c3e00000| Untracked 
|  29|0x00000000c3f00000, 0x00000000c4000000, 0x00000000c4000000|100%| O|  |TAMS 0x00000000c4000000, 0x00000000c3f00000| Untracked 
|  30|0x00000000c4000000, 0x00000000c4100000, 0x00000000c4100000|100%| O|  |TAMS 0x00000000c4100000, 0x00000000c4000000| Untracked 
|  31|0x00000000c4100000, 0x00000000c4100000, 0x00000000c4200000|  0%| F|  |TAMS 0x00000000c4100000, 0x00000000c4100000| Untracked 
|  32|0x00000000c4200000, 0x00000000c4300000, 0x00000000c4300000|100%| O|  |TAMS 0x00000000c4300000, 0x00000000c4200000| Untracked 
|  33|0x00000000c4300000, 0x00000000c4400000, 0x00000000c4400000|100%| O|  |TAMS 0x00000000c4400000, 0x00000000c4300000| Untracked 
|  34|0x00000000c4400000, 0x00000000c4500000, 0x00000000c4500000|100%| O|  |TAMS 0x00000000c44d7400, 0x00000000c4400000| Untracked 
|  35|0x00000000c4500000, 0x00000000c4600000, 0x00000000c4600000|100%| O|  |TAMS 0x00000000c4500000, 0x00000000c4500000| Untracked 
|  36|0x00000000c4600000, 0x00000000c4692800, 0x00000000c4700000| 57%| O|  |TAMS 0x00000000c4600000, 0x00000000c4600000| Untracked 
|  37|0x00000000c4700000, 0x00000000c4700000, 0x00000000c4800000|  0%| F|  |TAMS 0x00000000c4700000, 0x00000000c4700000| Untracked 
|  38|0x00000000c4800000, 0x00000000c4800000, 0x00000000c4900000|  0%| F|  |TAMS 0x00000000c4800000, 0x00000000c4800000| Untracked 
|  39|0x00000000c4900000, 0x00000000c4900000, 0x00000000c4a00000|  0%| F|  |TAMS 0x00000000c4900000, 0x00000000c4900000| Untracked 
|  40|0x00000000c4a00000, 0x00000000c4a00000, 0x00000000c4b00000|  0%| F|  |TAMS 0x00000000c4a00000, 0x00000000c4a00000| Untracked 
|  41|0x00000000c4b00000, 0x00000000c4b00000, 0x00000000c4c00000|  0%| F|  |TAMS 0x00000000c4b00000, 0x00000000c4b00000| Untracked 
|  42|0x00000000c4c00000, 0x00000000c4c00000, 0x00000000c4d00000|  0%| F|  |TAMS 0x00000000c4c00000, 0x00000000c4c00000| Untracked 
|  43|0x00000000c4d00000, 0x00000000c4d00000, 0x00000000c4e00000|  0%| F|  |TAMS 0x00000000c4d00000, 0x00000000c4d00000| Untracked 
|  44|0x00000000c4e00000, 0x00000000c4e00000, 0x00000000c4f00000|  0%| F|  |TAMS 0x00000000c4e00000, 0x00000000c4e00000| Untracked 
|  45|0x00000000c4f00000, 0x00000000c4f00000, 0x00000000c5000000|  0%| F|  |TAMS 0x00000000c4f00000, 0x00000000c4f00000| Untracked 
|  46|0x00000000c5000000, 0x00000000c5000000, 0x00000000c5100000|  0%| F|  |TAMS 0x00000000c5000000, 0x00000000c5000000| Untracked 
|  47|0x00000000c5100000, 0x00000000c5100000, 0x00000000c5200000|  0%| F|  |TAMS 0x00000000c5100000, 0x00000000c5100000| Untracked 
|  48|0x00000000c5200000, 0x00000000c5200000, 0x00000000c5300000|  0%| F|  |TAMS 0x00000000c5200000, 0x00000000c5200000| Untracked 
|  49|0x00000000c5300000, 0x00000000c5300000, 0x00000000c5400000|  0%| F|  |TAMS 0x00000000c5300000, 0x00000000c5300000| Untracked 
|  50|0x00000000c5400000, 0x00000000c5400000, 0x00000000c5500000|  0%| F|  |TAMS 0x00000000c5400000, 0x00000000c5400000| Untracked 
|  51|0x00000000c5500000, 0x00000000c5500000, 0x00000000c5600000|  0%| F|  |TAMS 0x00000000c5500000, 0x00000000c5500000| Untracked 
|  52|0x00000000c5600000, 0x00000000c5600000, 0x00000000c5700000|  0%| F|  |TAMS 0x00000000c5600000, 0x00000000c5600000| Untracked 
|  53|0x00000000c5700000, 0x00000000c5700000, 0x00000000c5800000|  0%| F|  |TAMS 0x00000000c5700000, 0x00000000c5700000| Untracked 
|  54|0x00000000c5800000, 0x00000000c5800000, 0x00000000c5900000|  0%| F|  |TAMS 0x00000000c5800000, 0x00000000c5800000| Untracked 
|  55|0x00000000c5900000, 0x00000000c5900000, 0x00000000c5a00000|  0%| F|  |TAMS 0x00000000c5900000, 0x00000000c5900000| Untracked 
|  56|0x00000000c5a00000, 0x00000000c5a00000, 0x00000000c5b00000|  0%| F|  |TAMS 0x00000000c5a00000, 0x00000000c5a00000| Untracked 
|  57|0x00000000c5b00000, 0x00000000c5b00000, 0x00000000c5c00000|  0%| F|  |TAMS 0x00000000c5b00000, 0x00000000c5b00000| Untracked 
|  58|0x00000000c5c00000, 0x00000000c5c00000, 0x00000000c5d00000|  0%| F|  |TAMS 0x00000000c5c00000, 0x00000000c5c00000| Untracked 
|  59|0x00000000c5d00000, 0x00000000c5d00000, 0x00000000c5e00000|  0%| F|  |TAMS 0x00000000c5d00000, 0x00000000c5d00000| Untracked 
|  60|0x00000000c5e00000, 0x00000000c5e00000, 0x00000000c5f00000|  0%| F|  |TAMS 0x00000000c5e00000, 0x00000000c5e00000| Untracked 
|  61|0x00000000c5f00000, 0x00000000c5f00000, 0x00000000c6000000|  0%| F|  |TAMS 0x00000000c5f00000, 0x00000000c5f00000| Untracked 
|  62|0x00000000c6000000, 0x00000000c6000000, 0x00000000c6100000|  0%| F|  |TAMS 0x00000000c6000000, 0x00000000c6000000| Untracked 
|  63|0x00000000c6100000, 0x00000000c6100000, 0x00000000c6200000|  0%| F|  |TAMS 0x00000000c6100000, 0x00000000c6100000| Untracked 
|  64|0x00000000c6200000, 0x00000000c6200000, 0x00000000c6300000|  0%| F|  |TAMS 0x00000000c6200000, 0x00000000c6200000| Untracked 
|  65|0x00000000c6300000, 0x00000000c63716c0, 0x00000000c6400000| 44%| S|CS|TAMS 0x00000000c6300000, 0x00000000c6300000| Complete 
|  66|0x00000000c6400000, 0x00000000c6400000, 0x00000000c6500000|  0%| F|  |TAMS 0x00000000c6400000, 0x00000000c6400000| Untracked 

Card table byte_map: [0x000001b2f6730000,0x000001b2f6920000] _byte_map_base: 0x000001b2f611f000

Marking Bits (Prev, Next): (CMBitMap*) 0x000001b2ebede6d0, (CMBitMap*) 0x000001b2ebede710
 Prev Bits: [0x000001b2f6b10000, 0x000001b2f7a88000)
 Next Bits: [0x000001b2f7a90000, 0x000001b2f8a08000)

Polling page: 0x000001b2eb660000

Metaspace:

Usage:
  Non-class:     60.43 MB used.
      Class:     10.34 MB used.
       Both:     70.77 MB used.

Virtual space:
  Non-class space:       64.00 MB reserved,      60.75 MB ( 95%) committed,  1 nodes.
      Class space:        1.00 GB reserved,      10.56 MB (  1%) committed,  1 nodes.
             Both:        1.06 GB reserved,      71.31 MB (  7%) committed. 

Chunk freelists:
   Non-Class:  3.09 MB
       Class:  5.46 MB
        Both:  8.55 MB

MaxMetaspaceSize: unlimited
CompressedClassSpaceSize: 1.00 GB
Initial GC threshold: 21.00 MB
Current GC threshold: 118.56 MB
CDS: on
MetaspaceReclaimPolicy: balanced
 - commit_granule_bytes: 65536.
 - commit_granule_words: 8192.
 - virtual_space_node_default_size: 8388608.
 - enlarge_chunks_in_place: 1.
 - new_chunks_are_fully_committed: 0.
 - uncommit_free_chunks: 1.
 - use_allocation_guard: 0.
 - handle_deallocations: 1.


Internal statistics:

num_allocs_failed_limit: 6.
num_arena_births: 1044.
num_arena_deaths: 380.
num_vsnodes_births: 2.
num_vsnodes_deaths: 0.
num_space_committed: 1141.
num_space_uncommitted: 0.
num_chunks_returned_to_freelist: 458.
num_chunks_taken_from_freelist: 3789.
num_chunk_merges: 123.
num_chunk_splits: 2567.
num_chunks_enlarged: 1977.
num_purges: 12.
num_inconsistent_stats: 0.

CodeCache: size=49152Kb used=15183Kb max_used=15183Kb free=33968Kb
 bounds [0x000001b2f3730000, 0x000001b2f4610000, 0x000001b2f6730000]
 total_blobs=9061 nmethods=8362 adapters=624
 compilation: enabled
              stopped_count=0, restarted_count=0
 full_count=0

Compilation events (20 events):
Event: 690.122 Thread 0x000001b2faeb6310 8354       1       sun.security.ssl.SSLCipher$T13GcmWriteCipherGenerator$GcmWriteCipher::calculateFragmentSize (9 bytes)
Event: 690.123 Thread 0x000001b2faeb6310 nmethod 8354 0x000001b2f45fec10 code [0x000001b2f45feda0, 0x000001b2f45fee78]
Event: 690.140 Thread 0x000001b2ffa3a990 8355       1       com.mysql.cj.protocol.a.NativeServerSession::getServerVariable (14 bytes)
Event: 690.140 Thread 0x000001b2ffa3a990 nmethod 8355 0x000001b2f45fef10 code [0x000001b2f45ff0a0, 0x000001b2f45ff1c8]
Event: 690.144 Thread 0x000001b2faeb6310 8356       1       com.mysql.cj.jdbc.ConnectionImpl::checkClosed (8 bytes)
Event: 690.144 Thread 0x000001b2faeb6310 nmethod 8356 0x000001b2f45ff290 code [0x000001b2f45ff420, 0x000001b2f45ff508]
Event: 690.144 Thread 0x000001b2ffa3a990 8357       1       com.mysql.cj.NativeSession::checkClosed (63 bytes)
Event: 690.145 Thread 0x000001b2ffa3a990 nmethod 8357 0x000001b2f45ff610 code [0x000001b2f45ff7e0, 0x000001b2f45ffa08]
Event: 690.152 Thread 0x000001b2faeb6310 8358   !   1       sun.nio.ch.NioSocketImpl::setOption (545 bytes)
Event: 690.155 Thread 0x000001b2faeb6310 nmethod 8358 0x000001b2f45ffb90 code [0x000001b2f45fffc0, 0x000001b2f4601618]
Event: 690.163 Thread 0x000001b2ffa3a990 8359  s    1       java.util.Properties::setProperty (7 bytes)
Event: 690.163 Thread 0x000001b2ffa3a990 nmethod 8359 0x000001b2f4602990 code [0x000001b2f4602b20, 0x000001b2f4602ca8]
Event: 690.185 Thread 0x000001b2ffa3a990 8360       1       java.security.spec.NamedParameterSpec::getName (5 bytes)
Event: 690.185 Thread 0x000001b2ffa3a990 nmethod 8360 0x000001b2f4602d90 code [0x000001b2f4602f20, 0x000001b2f4602ff8]
Event: 690.199 Thread 0x000001b2ffa3a990 8361       1       org.springframework.data.util.TypeDiscoverer::isCollectionLike (52 bytes)
Event: 690.199 Thread 0x000001b2ffa3a990 nmethod 8361 0x000001b2f4603090 code [0x000001b2f4603280, 0x000001b2f4603578]
Event: 690.200 Thread 0x000001b2ffa3a990 8362       1       org.hibernate.query.sqm.tree.jpa.AbstractJpaTupleElement::setExpressibleType (6 bytes)
Event: 690.200 Thread 0x000001b2faeb6310 8363       1       org.hibernate.query.sqm.tree.select.AbstractSqmSelectQuery::getQueryPart (5 bytes)
Event: 690.200 Thread 0x000001b2faeb6310 nmethod 8363 0x000001b2f4603710 code [0x000001b2f46038a0, 0x000001b2f4603978]
Event: 690.200 Thread 0x000001b2ffa3a990 nmethod 8362 0x000001b2f4603a10 code [0x000001b2f4603ba0, 0x000001b2f4603cb8]

GC Heap History (20 events):
Event: 674.366 GC heap after
{Heap after GC invocations=33 (full 1):
 garbage-first heap   total 58368K, used 23867K [0x00000000c2200000, 0x0000000100000000)
  region size 1024K, 0 young (0K), 0 survivors (0K)
 Metaspace       used 71391K, committed 72064K, reserved 1114112K
  class space    used 10452K, committed 10752K, reserved 1048576K
}
Event: 675.670 GC heap before
{Heap before GC invocations=33 (full 1):
 garbage-first heap   total 58368K, used 44347K [0x00000000c2200000, 0x0000000100000000)
  region size 1024K, 21 young (21504K), 0 survivors (0K)
 Metaspace       used 71446K, committed 72128K, reserved 1114112K
  class space    used 10461K, committed 10752K, reserved 1048576K
}
Event: 675.674 GC heap after
{Heap after GC invocations=34 (full 1):
 garbage-first heap   total 58368K, used 25891K [0x00000000c2200000, 0x0000000100000000)
  region size 1024K, 2 young (2048K), 2 survivors (2048K)
 Metaspace       used 71446K, committed 72128K, reserved 1114112K
  class space    used 10461K, committed 10752K, reserved 1048576K
}
Event: 676.420 GC heap before
{Heap before GC invocations=35 (full 1):
 garbage-first heap   total 58368K, used 45347K [0x00000000c2200000, 0x0000000100000000)
  region size 1024K, 21 young (21504K), 2 survivors (2048K)
 Metaspace       used 71463K, committed 72128K, reserved 1114112K
  class space    used 10457K, committed 10752K, reserved 1048576K
}
Event: 676.425 GC heap after
{Heap after GC invocations=36 (full 1):
 garbage-first heap   total 58368K, used 27886K [0x00000000c2200000, 0x0000000100000000)
  region size 1024K, 3 young (3072K), 3 survivors (3072K)
 Metaspace       used 71463K, committed 72128K, reserved 1114112K
  class space    used 10457K, committed 10752K, reserved 1048576K
}
Event: 676.889 GC heap before
{Heap before GC invocations=36 (full 1):
 garbage-first heap   total 58368K, used 44270K [0x00000000c2200000, 0x0000000100000000)
  region size 1024K, 19 young (19456K), 3 survivors (3072K)
 Metaspace       used 71612K, committed 72192K, reserved 1114112K
  class space    used 10470K, committed 10752K, reserved 1048576K
}
Event: 676.896 GC heap after
{Heap after GC invocations=37 (full 1):
 garbage-first heap   total 58368K, used 29690K [0x00000000c2200000, 0x0000000100000000)
  region size 1024K, 2 young (2048K), 2 survivors (2048K)
 Metaspace       used 71612K, committed 72192K, reserved 1114112K
  class space    used 10470K, committed 10752K, reserved 1048576K
}
Event: 677.074 GC heap before
{Heap before GC invocations=38 (full 1):
 garbage-first heap   total 68608K, used 45050K [0x00000000c2200000, 0x0000000100000000)
  region size 1024K, 17 young (17408K), 2 survivors (2048K)
 Metaspace       used 71770K, committed 72320K, reserved 1114112K
  class space    used 10486K, committed 10752K, reserved 1048576K
}
Event: 677.078 GC heap after
{Heap after GC invocations=39 (full 1):
 garbage-first heap   total 68608K, used 30622K [0x00000000c2200000, 0x0000000100000000)
  region size 1024K, 1 young (1024K), 1 survivors (1024K)
 Metaspace       used 71770K, committed 72320K, reserved 1114112K
  class space    used 10486K, committed 10752K, reserved 1048576K
}
Event: 688.565 GC heap before
{Heap before GC invocations=39 (full 1):
 garbage-first heap   total 68608K, used 52126K [0x00000000c2200000, 0x0000000100000000)
  region size 1024K, 22 young (22528K), 1 survivors (1024K)
 Metaspace       used 72136K, committed 72640K, reserved 1114112K
  class space    used 10553K, committed 10752K, reserved 1048576K
}
Event: 688.570 GC heap after
{Heap after GC invocations=40 (full 1):
 garbage-first heap   total 68608K, used 32328K [0x00000000c2200000, 0x0000000100000000)
  region size 1024K, 3 young (3072K), 3 survivors (3072K)
 Metaspace       used 72136K, committed 72640K, reserved 1114112K
  class space    used 10553K, committed 10752K, reserved 1048576K
}
Event: 688.977 GC heap before
{Heap before GC invocations=41 (full 1):
 garbage-first heap   total 68608K, used 51784K [0x00000000c2200000, 0x0000000100000000)
  region size 1024K, 22 young (22528K), 3 survivors (3072K)
 Metaspace       used 72228K, committed 72768K, reserved 1114112K
  class space    used 10564K, committed 10816K, reserved 1048576K
}
Event: 688.983 GC heap after
{Heap after GC invocations=42 (full 1):
 garbage-first heap   total 68608K, used 33190K [0x00000000c2200000, 0x0000000100000000)
  region size 1024K, 2 young (2048K), 2 survivors (2048K)
 Metaspace       used 72228K, committed 72768K, reserved 1114112K
  class space    used 10564K, committed 10816K, reserved 1048576K
}
Event: 688.994 GC heap before
{Heap before GC invocations=42 (full 1):
 garbage-first heap   total 68608K, used 34214K [0x00000000c2200000, 0x0000000100000000)
  region size 1024K, 3 young (3072K), 2 survivors (2048K)
 Metaspace       used 72234K, committed 72768K, reserved 1114112K
  class space    used 10565K, committed 10816K, reserved 1048576K
}
Event: 688.998 GC heap after
{Heap after GC invocations=43 (full 1):
 garbage-first heap   total 68608K, used 33186K [0x00000000c2200000, 0x0000000100000000)
  region size 1024K, 1 young (1024K), 1 survivors (1024K)
 Metaspace       used 72234K, committed 72768K, reserved 1114112K
  class space    used 10565K, committed 10816K, reserved 1048576K
}
Event: 689.695 GC heap before
{Heap before GC invocations=43 (full 1):
 garbage-first heap   total 68608K, used 53666K [0x00000000c2200000, 0x0000000100000000)
  region size 1024K, 21 young (21504K), 1 survivors (1024K)
 Metaspace       used 72297K, committed 72832K, reserved 1114112K
  class space    used 10577K, committed 10816K, reserved 1048576K
}
Event: 689.698 GC heap after
{Heap after GC invocations=44 (full 1):
 garbage-first heap   total 68608K, used 34515K [0x00000000c2200000, 0x0000000100000000)
  region size 1024K, 2 young (2048K), 2 survivors (2048K)
 Metaspace       used 72297K, committed 72832K, reserved 1114112K
  class space    used 10577K, committed 10816K, reserved 1048576K
}
Event: 690.176 GC heap before
{Heap before GC invocations=45 (full 1):
 garbage-first heap   total 68608K, used 53971K [0x00000000c2200000, 0x0000000100000000)
  region size 1024K, 21 young (21504K), 2 survivors (2048K)
 Metaspace       used 72468K, committed 73024K, reserved 1114112K
  class space    used 10587K, committed 10816K, reserved 1048576K
}
Event: 690.183 GC heap after
{Heap after GC invocations=46 (full 1):
 garbage-first heap   total 68608K, used 35614K [0x00000000c2200000, 0x0000000100000000)
  region size 1024K, 3 young (3072K), 3 survivors (3072K)
 Metaspace       used 72468K, committed 73024K, reserved 1114112K
  class space    used 10587K, committed 10816K, reserved 1048576K
}
Event: 690.201 GC heap before
{Heap before GC invocations=46 (full 1):
 garbage-first heap   total 68608K, used 36638K [0x00000000c2200000, 0x0000000100000000)
  region size 1024K, 4 young (4096K), 3 survivors (3072K)
 Metaspace       used 72468K, committed 73024K, reserved 1114112K
  class space    used 10587K, committed 10816K, reserved 1048576K
}

Deoptimization events (10 events):
Event: 2.800 Thread 0x000001b2faeaaa20 DEOPT PACKING pc=0x000001b2f3c46219 sp=0x000000a3411fc870
Event: 2.800 Thread 0x000001b2faeaaa20 DEOPT UNPACKING pc=0x000001b2f3782b43 sp=0x000000a3411fbd50 mode 3
Event: 8.345 Thread 0x000001b2faeaaa20 DEOPT PACKING pc=0x000001b2f3ef749d sp=0x000000a3411fc780
Event: 8.345 Thread 0x000001b2faeaaa20 DEOPT UNPACKING pc=0x000001b2f3782b43 sp=0x000000a3411fbce8 mode 3
Event: 16.809 Thread 0x000001b2faeaaa20 DEOPT PACKING pc=0x000001b2f3c8a024 sp=0x000000a3411fbad0
Event: 16.809 Thread 0x000001b2faeaaa20 DEOPT UNPACKING pc=0x000001b2f3782b43 sp=0x000000a3411fb028 mode 0
Event: 17.579 Thread 0x000001b2faeaaa20 DEOPT PACKING pc=0x000001b2f3c84b22 sp=0x000000a3411fc830
Event: 17.579 Thread 0x000001b2faeaaa20 DEOPT UNPACKING pc=0x000001b2f3782b43 sp=0x000000a3411fbd38 mode 3
Event: 17.700 Thread 0x000001b2faeaaa20 DEOPT PACKING pc=0x000001b2f4220019 sp=0x000000a3411fc570
Event: 17.700 Thread 0x000001b2faeaaa20 DEOPT UNPACKING pc=0x000001b2f3782b43 sp=0x000000a3411fba50 mode 3

Classes unloaded (20 events):
Event: 675.739 Thread 0x000001b2ebf55a00 Unloading class 0x000001b281326800 'java/lang/invoke/LambdaForm$MH+0x000001b281326800'
Event: 675.739 Thread 0x000001b2ebf55a00 Unloading class 0x000001b281327000 'java/lang/invoke/LambdaForm$MH+0x000001b281327000'
Event: 675.739 Thread 0x000001b2ebf55a00 Unloading class 0x000001b281329400 'java/lang/invoke/LambdaForm$MH+0x000001b281329400'
Event: 675.739 Thread 0x000001b2ebf55a00 Unloading class 0x000001b28132bc00 'java/lang/invoke/LambdaForm$MH+0x000001b28132bc00'
Event: 675.739 Thread 0x000001b2ebf55a00 Unloading class 0x000001b281330000 'java/lang/invoke/LambdaForm$MH+0x000001b281330000'
Event: 675.739 Thread 0x000001b2ebf55a00 Unloading class 0x000001b281331000 'java/lang/invoke/LambdaForm$MH+0x000001b281331000'
Event: 675.739 Thread 0x000001b2ebf55a00 Unloading class 0x000001b2813a5000 'java/lang/invoke/LambdaForm$MH+0x000001b2813a5000'
Event: 675.739 Thread 0x000001b2ebf55a00 Unloading class 0x000001b2813f2800 'java/lang/invoke/LambdaForm$MH+0x000001b2813f2800'
Event: 675.739 Thread 0x000001b2ebf55a00 Unloading class 0x000001b28140c400 'java/lang/invoke/LambdaForm$MH+0x000001b28140c400'
Event: 675.739 Thread 0x000001b2ebf55a00 Unloading class 0x000001b28140f000 'java/lang/invoke/LambdaForm$MH+0x000001b28140f000'
Event: 675.739 Thread 0x000001b2ebf55a00 Unloading class 0x000001b281438000 'java/lang/invoke/LambdaForm$MH+0x000001b281438000'
Event: 675.739 Thread 0x000001b2ebf55a00 Unloading class 0x000001b281438800 'java/lang/invoke/LambdaForm$MH+0x000001b281438800'
Event: 675.739 Thread 0x000001b2ebf55a00 Unloading class 0x000001b281454000 'java/lang/invoke/LambdaForm$MH+0x000001b281454000'
Event: 675.739 Thread 0x000001b2ebf55a00 Unloading class 0x000001b28161c000 'jdk/internal/reflect/GeneratedSerializationConstructorAccessor31'
Event: 675.739 Thread 0x000001b2ebf55a00 Unloading class 0x000001b281778800 'jdk/internal/reflect/GeneratedSerializationConstructorAccessor30'
Event: 675.739 Thread 0x000001b2ebf55a00 Unloading class 0x000001b2817f8400 'jdk/internal/reflect/GeneratedSerializationConstructorAccessor29'
Event: 675.739 Thread 0x000001b2ebf55a00 Unloading class 0x000001b281805800 'jdk/internal/reflect/GeneratedSerializationConstructorAccessor28'
Event: 689.816 Thread 0x000001b2ebf55a00 Unloading class 0x000001b281438800 'jdk/internal/reflect/GeneratedSerializationConstructorAccessor34'
Event: 689.816 Thread 0x000001b2ebf55a00 Unloading class 0x000001b28140f000 'jdk/internal/reflect/GeneratedSerializationConstructorAccessor33'
Event: 689.816 Thread 0x000001b2ebf55a00 Unloading class 0x000001b281326800 'jdk/internal/reflect/GeneratedSerializationConstructorAccessor32'

Classes redefined (0 events):
No events

Internal exceptions (20 events):
Event: 677.460 Thread 0x000001b2faeaa550 Exception <a 'java/lang/NoClassDefFoundError'{0x00000000c581a8b8}: liquibase/exception/ChangeLogParseException> (0x00000000c581a8b8) 
thrown [s\open\src\hotspot\share\classfile\systemDictionary.cpp, line 245]
Event: 677.838 Thread 0x000001b2faeaa550 Exception <a 'java/lang/reflect/InvocationTargetException'{0x00000000c573e1f0}> (0x00000000c573e1f0) 
thrown [s\open\src\hotspot\share\runtime\reflection.cpp, line 1121]
Event: 688.125 Thread 0x000001b2c1b2e3d0 Exception <a 'sun/nio/fs/WindowsException'{0x00000000c5669370}> (0x00000000c5669370) 
thrown [s\open\src\hotspot\share\prims\jni.cpp, line 516]
Event: 688.986 Thread 0x000001b2c1b2e3d0 Exception <a 'java/lang/NoClassDefFoundError'{0x00000000c6432140}: org/flywaydb/core/Flyway> (0x00000000c6432140) 
thrown [s\open\src\hotspot\share\oops\constantPool.cpp, line 835]
Event: 688.986 Thread 0x000001b2c1b2e3d0 Exception <a 'java/lang/NoClassDefFoundError'{0x00000000c6432790}: liquibase/integration/spring/SpringLiquibase> (0x00000000c6432790) 
thrown [s\open\src\hotspot\share\oops\constantPool.cpp, line 835]
Event: 688.990 Thread 0x000001b2c1b2e3d0 Exception <a 'java/lang/NoClassDefFoundError'{0x00000000c648ff68}: org/jooq/DSLContext> (0x00000000c648ff68) 
thrown [s\open\src\hotspot\share\oops\constantPool.cpp, line 835]
Event: 688.991 Thread 0x000001b2c1b2e3d0 Exception <a 'java/lang/NoClassDefFoundError'{0x00000000c649eb98}: org/springframework/batch/core/repository/JobRepository> (0x00000000c649eb98) 
thrown [s\open\src\hotspot\share\oops\constantPool.cpp, line 835]
Event: 688.991 Thread 0x000001b2c1b2e3d0 Exception <a 'java/lang/NoClassDefFoundError'{0x00000000c649f1e0}: org/quartz/Scheduler> (0x00000000c649f1e0) 
thrown [s\open\src\hotspot\share\oops\constantPool.cpp, line 835]
Event: 688.991 Thread 0x000001b2c1b2e3d0 Exception <a 'java/lang/NoClassDefFoundError'{0x00000000c649f8d0}: org/springframework/session/jdbc/JdbcIndexedSessionRepository> (0x00000000c649f8d0) 
thrown [s\open\src\hotspot\share\oops\constantPool.cpp, line 835]
Event: 689.156 Thread 0x000001b2c1b2e3d0 Exception <a 'sun/nio/fs/WindowsException'{0x00000000c5ef0f20}> (0x00000000c5ef0f20) 
thrown [s\open\src\hotspot\share\prims\jni.cpp, line 516]
Event: 689.156 Thread 0x000001b2c1b2e3d0 Exception <a 'sun/nio/fs/WindowsException'{0x00000000c5ef1610}> (0x00000000c5ef1610) 
thrown [s\open\src\hotspot\share\prims\jni.cpp, line 516]
Event: 689.157 Thread 0x000001b2c1b2e3d0 Exception <a 'sun/nio/fs/WindowsException'{0x00000000c5ef1cf0}> (0x00000000c5ef1cf0) 
thrown [s\open\src\hotspot\share\prims\jni.cpp, line 516]
Event: 689.189 Thread 0x000001b2c1b2e3d0 Exception <a 'java/io/FileNotFoundException'{0x00000000c5d4b490}> (0x00000000c5d4b490) 
thrown [s\open\src\hotspot\share\prims\jni.cpp, line 516]
Event: 689.243 Thread 0x000001b2c1b2e3d0 Exception <a 'java/io/FileNotFoundException'{0x00000000c5b30c78}> (0x00000000c5b30c78) 
thrown [s\open\src\hotspot\share\prims\jni.cpp, line 516]
Event: 690.033 Thread 0x000001b2c1b2e3d0 Exception <a 'java/lang/reflect/InvocationTargetException'{0x00000000c5820d00}> (0x00000000c5820d00) 
thrown [s\open\src\hotspot\share\runtime\reflection.cpp, line 1121]
Event: 690.036 Thread 0x000001b2c1b2e3d0 Exception <a 'java/lang/reflect/InvocationTargetException'{0x00000000c58314c0}> (0x00000000c58314c0) 
thrown [s\open\src\hotspot\share\runtime\reflection.cpp, line 1121]
Event: 690.041 Thread 0x000001b2c1b2e3d0 Exception <a 'java/lang/reflect/InvocationTargetException'{0x00000000c5840000}> (0x00000000c5840000) 
thrown [s\open\src\hotspot\share\runtime\reflection.cpp, line 1121]
Event: 690.081 Thread 0x000001b2c1b2e3d0 Exception <a 'java/io/FileNotFoundException'{0x00000000c57ecd48}> (0x00000000c57ecd48) 
thrown [s\open\src\hotspot\share\prims\jni.cpp, line 516]
Event: 690.082 Thread 0x000001b2c1b2e3d0 Exception <a 'java/io/FileNotFoundException'{0x00000000c57f81c8}> (0x00000000c57f81c8) 
thrown [s\open\src\hotspot\share\prims\jni.cpp, line 516]
Event: 690.198 Thread 0x000001b2c1b2e3d0 Exception <a 'java/lang/reflect/InvocationTargetException'{0x00000000c64ea648}> (0x00000000c64ea648) 
thrown [s\open\src\hotspot\share\runtime\reflection.cpp, line 1121]

VM Operations (20 events):
Event: 678.078 Executing VM operation: Cleanup done
Event: 688.565 Executing VM operation: G1CollectForAllocation
Event: 688.570 Executing VM operation: G1CollectForAllocation done
Event: 688.664 Executing VM operation: G1Concurrent
Event: 688.679 Executing VM operation: G1Concurrent done
Event: 688.726 Executing VM operation: G1Concurrent
Event: 688.726 Executing VM operation: G1Concurrent done
Event: 688.977 Executing VM operation: G1CollectForAllocation
Event: 688.983 Executing VM operation: G1CollectForAllocation done
Event: 688.994 Executing VM operation: G1CollectForAllocation
Event: 688.998 Executing VM operation: G1CollectForAllocation done
Event: 689.695 Executing VM operation: G1CollectForAllocation
Event: 689.699 Executing VM operation: G1CollectForAllocation done
Event: 689.815 Executing VM operation: G1Concurrent
Event: 689.830 Executing VM operation: G1Concurrent done
Event: 689.881 Executing VM operation: G1Concurrent
Event: 689.881 Executing VM operation: G1Concurrent done
Event: 690.176 Executing VM operation: G1CollectForAllocation
Event: 690.183 Executing VM operation: G1CollectForAllocation done
Event: 690.201 Executing VM operation: G1CollectForAllocation

Events (20 events):
Event: 677.263 loading class sun/net/ConnectionResetException done
Event: 677.270 Thread 0x000001b2c1b2e3d0 Thread exited: 0x000001b2c1b2e3d0
Event: 677.274 Thread 0x000001b2faeab890 Thread exited: 0x000001b2faeab890
Event: 677.274 Thread 0x000001b2faeab3c0 Thread exited: 0x000001b2faeab3c0
Event: 677.274 Thread 0x000001b2faeaaa20 Thread exited: 0x000001b2faeaaa20
Event: 677.785 loading class jdk/internal/loader/BootLoader$PackageHelper
Event: 677.831 loading class jdk/internal/loader/BootLoader$PackageHelper done
Event: 677.839 Thread 0x000001b2faeaa550 Thread exited: 0x000001b2faeaa550
Event: 677.840 Thread 0x000001b2c1b30580 Thread added: 0x000001b2c1b30580
Event: 682.835 Thread 0x000001b2c2497170 Thread exited: 0x000001b2c2497170
Event: 682.835 Thread 0x000001b2c170d130 Thread exited: 0x000001b2c170d130
Event: 688.088 Thread 0x000001b2c1b2e3d0 Thread added: 0x000001b2c1b2e3d0
Event: 688.464 Thread 0x000001b2c1b313f0 Thread added: 0x000001b2c1b313f0
Event: 688.492 Thread 0x000001b2c1b313f0 Thread exited: 0x000001b2c1b313f0
Event: 689.244 Thread 0x000001b2c1b313f0 Thread added: 0x000001b2c1b313f0
Event: 689.244 Thread 0x000001b2c1b2d090 Thread added: 0x000001b2c1b2d090
Event: 689.245 Thread 0x000001b2c1b2aa10 Thread added: 0x000001b2c1b2aa10
Event: 689.506 Thread 0x000001b2c1b2b3b0 Thread added: 0x000001b2c1b2b3b0
Event: 689.521 Thread 0x000001b2ffa3a990 Thread added: 0x000001b2ffa3a990
Event: 689.608 Thread 0x000001b2c1b2da30 Thread added: 0x000001b2c1b2da30


Dynamic libraries:
0x00007ff6482c0000 - 0x00007ff6482d0000 	C:\Program Files\Java\jdk-17\bin\javaw.exe
0x00007fff35300000 - 0x00007fff354f0000 	C:\WINDOWS\SYSTEM32\ntdll.dll
0x00007fff34370000 - 0x00007fff34422000 	C:\WINDOWS\System32\KERNEL32.DLL
0x00007fff32880000 - 0x00007fff32b25000 	C:\WINDOWS\System32\KERNELBASE.dll
0x00007fff32300000 - 0x00007fff323fa000 	C:\WINDOWS\System32\ucrtbase.dll
0x00007fff303b0000 - 0x00007fff303cb000 	C:\Program Files\Java\jdk-17\bin\VCRUNTIME140.dll
0x00007fff27460000 - 0x00007fff27479000 	C:\Program Files\Java\jdk-17\bin\jli.dll
0x00007fff33770000 - 0x00007fff33813000 	C:\WINDOWS\System32\ADVAPI32.dll
0x00007fff33940000 - 0x00007fff339de000 	C:\WINDOWS\System32\msvcrt.dll
0x00007fff339e0000 - 0x00007fff33a77000 	C:\WINDOWS\System32\sechost.dll
0x00007fff33820000 - 0x00007fff3393f000 	C:\WINDOWS\System32\RPCRT4.dll
0x00007fff341d0000 - 0x00007fff34364000 	C:\WINDOWS\System32\USER32.dll
0x00007fff32400000 - 0x00007fff32421000 	C:\WINDOWS\System32\win32u.dll
0x00007fff33af0000 - 0x00007fff33b16000 	C:\WINDOWS\System32\GDI32.dll
0x00007fff19b60000 - 0x00007fff19de4000 	C:\WINDOWS\WinSxS\amd64_microsoft.windows.common-controls_6595b64144ccf1df_6.0.18362.1556_none_9e7e372fe45e41d5\COMCTL32.dll
0x00007fff32580000 - 0x00007fff32718000 	C:\WINDOWS\System32\gdi32full.dll
0x00007fff333b0000 - 0x00007fff336e6000 	C:\WINDOWS\System32\combase.dll
0x00007fff32480000 - 0x00007fff3251e000 	C:\WINDOWS\System32\msvcp_win.dll
0x00007fff32270000 - 0x00007fff322f1000 	C:\WINDOWS\System32\bcryptPrimitives.dll
0x00007fff2c1d0000 - 0x00007fff2c1da000 	C:\WINDOWS\SYSTEM32\VERSION.dll
0x00007fff34e20000 - 0x00007fff34e4e000 	C:\WINDOWS\System32\IMM32.DLL
0x00007fff30320000 - 0x00007fff3032c000 	C:\Program Files\Java\jdk-17\bin\vcruntime140_1.dll
0x00007fff10ab0000 - 0x00007fff10b3e000 	C:\Program Files\Java\jdk-17\bin\msvcp140.dll
0x00007ffeee4b0000 - 0x00007ffeef08e000 	C:\Program Files\Java\jdk-17\bin\server\jvm.dll
0x00007fff34b80000 - 0x00007fff34b88000 	C:\WINDOWS\System32\PSAPI.DLL
0x00007fff1d120000 - 0x00007fff1d129000 	C:\WINDOWS\SYSTEM32\WSOCK32.dll
0x00007fff301f0000 - 0x00007fff30214000 	C:\WINDOWS\SYSTEM32\WINMM.dll
0x00007fff34bf0000 - 0x00007fff34c5f000 	C:\WINDOWS\System32\WS2_32.dll
0x00007fff30190000 - 0x00007fff301bd000 	C:\WINDOWS\SYSTEM32\WINMMBASE.dll
0x00007fff32430000 - 0x00007fff3247a000 	C:\WINDOWS\System32\cfgmgr32.dll
0x00007fff321e0000 - 0x00007fff321f1000 	C:\WINDOWS\System32\kernel.appcore.dll
0x00007fff1c4d0000 - 0x00007fff1c4da000 	C:\Program Files\Java\jdk-17\bin\jimage.dll
0x00007fff1c2a0000 - 0x00007fff1c494000 	C:\WINDOWS\SYSTEM32\DBGHELP.DLL
0x00007fff18bb0000 - 0x00007fff18bda000 	C:\WINDOWS\SYSTEM32\dbgcore.DLL
0x00007fff16000000 - 0x00007fff16025000 	C:\Program Files\Java\jdk-17\bin\java.dll
0x00007fff109d0000 - 0x00007fff10aa7000 	C:\Program Files\Java\jdk-17\bin\jsvml.dll
0x00007fff34430000 - 0x00007fff34b17000 	C:\WINDOWS\System32\SHELL32.dll
0x00007fff33d30000 - 0x00007fff33dd8000 	C:\WINDOWS\System32\shcore.dll
0x00007fff32be0000 - 0x00007fff3335b000 	C:\WINDOWS\System32\windows.storage.dll
0x00007fff32200000 - 0x00007fff3221e000 	C:\WINDOWS\System32\profapi.dll
0x00007fff32220000 - 0x00007fff3226a000 	C:\WINDOWS\System32\powrprof.dll
0x00007fff321b0000 - 0x00007fff321c0000 	C:\WINDOWS\System32\UMPDC.dll
0x00007fff34b20000 - 0x00007fff34b72000 	C:\WINDOWS\System32\shlwapi.dll
0x00007fff33390000 - 0x00007fff333a7000 	C:\WINDOWS\System32\cryptsp.dll
0x00007fff1a5f0000 - 0x00007fff1a609000 	C:\Program Files\Java\jdk-17\bin\net.dll
0x00007fff2b0f0000 - 0x00007fff2b1ea000 	C:\WINDOWS\SYSTEM32\WINHTTP.dll
0x00007fff31990000 - 0x00007fff319f7000 	C:\WINDOWS\system32\mswsock.dll
0x00007fff1a3c0000 - 0x00007fff1a3d6000 	C:\Program Files\Java\jdk-17\bin\nio.dll
0x00007fff1a280000 - 0x00007fff1a298000 	C:\Program Files\Java\jdk-17\bin\zip.dll
0x00007fff1c4c0000 - 0x00007fff1c4ca000 	C:\Program Files\Java\jdk-17\bin\management.dll
0x00007fff1a330000 - 0x00007fff1a33b000 	C:\Program Files\Java\jdk-17\bin\management_ext.dll
0x00007fff15b40000 - 0x00007fff15b56000 	C:\WINDOWS\system32\napinsp.dll
0x00007fff13690000 - 0x00007fff136aa000 	C:\WINDOWS\system32\pnrpnsp.dll
0x00007fff316e0000 - 0x00007fff317ab000 	C:\WINDOWS\SYSTEM32\DNSAPI.dll
0x00007fff34e10000 - 0x00007fff34e18000 	C:\WINDOWS\System32\NSI.dll
0x00007fff316a0000 - 0x00007fff316da000 	C:\WINDOWS\SYSTEM32\IPHLPAPI.DLL
0x00007fff13680000 - 0x00007fff1368e000 	C:\WINDOWS\System32\winrnr.dll
0x00007fff2e8c0000 - 0x00007fff2e8dc000 	C:\WINDOWS\system32\NLAapi.dll
0x00007fff13660000 - 0x00007fff13675000 	C:\WINDOWS\system32\wshbth.dll
0x00007fff2b0b0000 - 0x00007fff2b0ba000 	C:\Windows\System32\rasadhlp.dll
0x00007fff2c620000 - 0x00007fff2c697000 	C:\WINDOWS\System32\fwpuclnt.dll
0x00007fff33360000 - 0x00007fff33386000 	C:\WINDOWS\System32\bcrypt.dll
0x00007fff31510000 - 0x00007fff31543000 	C:\WINDOWS\system32\rsaenh.dll
0x00007fff320d0000 - 0x00007fff320f5000 	C:\WINDOWS\SYSTEM32\USERENV.dll
0x00007fff31b60000 - 0x00007fff31b6c000 	C:\WINDOWS\SYSTEM32\CRYPTBASE.dll
0x00007fff2c790000 - 0x00007fff2c7a6000 	C:\WINDOWS\SYSTEM32\dhcpcsvc6.DLL
0x00007fff2c770000 - 0x00007fff2c78c000 	C:\WINDOWS\SYSTEM32\dhcpcsvc.DLL
0x00007fff17be0000 - 0x00007fff17bee000 	C:\Program Files\Java\jdk-17\bin\sunmscapi.dll
0x00007fff32720000 - 0x00007fff32871000 	C:\WINDOWS\System32\CRYPT32.dll
0x00007fff321c0000 - 0x00007fff321d2000 	C:\WINDOWS\System32\MSASN1.dll
0x00007fff31c70000 - 0x00007fff31c96000 	C:\WINDOWS\SYSTEM32\ncrypt.dll
0x00007fff31c30000 - 0x00007fff31c6b000 	C:\WINDOWS\SYSTEM32\NTASN1.dll
0x00007fff17470000 - 0x00007fff17480000 	C:\Program Files\Java\jdk-17\bin\verify.dll
0x00007fff2e870000 - 0x00007fff2e877000 	C:\WINDOWS\system32\wshunix.dll

dbghelp: loaded successfully - version: 4.0.5 - missing functions: none
symbol engine: initialized successfully - sym options: 0x614 - pdb path: .;C:\Program Files\Java\jdk-17\bin;C:\WINDOWS\SYSTEM32;C:\WINDOWS\WinSxS\amd64_microsoft.windows.common-controls_6595b64144ccf1df_6.0.18362.1556_none_9e7e372fe45e41d5;C:\Program Files\Java\jdk-17\bin\server

VM Arguments:
jvm_args: -Dcom.sun.management.jmxremote -Dcom.sun.management.jmxremote.port=53517 -Dcom.sun.management.jmxremote.authenticate=false -Dcom.sun.management.jmxremote.ssl=false -Djava.rmi.server.hostname=localhost -Dspring.jmx.enabled=true -Dmanagement.endpoints.jmx.exposure.include=* -Dspring.application.admin.enabled=true -XX:TieredStopAtLevel=1 -Dspring.boot.project.name=ApeH-Backend -Dfile.encoding=UTF-8 -Dstdout.encoding=UTF-8 -Dstderr.encoding=UTF-8 -XX:+ShowCodeDetailsInExceptionMessages 
java_command: co.edu.unbosque.apeh.ApehAplication --spring.output.ansi.enabled=always
java_class_path (initial): C:\Users\Lenovo\Desktop\Nueva carpeta\eclipse\Workspace\ApeH-Backend\target\classes;C:\Users\Lenovo\.m2\repository\org\springframework\boot\spring-boot-starter-data-jpa\3.1.2\spring-boot-starter-data-jpa-3.1.2.jar;C:\Users\Lenovo\.m2\repository\org\springframework\boot\spring-boot-starter-aop\3.1.2\spring-boot-starter-aop-3.1.2.jar;C:\Users\Lenovo\.m2\repository\org\aspectj\aspectjweaver\1.9.19\aspectjweaver-1.9.19.jar;C:\Users\Lenovo\.m2\repository\org\hibernate\orm\hibernate-core\6.2.6.Final\hibernate-core-6.2.6.Final.jar;C:\Users\Lenovo\.m2\repository\jakarta\persistence\jakarta.persistence-api\3.1.0\jakarta.persistence-api-3.1.0.jar;C:\Users\Lenovo\.m2\repository\jakarta\transaction\jakarta.transaction-api\2.0.1\jakarta.transaction-api-2.0.1.jar;C:\Users\Lenovo\.m2\repository\org\jboss\logging\jboss-logging\3.5.3.Final\jboss-logging-3.5.3.Final.jar;C:\Users\Lenovo\.m2\repository\org\hibernate\common\hibernate-commons-annotations\6.0.6.Final\hibernate-commons-annotations-6.0.6.Final.jar;C:\Users\Lenovo\.m2\repository\io\smallrye\jandex\3.0.5\jandex-3.0.5.jar;C:\Users\Lenovo\.m2\repository\com\fasterxml\classmate\1.5.1\classmate-1.5.1.jar;C:\Users\Lenovo\.m2\repository\net\bytebuddy\byte-buddy\1.14.5\byte-buddy-1.14.5.jar;C:\Users\Lenovo\.m2\repository\org\glassfish\jaxb\jaxb-runtime\4.0.3\jaxb-runtime-4.0.3.jar;C:\Users\Lenovo\.m2\repository\org\glassfish\jaxb\jaxb-core\4.0.3\jaxb-core-4.0.3.jar;C:\Users\Lenovo\.m2\repository\org\glassfish\jaxb\txw2\4.0.3\txw2-4.0.3.jar;C:\Users\Lenovo\.m2\repository\com\sun\istack\istack-commons-runtime\4.1.2\istack-commons-runtime-4.1.2.jar;C:\Users\Lenovo\.m2\repository\jakarta\inject\jakarta.inject-api\2.0.1\jakarta.inject-api-2.0.1.jar;C:\Users\Lenovo\.m2\repository\org\antlr\antlr4-runtime\4.10.1\antlr4-runtime-4.10.1.jar;C:\Users\Lenovo\.m2\repository\org\springframework\data\spring-data-jpa\3.1.2\spring-data-jpa-3.1.2.jar;C:\Users\Lenovo\.m2\repository\org\springframework\data\spring-data-comm
Launcher Type: SUN_STANDARD

[Global flags]
     intx CICompilerCount                          = 3                                         {product} {ergonomic}
     uint ConcGCThreads                            = 1                                         {product} {ergonomic}
     uint G1ConcRefinementThreads                  = 4                                         {product} {ergonomic}
   size_t G1HeapRegionSize                         = 1048576                                   {product} {ergonomic}
    uintx GCDrainStackTargetSize                   = 64                                        {product} {ergonomic}
   size_t InitialHeapSize                          = 65011712                                  {product} {ergonomic}
     bool ManagementServer                         = true                                      {product} {command line}
   size_t MarkStackSize                            = 4194304                                   {product} {ergonomic}
   size_t MaxHeapSize                              = 1038090240                                {product} {ergonomic}
   size_t MaxNewSize                               = 622854144                                 {product} {ergonomic}
   size_t MinHeapDeltaBytes                        = 1048576                                   {product} {ergonomic}
   size_t MinHeapSize                              = 8388608                                   {product} {ergonomic}
    uintx NonProfiledCodeHeapSize                  = 0                                      {pd product} {ergonomic}
     bool ProfileInterpreter                       = false                                  {pd product} {command line}
    uintx ProfiledCodeHeapSize                     = 0                                      {pd product} {ergonomic}
     bool ShowCodeDetailsInExceptionMessages       = true                                   {manageable} {command line}
   size_t SoftMaxHeapSize                          = 1038090240                             {manageable} {ergonomic}
     intx TieredStopAtLevel                        = 1                                         {product} {command line}
     bool UseCompressedClassPointers               = true                           {product lp64_product} {ergonomic}
     bool UseCompressedOops                        = true                           {product lp64_product} {ergonomic}
     bool UseG1GC                                  = true                                      {product} {ergonomic}
     bool UseLargePagesIndividualAllocation        = false                                  {pd product} {ergonomic}

Logging:
Log output configuration:
 #0: stdout all=warning uptime,level,tags
 #1: stderr all=off uptime,level,tags

Environment Variables:
JAVA_HOME=C:\Program Files\Java\jdk-17
PATH=C:/Users/Lenovo/Desktop/Nueva carpeta/eclipse/sts-4.24.0.RELEASE//plugins/org.eclipse.justj.openjdk.hotspot.jre.full.win32.x86_64_21.0.3.v20240426-1530/jre/bin/server;C:/Users/Lenovo/Desktop/Nueva carpeta/eclipse/sts-4.24.0.RELEASE//plugins/org.eclipse.justj.openjdk.hotspot.jre.full.win32.x86_64_21.0.3.v20240426-1530/jre/bin;C:\Program Files\Common Files\Oracle\Java\javapath;C:\Program Files (x86)\Common Files\Oracle\Java\java8path;C:\Program Files (x86)\Common Files\Oracle\Java\javapath;C:\Program Files (x86)\NVIDIA Corporation\PhysX\Common;C:\WINDOWS\system32;C:\WINDOWS;C:\WINDOWS\System32\Wbem;C:\WINDOWS\System32\WindowsPowerShell\v1.0\;C:\Program Files (x86)\OpenVPN\bin;C:\WINDOWS\System32\OpenSSH\;C:\Program Files (x86)\Brackets\command;C:\Program Files\dotnet\;C:\Program Files\Microsoft SQL Server\130\Tools\Binn\;C:\Program Files (x86)\Git\cmd;C:\Program Files\Java\jdk-17\bin;C:\Users\Lenovo\Documents\apache-maven-3.9.2\bin\bin;C:\Program Files\nodejs\;C:\Users\Lenovo\AppData\Local\Programs\Python\Python38-32;C:\Users\Lenovo\Downloads\PYTHON\Scripts\;C:\Users\Lenovo\Downloads\PYTHON\;C:\Users\Lenovo\AppData\Local\Microsoft\WindowsApps;C:\Users\Lenovo\AppData\Local\Programs\Microsoft VS Code\bin;C:\Program Files\LUA;C:\Program Files (x86)\GnuWin32\bin;C:\Users\Lenovo\Documents\apache-maven-3.9.2\bin;C:\Users\Lenovo\Desktop\Nueva carpeta\Netbeans stuff\IntelliJ IDEA Community Edition 2023.1.2\bin;;C:\Users\Lenovo\Desktop\Nueva carpeta\Netbeans stuff\IntelliJ IDEA 2023.1.2\bin;;C:\MinGW\bin;C:\Users\Lenovo\AppData\Roaming\npm;C:\Users\Lenovo\AppData\Local\Programs\Python\Python38-32;;C:\Users\Lenovo\Desktop\Nueva carpeta\eclipse\sts-4.24.0.RELEASE;
USERNAME=Lenovo
OS=Windows_NT
PROCESSOR_IDENTIFIER=Intel64 Family 6 Model 78 Stepping 3, GenuineIntel



---------------  S Y S T E M  ---------------

OS:
 Windows 10 , 64 bit Build 18362 (10.0.18362.1500)
OS uptime: 1 days 2:40 hours

CPU: total 4 (initial active 4) (2 cores per cpu, 2 threads per core) family 6 model 78 stepping 3 microcode 0xd6, cx8, cmov, fxsr, ht, mmx, 3dnowpref, sse, sse2, sse3, ssse3, sse4.1, sse4.2, popcnt, lzcnt, tsc, tscinvbit, avx, avx2, aes, erms, clmul, bmi1, bmi2, adx, fma, vzeroupper, clflush, clflushopt

Memory: 4k page, system-wide physical 3955M (340M free)
TotalPageFile size 16243M (AvailPageFile size 23M)
current process WorkingSet (physical memory assigned to process): 224M, peak: 224M
current process commit charge ("private bytes"): 257M, peak: 324M

vm_info: Java HotSpot(TM) 64-Bit Server VM (17.0.8+9-LTS-211) for windows-amd64 JRE (17.0.8+9-LTS-211), built on Jun 14 2023 10:34:31 by "mach5one" with MS VC++ 17.1 (VS2022)

END.
