#
# There is insufficient memory for the Java Runtime Environment to continue.
# Native memory allocation (mmap) failed to map 88080384 bytes for G1 virtual space
# Possible reasons:
#   The system is out of physical RAM or swap space
#   The process is running with CompressedOops enabled, and the Java Heap may be blocking the growth of the native heap
# Possible solutions:
#   Reduce memory load on the system
#   Increase physical memory or swap space
#   Check if swap backing store is full
#   Decrease Java heap size (-Xmx/-Xms)
#   Decrease number of Java threads
#   Decrease Java thread stack sizes (-Xss)
#   Set larger code cache with -XX:ReservedCodeCacheSize=
#   JVM is running with Unscaled Compressed Oops mode in which the Java heap is
#     placed in the first 4GB address space. The Java Heap base address is the
#     maximum limit for the native heap growth. Please use -XX:HeapBaseMinAddress
#     to set the Java Heap base and to place the Java Heap above 4GB virtual address.
# This output file may be truncated or incomplete.
#
#  Out of Memory Error (os_windows.cpp:3550), pid=15356, tid=3176
#
# JRE version: Java(TM) SE Runtime Environment (17.0.8+9) (build 17.0.8+9-LTS-211)
# Java VM: Java HotSpot(TM) 64-Bit Server VM (17.0.8+9-LTS-211, mixed mode, sharing, tiered, compressed oops, compressed class ptrs, g1 gc, windows-amd64)
# No core dump will be written. Minidumps are not enabled by default on client versions of Windows
#

---------------  S U M M A R Y ------------

Command Line: -Dmaven.home=EMBEDDED -Dclassworlds.conf=C:\Users\Lenovo\Desktop\Nueva carpeta\eclipse\Workspace\.metadata\.plugins\org.eclipse.m2e.launching\launches\m2conf4910423235314314645.tmp -Dmaven.multiModuleProjectDirectory=C:\Users\Lenovo\Desktop\Nueva carpeta\eclipse\Workspace\ApeH-Backend -Dm2e.build.project.data.socket.port=53646 -Dfile.encoding=UTF-8 -Dstdout.encoding=UTF-8 -Dstderr.encoding=UTF-8 -XX:+ShowCodeDetailsInExceptionMessages org.codehaus.plexus.classworlds.launcher.Launcher -Ppom.xml -B -Dstyle.color=always package

Host: Intel(R) Core(TM) i5-6200U CPU @ 2.30GHz, 4 cores, 3G,  Windows 10 , 64 bit Build 18362 (10.0.18362.1500)
Time: Tue Aug 13 17:02:03 2024 Hora est. Pacífico, Sudamérica elapsed time: 10.519363 seconds (0d 0h 0m 10s)

---------------  T H R E A D  ---------------

Current thread (0x00000161e156daf0):  VMThread "VM Thread" [stack: 0x0000000100c00000,0x0000000100d00000] [id=3176]

Stack: [0x0000000100c00000,0x0000000100d00000]
Native frames: (J=compiled Java code, j=interpreted, Vv=VM code, C=native code)
V  [jvm.dll+0x677d0a]
V  [jvm.dll+0x7d8c54]
V  [jvm.dll+0x7da3fe]
V  [jvm.dll+0x7daa63]
V  [jvm.dll+0x245c5f]
V  [jvm.dll+0x674bb9]
V  [jvm.dll+0x6694f2]
V  [jvm.dll+0x3031d6]
V  [jvm.dll+0x30a756]
V  [jvm.dll+0x359f9e]
V  [jvm.dll+0x35a1cf]
V  [jvm.dll+0x2da3e8]
V  [jvm.dll+0x2d87f5]
V  [jvm.dll+0x2d7dfc]
V  [jvm.dll+0x31b4cb]
V  [jvm.dll+0x7df26b]
V  [jvm.dll+0x7dffa4]
V  [jvm.dll+0x7e04bd]
V  [jvm.dll+0x7e0894]
V  [jvm.dll+0x7e0960]
V  [jvm.dll+0x788bba]
V  [jvm.dll+0x676b35]
C  [ucrtbase.dll+0x210b2]
C  [KERNEL32.DLL+0x17c24]
C  [ntdll.dll+0x6d721]

VM_Operation (0x00000001006f5a80): G1CollectForAllocation, mode: safepoint, requested by thread 0x00000161e14b4690


---------------  P R O C E S S  ---------------

Threads class SMR info:
_java_thread_list=0x00000161fefa7a80, length=17, elements={
0x00000161e14b4690, 0x00000161e1576a20, 0x00000161e15777a0, 0x00000161fc671390,
0x00000161fc672e60, 0x00000161fc673920, 0x00000161fc6796f0, 0x00000161fc682900,
0x00000161fc6852c0, 0x00000161fc691fe0, 0x00000161fc8d5790, 0x00000161fc8dd870,
0x00000161fde6e3b0, 0x00000161fe1efa40, 0x00000161fcb32600, 0x00000161fcb32ad0,
0x00000161fd4687f0
}

Java Threads: ( => current thread )
  0x00000161e14b4690 JavaThread "main" [_thread_blocked, id=11168, stack(0x0000000100600000,0x0000000100700000)]
  0x00000161e1576a20 JavaThread "Reference Handler" daemon [_thread_blocked, id=2468, stack(0x0000000100d00000,0x0000000100e00000)]
  0x00000161e15777a0 JavaThread "Finalizer" daemon [_thread_blocked, id=99124, stack(0x0000000100e00000,0x0000000100f00000)]
  0x00000161fc671390 JavaThread "Signal Dispatcher" daemon [_thread_blocked, id=89112, stack(0x0000000100f00000,0x0000000101000000)]
  0x00000161fc672e60 JavaThread "Attach Listener" daemon [_thread_blocked, id=6580, stack(0x0000000101000000,0x0000000101100000)]
  0x00000161fc673920 JavaThread "Service Thread" daemon [_thread_blocked, id=49436, stack(0x0000000101100000,0x0000000101200000)]
  0x00000161fc6796f0 JavaThread "Monitor Deflation Thread" daemon [_thread_blocked, id=1108, stack(0x0000000101200000,0x0000000101300000)]
  0x00000161fc682900 JavaThread "C2 CompilerThread0" daemon [_thread_in_native, id=11692, stack(0x0000000101300000,0x0000000101400000)]
  0x00000161fc6852c0 JavaThread "C1 CompilerThread0" daemon [_thread_blocked, id=7524, stack(0x0000000101400000,0x0000000101500000)]
  0x00000161fc691fe0 JavaThread "Sweeper thread" daemon [_thread_blocked, id=11492, stack(0x0000000101500000,0x0000000101600000)]
  0x00000161fc8d5790 JavaThread "Notification Thread" daemon [_thread_blocked, id=14896, stack(0x0000000101600000,0x0000000101700000)]
  0x00000161fc8dd870 JavaThread "Common-Cleaner" daemon [_thread_blocked, id=89824, stack(0x0000000101800000,0x0000000101900000)]
  0x00000161fde6e3b0 JavaThread "resolver-1" daemon [_thread_blocked, id=14952, stack(0x0000000101e00000,0x0000000101f00000)]
  0x00000161fe1efa40 JavaThread "resolver-2" daemon [_thread_blocked, id=14972, stack(0x0000000101f00000,0x0000000102000000)]
  0x00000161fcb32600 JavaThread "resolver-3" daemon [_thread_blocked, id=852, stack(0x0000000102000000,0x0000000102100000)]
  0x00000161fcb32ad0 JavaThread "resolver-4" daemon [_thread_blocked, id=16532, stack(0x0000000102100000,0x0000000102200000)]
  0x00000161fd4687f0 JavaThread "C2 CompilerThread1" daemon [_thread_blocked, id=15332, stack(0x0000000101900000,0x0000000101a00000)]

Other Threads:
=>0x00000161e156daf0 VMThread "VM Thread" [stack: 0x0000000100c00000,0x0000000100d00000] [id=3176]
  0x00000161e150a7d0 WatcherThread [stack: 0x0000000101700000,0x0000000101800000] [id=7516]
  0x00000161e14eea30 GCTaskThread "GC Thread#0" [stack: 0x0000000100700000,0x0000000100800000] [id=888]
  0x00000161fd806db0 GCTaskThread "GC Thread#1" [stack: 0x0000000101a00000,0x0000000101b00000] [id=10048]
  0x00000161fdb7a6d0 GCTaskThread "GC Thread#2" [stack: 0x0000000101b00000,0x0000000101c00000] [id=4708]
  0x00000161fdb7b440 GCTaskThread "GC Thread#3" [stack: 0x0000000101c00000,0x0000000101d00000] [id=11172]
  0x00000161e14f8bf0 ConcurrentGCThread "G1 Main Marker" [stack: 0x0000000100800000,0x0000000100900000] [id=14780]
  0x00000161e14fa520 ConcurrentGCThread "G1 Conc#0" [stack: 0x0000000100900000,0x0000000100a00000] [id=98564]
  0x00000161e153a300 ConcurrentGCThread "G1 Refine#0" [stack: 0x0000000100a00000,0x0000000100b00000] [id=3264]
  0x00000161fd606050 ConcurrentGCThread "G1 Refine#1" [stack: 0x0000000101d00000,0x0000000101e00000] [id=99172]
  0x00000161e153ac30 ConcurrentGCThread "G1 Service" [stack: 0x0000000100b00000,0x0000000100c00000] [id=556]

Threads with active compile tasks:
C2 CompilerThread0    10603 6174       4       org.apache.maven.model.inheritance.DefaultInheritanceAssembler$InheritanceModelMerger::mergePluginContainer_Plugins (433 bytes)
C2 CompilerThread1    10604 6205   !   4       sun.nio.cs.StreamDecoder::read (196 bytes)

VM state: at safepoint (normal execution)

VM Mutex/Monitor currently owned by a thread:  ([mutex/lock_event])
[0x00000161e14ae0d0] Threads_lock - owner thread: 0x00000161e156daf0
[0x00000161e14af240] Heap_lock - owner thread: 0x00000161e14b4690

Heap address: 0x00000000c2200000, size: 990 MB, Compressed Oops mode: 32-bit

CDS archive(s) mapped at: [0x0000016180000000-0x0000016180bd0000-0x0000016180bd0000), size 12386304, SharedBaseAddress: 0x0000016180000000, ArchiveRelocationMode: 1.
Compressed class space mapped at: 0x0000016181000000-0x00000161c1000000, reserved size: 1073741824
Narrow klass base: 0x0000016180000000, Narrow klass shift: 0, Narrow klass range: 0x100000000

GC Precious Log:
 CPUs: 4 total, 4 available
 Memory: 3955M
 Large Page Support: Disabled
 NUMA Support: Disabled
 Compressed Oops: Enabled (32-bit)
 Heap Region Size: 1M
 Heap Min Capacity: 8M
 Heap Initial Capacity: 62M
 Heap Max Capacity: 990M
 Pre-touch: Disabled
 Parallel Workers: 4
 Concurrent Workers: 1
 Concurrent Refinement Workers: 4
 Periodic GC: Disabled

Heap:
 garbage-first heap   total 86016K, used 43365K [0x00000000c2200000, 0x0000000100000000)
  region size 1024K, 2 young (2048K), 2 survivors (2048K)
 Metaspace       used 30384K, committed 30656K, reserved 1114112K
  class space    used 3476K, committed 3648K, reserved 1048576K

Heap Regions: E=young(eden), S=young(survivor), O=old, HS=humongous(starts), HC=humongous(continues), CS=collection set, F=free, OA=open archive, CA=closed archive, TAMS=top-at-mark-start (previous, next)
|   0|0x00000000c2200000, 0x00000000c2300000, 0x00000000c2300000|100%| O|  |TAMS 0x00000000c2300000, 0x00000000c2300000| Untracked 
|   1|0x00000000c2300000, 0x00000000c2400000, 0x00000000c2400000|100%| O|  |TAMS 0x00000000c2400000, 0x00000000c2400000| Untracked 
|   2|0x00000000c2400000, 0x00000000c2500000, 0x00000000c2500000|100%| O|  |TAMS 0x00000000c2500000, 0x00000000c2500000| Untracked 
|   3|0x00000000c2500000, 0x00000000c2600000, 0x00000000c2600000|100%|HS|  |TAMS 0x00000000c2500000, 0x00000000c2600000| Complete 
|   4|0x00000000c2600000, 0x00000000c2700000, 0x00000000c2700000|100%| O|  |TAMS 0x00000000c2700000, 0x00000000c2700000| Untracked 
|   5|0x00000000c2700000, 0x00000000c2800000, 0x00000000c2800000|100%| O|  |TAMS 0x00000000c2800000, 0x00000000c2800000| Untracked 
|   6|0x00000000c2800000, 0x00000000c2900000, 0x00000000c2900000|100%| O|  |TAMS 0x00000000c2900000, 0x00000000c2900000| Untracked 
|   7|0x00000000c2900000, 0x00000000c2a00000, 0x00000000c2a00000|100%| O|  |TAMS 0x00000000c2a00000, 0x00000000c2a00000| Untracked 
|   8|0x00000000c2a00000, 0x00000000c2b00000, 0x00000000c2b00000|100%| O|  |TAMS 0x00000000c2b00000, 0x00000000c2b00000| Untracked 
|   9|0x00000000c2b00000, 0x00000000c2c00000, 0x00000000c2c00000|100%| O|  |TAMS 0x00000000c2c00000, 0x00000000c2c00000| Untracked 
|  10|0x00000000c2c00000, 0x00000000c2d00000, 0x00000000c2d00000|100%| O|  |TAMS 0x00000000c2d00000, 0x00000000c2d00000| Untracked 
|  11|0x00000000c2d00000, 0x00000000c2e00000, 0x00000000c2e00000|100%| O|  |TAMS 0x00000000c2e00000, 0x00000000c2e00000| Untracked 
|  12|0x00000000c2e00000, 0x00000000c2f00000, 0x00000000c2f00000|100%| O|  |TAMS 0x00000000c2e00000, 0x00000000c2f00000| Untracked 
|  13|0x00000000c2f00000, 0x00000000c3000000, 0x00000000c3000000|100%| O|  |TAMS 0x00000000c2f00000, 0x00000000c3000000| Untracked 
|  14|0x00000000c3000000, 0x00000000c3100000, 0x00000000c3100000|100%| O|  |TAMS 0x00000000c3000000, 0x00000000c3100000| Untracked 
|  15|0x00000000c3100000, 0x00000000c3200000, 0x00000000c3200000|100%| O|  |TAMS 0x00000000c3100000, 0x00000000c3200000| Untracked 
|  16|0x00000000c3200000, 0x00000000c3300000, 0x00000000c3300000|100%|HS|  |TAMS 0x00000000c3200000, 0x00000000c3300000| Complete 
|  17|0x00000000c3300000, 0x00000000c3400000, 0x00000000c3400000|100%|HC|  |TAMS 0x00000000c3300000, 0x00000000c3400000| Complete 
|  18|0x00000000c3400000, 0x00000000c3500000, 0x00000000c3500000|100%|HS|  |TAMS 0x00000000c3400000, 0x00000000c3500000| Complete 
|  19|0x00000000c3500000, 0x00000000c3600000, 0x00000000c3600000|100%|HC|  |TAMS 0x00000000c3500000, 0x00000000c3600000| Complete 
|  20|0x00000000c3600000, 0x00000000c3700000, 0x00000000c3700000|100%| O|  |TAMS 0x00000000c3600000, 0x00000000c3700000| Untracked 
|  21|0x00000000c3700000, 0x00000000c3800000, 0x00000000c3800000|100%| O|  |TAMS 0x00000000c3700000, 0x00000000c3800000| Untracked 
|  22|0x00000000c3800000, 0x00000000c3900000, 0x00000000c3900000|100%| O|  |TAMS 0x00000000c3800000, 0x00000000c3900000| Untracked 
|  23|0x00000000c3900000, 0x00000000c3a00000, 0x00000000c3a00000|100%| O|  |TAMS 0x00000000c3900000, 0x00000000c3a00000| Untracked 
|  24|0x00000000c3a00000, 0x00000000c3b00000, 0x00000000c3b00000|100%| O|  |TAMS 0x00000000c3a00000, 0x00000000c3b00000| Untracked 
|  25|0x00000000c3b00000, 0x00000000c3c00000, 0x00000000c3c00000|100%| O|  |TAMS 0x00000000c3b00000, 0x00000000c3c00000| Untracked 
|  26|0x00000000c3c00000, 0x00000000c3d00000, 0x00000000c3d00000|100%| O|  |TAMS 0x00000000c3c00000, 0x00000000c3d00000| Untracked 
|  27|0x00000000c3d00000, 0x00000000c3e00000, 0x00000000c3e00000|100%| O|  |TAMS 0x00000000c3d00000, 0x00000000c3e00000| Untracked 
|  28|0x00000000c3e00000, 0x00000000c3f00000, 0x00000000c3f00000|100%| O|  |TAMS 0x00000000c3e00000, 0x00000000c3f00000| Untracked 
|  29|0x00000000c3f00000, 0x00000000c4000000, 0x00000000c4000000|100%| O|  |TAMS 0x00000000c3f00000, 0x00000000c4000000| Untracked 
|  30|0x00000000c4000000, 0x00000000c4100000, 0x00000000c4100000|100%| O|  |TAMS 0x00000000c4000000, 0x00000000c4100000| Untracked 
|  31|0x00000000c4100000, 0x00000000c4180000, 0x00000000c4200000| 50%| O|  |TAMS 0x00000000c4100000, 0x00000000c4180000| Untracked 
|  32|0x00000000c4200000, 0x00000000c4300000, 0x00000000c4300000|100%| O|  |TAMS 0x00000000c4200000, 0x00000000c4300000| Untracked 
|  33|0x00000000c4300000, 0x00000000c4400000, 0x00000000c4400000|100%| O|  |TAMS 0x00000000c4300000, 0x00000000c4400000| Untracked 
|  34|0x00000000c4400000, 0x00000000c4400000, 0x00000000c4500000|  0%| F|  |TAMS 0x00000000c4400000, 0x00000000c4400000| Untracked 
|  35|0x00000000c4500000, 0x00000000c4600000, 0x00000000c4600000|100%| O|  |TAMS 0x00000000c4500000, 0x00000000c4600000| Untracked 
|  36|0x00000000c4600000, 0x00000000c4700000, 0x00000000c4700000|100%| O|  |TAMS 0x00000000c4600000, 0x00000000c4700000| Untracked 
|  37|0x00000000c4700000, 0x00000000c4800000, 0x00000000c4800000|100%| O|  |TAMS 0x00000000c4700000, 0x00000000c4800000| Untracked 
|  38|0x00000000c4800000, 0x00000000c4900000, 0x00000000c4900000|100%| O|  |TAMS 0x00000000c4800000, 0x00000000c4900000| Untracked 
|  39|0x00000000c4900000, 0x00000000c4a00000, 0x00000000c4a00000|100%| O|  |TAMS 0x00000000c4900000, 0x00000000c4a00000| Untracked 
|  40|0x00000000c4a00000, 0x00000000c4b00000, 0x00000000c4b00000|100%| O|  |TAMS 0x00000000c4a00000, 0x00000000c4b00000| Untracked 
|  41|0x00000000c4b00000, 0x00000000c4c00000, 0x00000000c4c00000|100%| O|  |TAMS 0x00000000c4b00000, 0x00000000c4c00000| Untracked 
|  42|0x00000000c4c00000, 0x00000000c4c00000, 0x00000000c4d00000|  0%| F|  |TAMS 0x00000000c4c00000, 0x00000000c4c00000| Untracked 
|  43|0x00000000c4d00000, 0x00000000c4d00000, 0x00000000c4e00000|  0%| F|  |TAMS 0x00000000c4d00000, 0x00000000c4d00000| Untracked 
|  44|0x00000000c4e00000, 0x00000000c4e00000, 0x00000000c4f00000|  0%| F|  |TAMS 0x00000000c4e00000, 0x00000000c4e00000| Untracked 
|  45|0x00000000c4f00000, 0x00000000c4f00000, 0x00000000c5000000|  0%| F|  |TAMS 0x00000000c4f00000, 0x00000000c4f00000| Untracked 
|  46|0x00000000c5000000, 0x00000000c5000000, 0x00000000c5100000|  0%| F|  |TAMS 0x00000000c5000000, 0x00000000c5000000| Untracked 
|  47|0x00000000c5100000, 0x00000000c5100000, 0x00000000c5200000|  0%| F|  |TAMS 0x00000000c5100000, 0x00000000c5100000| Untracked 
|  48|0x00000000c5200000, 0x00000000c5200000, 0x00000000c5300000|  0%| F|  |TAMS 0x00000000c5200000, 0x00000000c5200000| Untracked 
|  49|0x00000000c5300000, 0x00000000c5300000, 0x00000000c5400000|  0%| F|  |TAMS 0x00000000c5300000, 0x00000000c5300000| Untracked 
|  50|0x00000000c5400000, 0x00000000c5400000, 0x00000000c5500000|  0%| F|  |TAMS 0x00000000c5400000, 0x00000000c5400000| Untracked 
|  51|0x00000000c5500000, 0x00000000c5500000, 0x00000000c5600000|  0%| F|  |TAMS 0x00000000c5500000, 0x00000000c5500000| Untracked 
|  52|0x00000000c5600000, 0x00000000c5600000, 0x00000000c5700000|  0%| F|  |TAMS 0x00000000c5600000, 0x00000000c5600000| Untracked 
|  53|0x00000000c5700000, 0x00000000c5700000, 0x00000000c5800000|  0%| F|  |TAMS 0x00000000c5700000, 0x00000000c5700000| Untracked 
|  54|0x00000000c5800000, 0x00000000c5800000, 0x00000000c5900000|  0%| F|  |TAMS 0x00000000c5800000, 0x00000000c5800000| Untracked 
|  55|0x00000000c5900000, 0x00000000c5900000, 0x00000000c5a00000|  0%| F|  |TAMS 0x00000000c5900000, 0x00000000c5900000| Untracked 
|  56|0x00000000c5a00000, 0x00000000c5a00000, 0x00000000c5b00000|  0%| F|  |TAMS 0x00000000c5a00000, 0x00000000c5a00000| Untracked 
|  57|0x00000000c5b00000, 0x00000000c5b00000, 0x00000000c5c00000|  0%| F|  |TAMS 0x00000000c5b00000, 0x00000000c5b00000| Untracked 
|  58|0x00000000c5c00000, 0x00000000c5c00000, 0x00000000c5d00000|  0%| F|  |TAMS 0x00000000c5c00000, 0x00000000c5c00000| Untracked 
|  59|0x00000000c5d00000, 0x00000000c5d00000, 0x00000000c5e00000|  0%| F|  |TAMS 0x00000000c5d00000, 0x00000000c5d00000| Untracked 
|  60|0x00000000c5e00000, 0x00000000c5ed9648, 0x00000000c5f00000| 84%| S|CS|TAMS 0x00000000c5e00000, 0x00000000c5e00000| Complete 
|  61|0x00000000c5f00000, 0x00000000c6000000, 0x00000000c6000000|100%| S|CS|TAMS 0x00000000c5f00000, 0x00000000c5f00000| Complete 
|  62|0x00000000c6000000, 0x00000000c6000000, 0x00000000c6100000|  0%| F|  |TAMS 0x00000000c6000000, 0x00000000c6000000| Untracked 
|  63|0x00000000c6100000, 0x00000000c6100000, 0x00000000c6200000|  0%| F|  |TAMS 0x00000000c6100000, 0x00000000c6100000| Untracked 
|  64|0x00000000c6200000, 0x00000000c6200000, 0x00000000c6300000|  0%| F|  |TAMS 0x00000000c6200000, 0x00000000c6200000| Untracked 
|  65|0x00000000c6300000, 0x00000000c6300000, 0x00000000c6400000|  0%| F|  |TAMS 0x00000000c6300000, 0x00000000c6300000| Untracked 
|  66|0x00000000c6400000, 0x00000000c6400000, 0x00000000c6500000|  0%| F|  |TAMS 0x00000000c6400000, 0x00000000c6400000| Untracked 
|  67|0x00000000c6500000, 0x00000000c6500000, 0x00000000c6600000|  0%| F|  |TAMS 0x00000000c6500000, 0x00000000c6500000| Untracked 
|  68|0x00000000c6600000, 0x00000000c6600000, 0x00000000c6700000|  0%| F|  |TAMS 0x00000000c6600000, 0x00000000c6600000| Untracked 
|  69|0x00000000c6700000, 0x00000000c6700000, 0x00000000c6800000|  0%| F|  |TAMS 0x00000000c6700000, 0x00000000c6700000| Untracked 
|  70|0x00000000c6800000, 0x00000000c6800000, 0x00000000c6900000|  0%| F|  |TAMS 0x00000000c6800000, 0x00000000c6800000| Untracked 
|  71|0x00000000c6900000, 0x00000000c6900000, 0x00000000c6a00000|  0%| F|  |TAMS 0x00000000c6900000, 0x00000000c6900000| Untracked 
|  72|0x00000000c6a00000, 0x00000000c6a00000, 0x00000000c6b00000|  0%| F|  |TAMS 0x00000000c6a00000, 0x00000000c6a00000| Untracked 
|  73|0x00000000c6b00000, 0x00000000c6b00000, 0x00000000c6c00000|  0%| F|  |TAMS 0x00000000c6b00000, 0x00000000c6b00000| Untracked 
|  74|0x00000000c6c00000, 0x00000000c6c00000, 0x00000000c6d00000|  0%| F|  |TAMS 0x00000000c6c00000, 0x00000000c6c00000| Untracked 
|  75|0x00000000c6d00000, 0x00000000c6d00000, 0x00000000c6e00000|  0%| F|  |TAMS 0x00000000c6d00000, 0x00000000c6d00000| Untracked 
|  76|0x00000000c6e00000, 0x00000000c6e00000, 0x00000000c6f00000|  0%| F|  |TAMS 0x00000000c6e00000, 0x00000000c6e00000| Untracked 
|  77|0x00000000c6f00000, 0x00000000c6f00000, 0x00000000c7000000|  0%| F|  |TAMS 0x00000000c6f00000, 0x00000000c6f00000| Untracked 
|  78|0x00000000c7000000, 0x00000000c7000000, 0x00000000c7100000|  0%| F|  |TAMS 0x00000000c7000000, 0x00000000c7000000| Untracked 
|  79|0x00000000c7100000, 0x00000000c7100000, 0x00000000c7200000|  0%| F|  |TAMS 0x00000000c7100000, 0x00000000c7100000| Untracked 
|  80|0x00000000c7200000, 0x00000000c7200000, 0x00000000c7300000|  0%| F|  |TAMS 0x00000000c7200000, 0x00000000c7200000| Untracked 
|  81|0x00000000c7300000, 0x00000000c7300000, 0x00000000c7400000|  0%| F|  |TAMS 0x00000000c7300000, 0x00000000c7300000| Untracked 
|  82|0x00000000c7400000, 0x00000000c7400000, 0x00000000c7500000|  0%| F|  |TAMS 0x00000000c7400000, 0x00000000c7400000| Untracked 
|  83|0x00000000c7500000, 0x00000000c7500000, 0x00000000c7600000|  0%| F|  |TAMS 0x00000000c7500000, 0x00000000c7500000| Untracked 

Card table byte_map: [0x00000161f7f40000,0x00000161f8130000] _byte_map_base: 0x00000161f792f000

Marking Bits (Prev, Next): (CMBitMap*) 0x00000161e14eef90, (CMBitMap*) 0x00000161e14eef50
 Prev Bits: [0x00000161f92a0000, 0x00000161fa218000)
 Next Bits: [0x00000161f8320000, 0x00000161f9298000)

Polling page: 0x00000161df3a0000

Metaspace:

Usage:
  Non-class:     26.28 MB used.
      Class:      3.40 MB used.
       Both:     29.67 MB used.

Virtual space:
  Non-class space:       64.00 MB reserved,      26.38 MB ( 41%) committed,  1 nodes.
      Class space:        1.00 GB reserved,       3.56 MB ( <1%) committed,  1 nodes.
             Both:        1.06 GB reserved,      29.94 MB (  3%) committed. 

Chunk freelists:
   Non-Class:  5.56 MB
       Class:  12.38 MB
        Both:  17.94 MB

MaxMetaspaceSize: unlimited
CompressedClassSpaceSize: 1.00 GB
Initial GC threshold: 21.00 MB
Current GC threshold: 31.38 MB
CDS: on
MetaspaceReclaimPolicy: balanced
 - commit_granule_bytes: 65536.
 - commit_granule_words: 8192.
 - virtual_space_node_default_size: 8388608.
 - enlarge_chunks_in_place: 1.
 - new_chunks_are_fully_committed: 0.
 - uncommit_free_chunks: 1.
 - use_allocation_guard: 0.
 - handle_deallocations: 1.


Internal statistics:

num_allocs_failed_limit: 0.
num_arena_births: 178.
num_arena_deaths: 0.
num_vsnodes_births: 2.
num_vsnodes_deaths: 0.
num_space_committed: 479.
num_space_uncommitted: 0.
num_chunks_returned_to_freelist: 0.
num_chunks_taken_from_freelist: 1256.
num_chunk_merges: 0.
num_chunk_splits: 855.
num_chunks_enlarged: 666.
num_purges: 0.
num_inconsistent_stats: 0.

CodeHeap 'non-profiled nmethods': size=120000Kb used=2964Kb max_used=3052Kb free=117035Kb
 bounds [0x00000161f0820000, 0x00000161f0b40000, 0x00000161f7d50000]
CodeHeap 'profiled nmethods': size=120000Kb used=11051Kb max_used=11802Kb free=108948Kb
 bounds [0x00000161e8d50000, 0x00000161e98e0000, 0x00000161f0280000]
CodeHeap 'non-nmethods': size=5760Kb used=1223Kb max_used=1298Kb free=4536Kb
 bounds [0x00000161f0280000, 0x00000161f04f0000, 0x00000161f0820000]
 total_blobs=5884 nmethods=5357 adapters=439
 compilation: enabled
              stopped_count=0, restarted_count=0
 full_count=0

Compilation events (20 events):
Event: 10.443 Thread 0x00000161fc6852c0 6206       3       java.io.File::<init> (47 bytes)
Event: 10.443 Thread 0x00000161fc6852c0 nmethod 6206 0x00000161e9883790 code [0x00000161e9883960, 0x00000161e9883d08]
Event: 10.446 Thread 0x00000161fc6852c0 6207   !   3       sun.net.www.protocol.jar.JarFileFactory::getCachedJarFile (149 bytes)
Event: 10.447 Thread 0x00000161fd4687f0 nmethod 6194 0x00000161f08c5d10 code [0x00000161f08c5f20, 0x00000161f08c7848]
Event: 10.447 Thread 0x00000161fd4687f0 6205   !   4       sun.nio.cs.StreamDecoder::read (196 bytes)
Event: 10.447 Thread 0x00000161fc6852c0 nmethod 6207 0x00000161e9882010 code [0x00000161e98822c0, 0x00000161e98832a8]
Event: 10.458 Thread 0x00000161fc6852c0 6208       3       java.util.zip.ZipFile$Source$Key::hashCode (46 bytes)
Event: 10.459 Thread 0x00000161fc6852c0 nmethod 6208 0x00000161e9881810 code [0x00000161e9881a00, 0x00000161e9881e18]
Event: 10.462 Thread 0x00000161fc6852c0 6209  s    3       java.io.ByteArrayInputStream::read (73 bytes)
Event: 10.463 Thread 0x00000161fc6852c0 nmethod 6209 0x00000161e9880e90 code [0x00000161e9881080, 0x00000161e9881678]
Event: 10.467 Thread 0x00000161fc6852c0 6211       3       org.eclipse.sisu.space.asm.ClassReader::readMethod (1055 bytes)
Event: 10.475 Thread 0x00000161fc6852c0 nmethod 6211 0x00000161e8d9b010 code [0x00000161e8d9b760, 0x00000161e8d9faa8]
Event: 10.475 Thread 0x00000161fc6852c0 6212       3       org.eclipse.sisu.space.asm.ClassVisitor::visitMethod (24 bytes)
Event: 10.475 Thread 0x00000161fc6852c0 nmethod 6212 0x00000161e8d9aa90 code [0x00000161e8d9ac40, 0x00000161e8d9ae88]
Event: 10.475 Thread 0x00000161fc6852c0 6214       3       sun.nio.fs.WindowsPath::checkRead (17 bytes)
Event: 10.475 Thread 0x00000161fc6852c0 nmethod 6214 0x00000161e9880590 code [0x00000161e9880740, 0x00000161e9880ae8]
Event: 10.475 Thread 0x00000161fc6852c0 6213       3       java.util.Collections$SetFromMap::<init> (39 bytes)
Event: 10.476 Thread 0x00000161fc6852c0 nmethod 6213 0x00000161e92aa790 code [0x00000161e92aa980, 0x00000161e92aaf08]
Event: 10.480 Thread 0x00000161fc6852c0 6215       3       java.lang.StackTraceElement::of (68 bytes)
Event: 10.480 Thread 0x00000161fc6852c0 nmethod 6215 0x00000161e92a9d10 code [0x00000161e92a9f00, 0x00000161e92aa558]

GC Heap History (20 events):
Event: 3.907 GC heap after
{Heap after GC invocations=4 (full 0):
 garbage-first heap   total 63488K, used 8556K [0x00000000c2200000, 0x0000000100000000)
  region size 1024K, 5 young (5120K), 5 survivors (5120K)
 Metaspace       used 16486K, committed 16640K, reserved 1114112K
  class space    used 1974K, committed 2048K, reserved 1048576K
}
Event: 4.695 GC heap before
{Heap before GC invocations=4 (full 0):
 garbage-first heap   total 63488K, used 41324K [0x00000000c2200000, 0x0000000100000000)
  region size 1024K, 37 young (37888K), 5 survivors (5120K)
 Metaspace       used 17475K, committed 17728K, reserved 1114112K
  class space    used 2051K, committed 2176K, reserved 1048576K
}
Event: 4.715 GC heap after
{Heap after GC invocations=5 (full 0):
 garbage-first heap   total 63488K, used 13100K [0x00000000c2200000, 0x0000000100000000)
  region size 1024K, 5 young (5120K), 5 survivors (5120K)
 Metaspace       used 17475K, committed 17728K, reserved 1114112K
  class space    used 2051K, committed 2176K, reserved 1048576K
}
Event: 5.345 GC heap before
{Heap before GC invocations=5 (full 0):
 garbage-first heap   total 63488K, used 43820K [0x00000000c2200000, 0x0000000100000000)
  region size 1024K, 35 young (35840K), 5 survivors (5120K)
 Metaspace       used 17804K, committed 17984K, reserved 1114112K
  class space    used 2055K, committed 2176K, reserved 1048576K
}
Event: 5.358 GC heap after
{Heap after GC invocations=6 (full 0):
 garbage-first heap   total 63488K, used 14336K [0x00000000c2200000, 0x0000000100000000)
  region size 1024K, 2 young (2048K), 2 survivors (2048K)
 Metaspace       used 17804K, committed 17984K, reserved 1114112K
  class space    used 2055K, committed 2176K, reserved 1048576K
}
Event: 6.120 GC heap before
{Heap before GC invocations=6 (full 0):
 garbage-first heap   total 63488K, used 46080K [0x00000000c2200000, 0x0000000100000000)
  region size 1024K, 26 young (26624K), 2 survivors (2048K)
 Metaspace       used 18912K, committed 19136K, reserved 1114112K
  class space    used 2168K, committed 2304K, reserved 1048576K
}
Event: 6.130 GC heap after
{Heap after GC invocations=7 (full 0):
 garbage-first heap   total 76800K, used 23802K [0x00000000c2200000, 0x0000000100000000)
  region size 1024K, 4 young (4096K), 4 survivors (4096K)
 Metaspace       used 18912K, committed 19136K, reserved 1114112K
  class space    used 2168K, committed 2304K, reserved 1048576K
}
Event: 6.132 GC heap before
{Heap before GC invocations=7 (full 0):
 garbage-first heap   total 76800K, used 36090K [0x00000000c2200000, 0x0000000100000000)
  region size 1024K, 5 young (5120K), 4 survivors (4096K)
 Metaspace       used 18912K, committed 19136K, reserved 1114112K
  class space    used 2168K, committed 2304K, reserved 1048576K
}
Event: 6.138 GC heap after
{Heap after GC invocations=8 (full 0):
 garbage-first heap   total 76800K, used 36424K [0x00000000c2200000, 0x0000000100000000)
  region size 1024K, 2 young (2048K), 2 survivors (2048K)
 Metaspace       used 18912K, committed 19136K, reserved 1114112K
  class space    used 2168K, committed 2304K, reserved 1048576K
}
Event: 6.847 GC heap before
{Heap before GC invocations=9 (full 0):
 garbage-first heap   total 86016K, used 72264K [0x00000000c2200000, 0x0000000100000000)
  region size 1024K, 26 young (26624K), 2 survivors (2048K)
 Metaspace       used 19127K, committed 19392K, reserved 1114112K
  class space    used 2173K, committed 2304K, reserved 1048576K
}
Event: 6.854 GC heap after
{Heap after GC invocations=10 (full 0):
 garbage-first heap   total 86016K, used 17055K [0x00000000c2200000, 0x0000000100000000)
  region size 1024K, 3 young (3072K), 3 survivors (3072K)
 Metaspace       used 19127K, committed 19392K, reserved 1114112K
  class space    used 2173K, committed 2304K, reserved 1048576K
}
Event: 6.874 GC heap before
{Heap before GC invocations=10 (full 0):
 garbage-first heap   total 86016K, used 18079K [0x00000000c2200000, 0x0000000100000000)
  region size 1024K, 4 young (4096K), 3 survivors (3072K)
 Metaspace       used 19140K, committed 19392K, reserved 1114112K
  class space    used 2177K, committed 2304K, reserved 1048576K
}
Event: 6.889 GC heap after
{Heap after GC invocations=11 (full 0):
 garbage-first heap   total 86016K, used 17051K [0x00000000c2200000, 0x0000000100000000)
  region size 1024K, 1 young (1024K), 1 survivors (1024K)
 Metaspace       used 19140K, committed 19392K, reserved 1114112K
  class space    used 2177K, committed 2304K, reserved 1048576K
}
Event: 8.564 GC heap before
{Heap before GC invocations=11 (full 0):
 garbage-first heap   total 86016K, used 71323K [0x00000000c2200000, 0x0000000100000000)
  region size 1024K, 49 young (50176K), 1 survivors (1024K)
 Metaspace       used 27143K, committed 27456K, reserved 1114112K
  class space    used 3114K, committed 3264K, reserved 1048576K
}
Event: 8.582 GC heap after
{Heap after GC invocations=12 (full 0):
 garbage-first heap   total 86016K, used 32768K [0x00000000c2200000, 0x0000000100000000)
  region size 1024K, 7 young (7168K), 7 survivors (7168K)
 Metaspace       used 27143K, committed 27456K, reserved 1114112K
  class space    used 3114K, committed 3264K, reserved 1048576K
}
Event: 9.455 GC heap before
{Heap before GC invocations=12 (full 0):
 garbage-first heap   total 86016K, used 60416K [0x00000000c2200000, 0x0000000100000000)
  region size 1024K, 35 young (35840K), 7 survivors (7168K)
 Metaspace       used 28572K, committed 28928K, reserved 1114112K
  class space    used 3264K, committed 3456K, reserved 1048576K
}
Event: 9.473 GC heap after
{Heap after GC invocations=13 (full 0):
 garbage-first heap   total 86016K, used 40889K [0x00000000c2200000, 0x0000000100000000)
  region size 1024K, 5 young (5120K), 5 survivors (5120K)
 Metaspace       used 28572K, committed 28928K, reserved 1114112K
  class space    used 3264K, committed 3456K, reserved 1048576K
}
Event: 10.046 GC heap before
{Heap before GC invocations=13 (full 0):
 garbage-first heap   total 86016K, used 61369K [0x00000000c2200000, 0x0000000100000000)
  region size 1024K, 26 young (26624K), 5 survivors (5120K)
 Metaspace       used 30051K, committed 30400K, reserved 1114112K
  class space    used 3456K, committed 3648K, reserved 1048576K
}
Event: 10.059 GC heap after
{Heap after GC invocations=14 (full 0):
 garbage-first heap   total 86016K, used 42395K [0x00000000c2200000, 0x0000000100000000)
  region size 1024K, 1 young (1024K), 1 survivors (1024K)
 Metaspace       used 30051K, committed 30400K, reserved 1114112K
  class space    used 3456K, committed 3648K, reserved 1048576K
}
Event: 10.494 GC heap before
{Heap before GC invocations=14 (full 0):
 garbage-first heap   total 86016K, used 62875K [0x00000000c2200000, 0x0000000100000000)
  region size 1024K, 22 young (22528K), 1 survivors (1024K)
 Metaspace       used 30384K, committed 30656K, reserved 1114112K
  class space    used 3476K, committed 3648K, reserved 1048576K
}

Deoptimization events (20 events):
Event: 10.000 Thread 0x00000161e14b4690 DEOPT PACKING pc=0x00000161f09cb1c8 sp=0x00000001006fd960
Event: 10.000 Thread 0x00000161e14b4690 DEOPT UNPACKING pc=0x00000161f02d23a3 sp=0x00000001006fd8f0 mode 2
Event: 10.161 Thread 0x00000161e14b4690 DEOPT PACKING pc=0x00000161e984b83c sp=0x00000001006fb200
Event: 10.161 Thread 0x00000161e14b4690 DEOPT UNPACKING pc=0x00000161f02d2b43 sp=0x00000001006fa780 mode 0
Event: 10.337 Thread 0x00000161e14b4690 Uncommon trap: trap_request=0xffffff45 fr.pc=0x00000161f099c7a4 relative=0x0000000000000864
Event: 10.337 Thread 0x00000161e14b4690 Uncommon trap: reason=unstable_if action=reinterpret pc=0x00000161f099c7a4 method=org.apache.maven.model.interpolation.StringVisitorModelInterpolator$ModelVisitor.visit(Lorg/apache/maven/model/Dependency;)V @ 159 c2
Event: 10.337 Thread 0x00000161e14b4690 DEOPT PACKING pc=0x00000161f099c7a4 sp=0x00000001006fb850
Event: 10.337 Thread 0x00000161e14b4690 DEOPT UNPACKING pc=0x00000161f02d23a3 sp=0x00000001006fb808 mode 2
Event: 10.363 Thread 0x00000161e14b4690 Uncommon trap: trap_request=0xffffff45 fr.pc=0x00000161f0a91cdc relative=0x0000000000003c7c
Event: 10.363 Thread 0x00000161e14b4690 Uncommon trap: reason=unstable_if action=reinterpret pc=0x00000161f0a91cdc method=java.util.IdentityHashMap.remove(Ljava/lang/Object;)Ljava/lang/Object; @ 31 c2
Event: 10.363 Thread 0x00000161e14b4690 DEOPT PACKING pc=0x00000161f0a91cdc sp=0x00000001006fd640
Event: 10.363 Thread 0x00000161e14b4690 DEOPT UNPACKING pc=0x00000161f02d23a3 sp=0x00000001006fd530 mode 2
Event: 10.363 Thread 0x00000161e14b4690 Uncommon trap: trap_request=0xffffff45 fr.pc=0x00000161f0aa9c00 relative=0x0000000000003f60
Event: 10.363 Thread 0x00000161e14b4690 Uncommon trap: reason=unstable_if action=reinterpret pc=0x00000161f0aa9c00 method=org.eclipse.aether.util.graph.transformer.ConflictResolver$State.deriveScope(Lorg/eclipse/aether/graph/DependencyNode;Ljava/lang/Object;)Ljava/lang/String; @ 8 c2
Event: 10.363 Thread 0x00000161e14b4690 DEOPT PACKING pc=0x00000161f0aa9c00 sp=0x00000001006fd4e0
Event: 10.363 Thread 0x00000161e14b4690 DEOPT UNPACKING pc=0x00000161f02d23a3 sp=0x00000001006fd450 mode 2
Event: 10.437 Thread 0x00000161e14b4690 DEOPT PACKING pc=0x00000161e961f6cf sp=0x00000001006fcc20
Event: 10.437 Thread 0x00000161e14b4690 DEOPT UNPACKING pc=0x00000161f02d2b43 sp=0x00000001006fc1b0 mode 0
Event: 10.461 Thread 0x00000161e14b4690 DEOPT PACKING pc=0x00000161e984b83c sp=0x00000001006fc580
Event: 10.461 Thread 0x00000161e14b4690 DEOPT UNPACKING pc=0x00000161f02d2b43 sp=0x00000001006fbb00 mode 0

Classes unloaded (0 events):
No events

Classes redefined (0 events):
No events

Internal exceptions (20 events):
Event: 9.955 Thread 0x00000161e14b4690 Exception <a 'sun/nio/fs/WindowsException'{0x00000000c6442d80}> (0x00000000c6442d80) 
thrown [s\open\src\hotspot\share\prims\jni.cpp, line 516]
Event: 9.955 Thread 0x00000161e14b4690 Exception <a 'sun/nio/fs/WindowsException'{0x00000000c6443130}> (0x00000000c6443130) 
thrown [s\open\src\hotspot\share\prims\jni.cpp, line 516]
Event: 9.960 Thread 0x00000161e14b4690 Exception <a 'sun/nio/fs/WindowsException'{0x00000000c64709a8}> (0x00000000c64709a8) 
thrown [s\open\src\hotspot\share\prims\jni.cpp, line 516]
Event: 9.961 Thread 0x00000161e14b4690 Exception <a 'sun/nio/fs/WindowsException'{0x00000000c6470d30}> (0x00000000c6470d30) 
thrown [s\open\src\hotspot\share\prims\jni.cpp, line 516]
Event: 9.961 Thread 0x00000161e14b4690 Exception <a 'sun/nio/fs/WindowsException'{0x00000000c6471d08}> (0x00000000c6471d08) 
thrown [s\open\src\hotspot\share\prims\jni.cpp, line 516]
Event: 9.961 Thread 0x00000161e14b4690 Exception <a 'sun/nio/fs/WindowsException'{0x00000000c6472158}> (0x00000000c6472158) 
thrown [s\open\src\hotspot\share\prims\jni.cpp, line 516]
Event: 9.961 Thread 0x00000161e14b4690 Exception <a 'sun/nio/fs/WindowsException'{0x00000000c6473200}> (0x00000000c6473200) 
thrown [s\open\src\hotspot\share\prims\jni.cpp, line 516]
Event: 9.961 Thread 0x00000161e14b4690 Exception <a 'sun/nio/fs/WindowsException'{0x00000000c64735b0}> (0x00000000c64735b0) 
thrown [s\open\src\hotspot\share\prims\jni.cpp, line 516]
Event: 9.968 Thread 0x00000161e14b4690 Exception <a 'sun/nio/fs/WindowsException'{0x00000000c64ad3a0}> (0x00000000c64ad3a0) 
thrown [s\open\src\hotspot\share\prims\jni.cpp, line 516]
Event: 9.968 Thread 0x00000161e14b4690 Exception <a 'sun/nio/fs/WindowsException'{0x00000000c64ad728}> (0x00000000c64ad728) 
thrown [s\open\src\hotspot\share\prims\jni.cpp, line 516]
Event: 9.968 Thread 0x00000161e14b4690 Exception <a 'sun/nio/fs/WindowsException'{0x00000000c64ae700}> (0x00000000c64ae700) 
thrown [s\open\src\hotspot\share\prims\jni.cpp, line 516]
Event: 9.968 Thread 0x00000161e14b4690 Exception <a 'sun/nio/fs/WindowsException'{0x00000000c64aeb50}> (0x00000000c64aeb50) 
thrown [s\open\src\hotspot\share\prims\jni.cpp, line 516]
Event: 9.968 Thread 0x00000161e14b4690 Exception <a 'sun/nio/fs/WindowsException'{0x00000000c64afbf8}> (0x00000000c64afbf8) 
thrown [s\open\src\hotspot\share\prims\jni.cpp, line 516]
Event: 9.969 Thread 0x00000161e14b4690 Exception <a 'sun/nio/fs/WindowsException'{0x00000000c64affa8}> (0x00000000c64affa8) 
thrown [s\open\src\hotspot\share\prims\jni.cpp, line 516]
Event: 9.972 Thread 0x00000161e14b4690 Exception <a 'sun/nio/fs/WindowsException'{0x00000000c64d6270}> (0x00000000c64d6270) 
thrown [s\open\src\hotspot\share\prims\jni.cpp, line 516]
Event: 9.972 Thread 0x00000161e14b4690 Exception <a 'sun/nio/fs/WindowsException'{0x00000000c64d65f8}> (0x00000000c64d65f8) 
thrown [s\open\src\hotspot\share\prims\jni.cpp, line 516]
Event: 9.972 Thread 0x00000161e14b4690 Exception <a 'sun/nio/fs/WindowsException'{0x00000000c64d75d0}> (0x00000000c64d75d0) 
thrown [s\open\src\hotspot\share\prims\jni.cpp, line 516]
Event: 9.972 Thread 0x00000161e14b4690 Exception <a 'sun/nio/fs/WindowsException'{0x00000000c64d7a20}> (0x00000000c64d7a20) 
thrown [s\open\src\hotspot\share\prims\jni.cpp, line 516]
Event: 9.972 Thread 0x00000161e14b4690 Exception <a 'sun/nio/fs/WindowsException'{0x00000000c64d8ac8}> (0x00000000c64d8ac8) 
thrown [s\open\src\hotspot\share\prims\jni.cpp, line 516]
Event: 9.972 Thread 0x00000161e14b4690 Exception <a 'sun/nio/fs/WindowsException'{0x00000000c64d8e78}> (0x00000000c64d8e78) 
thrown [s\open\src\hotspot\share\prims\jni.cpp, line 516]

VM Operations (20 events):
Event: 8.582 Executing VM operation: G1CollectForAllocation done
Event: 8.956 Executing VM operation: HandshakeAllThreads
Event: 8.956 Executing VM operation: HandshakeAllThreads done
Event: 8.957 Executing VM operation: HandshakeAllThreads
Event: 8.957 Executing VM operation: HandshakeAllThreads done
Event: 8.957 Executing VM operation: HandshakeAllThreads
Event: 8.957 Executing VM operation: HandshakeAllThreads done
Event: 8.973 Executing VM operation: HandshakeAllThreads
Event: 8.973 Executing VM operation: HandshakeAllThreads done
Event: 8.985 Executing VM operation: HandshakeAllThreads
Event: 8.985 Executing VM operation: HandshakeAllThreads done
Event: 9.086 Executing VM operation: HandshakeAllThreads
Event: 9.086 Executing VM operation: HandshakeAllThreads done
Event: 9.166 Executing VM operation: HandshakeAllThreads
Event: 9.167 Executing VM operation: HandshakeAllThreads done
Event: 9.455 Executing VM operation: G1CollectForAllocation
Event: 9.473 Executing VM operation: G1CollectForAllocation done
Event: 10.045 Executing VM operation: G1CollectForAllocation
Event: 10.059 Executing VM operation: G1CollectForAllocation done
Event: 10.493 Executing VM operation: G1CollectForAllocation

Events (20 events):
Event: 9.611 loading class java/util/Vector$1 done
Event: 9.874 loading class java/util/Collections$UnmodifiableSortedSet
Event: 9.874 loading class java/util/Collections$UnmodifiableSortedSet done
Event: 9.880 loading class java/util/IdentityHashMap$EntrySet
Event: 9.880 loading class java/util/IdentityHashMap$EntrySet done
Event: 9.880 loading class java/util/IdentityHashMap$EntryIterator
Event: 9.880 loading class java/util/IdentityHashMap$EntryIterator done
Event: 9.880 loading class java/util/IdentityHashMap$EntryIterator$Entry
Event: 9.880 loading class java/util/IdentityHashMap$EntryIterator$Entry done
Event: 9.894 loading class java/util/regex/Pattern$Caret
Event: 9.894 loading class java/util/regex/Pattern$Caret done
Event: 10.033 loading class java/util/EnumMap$Values
Event: 10.034 loading class java/util/EnumMap$Values done
Event: 10.034 loading class java/util/EnumMap$ValueIterator
Event: 10.034 loading class java/util/EnumMap$EnumMapIterator
Event: 10.034 loading class java/util/EnumMap$EnumMapIterator done
Event: 10.034 loading class java/util/EnumMap$ValueIterator done
Event: 10.034 loading class java/util/WeakHashMap$KeyIterator
Event: 10.034 loading class java/util/WeakHashMap$KeyIterator done
Event: 10.367 Thread 0x00000161fd4687f0 Thread added: 0x00000161fd4687f0


Dynamic libraries:
0x00007ff6482c0000 - 0x00007ff6482d0000 	C:\Program Files\Java\jdk-17\bin\javaw.exe
0x00007fff35300000 - 0x00007fff354f0000 	C:\WINDOWS\SYSTEM32\ntdll.dll
0x00007fff34370000 - 0x00007fff34422000 	C:\WINDOWS\System32\KERNEL32.DLL
0x00007fff32880000 - 0x00007fff32b25000 	C:\WINDOWS\System32\KERNELBASE.dll
0x00007fff32300000 - 0x00007fff323fa000 	C:\WINDOWS\System32\ucrtbase.dll
0x00007fff27460000 - 0x00007fff2747b000 	C:\Program Files\Java\jdk-17\bin\VCRUNTIME140.dll
0x00007fff1c4c0000 - 0x00007fff1c4d9000 	C:\Program Files\Java\jdk-17\bin\jli.dll
0x00007fff33770000 - 0x00007fff33813000 	C:\WINDOWS\System32\ADVAPI32.dll
0x00007fff33940000 - 0x00007fff339de000 	C:\WINDOWS\System32\msvcrt.dll
0x00007fff339e0000 - 0x00007fff33a77000 	C:\WINDOWS\System32\sechost.dll
0x00007fff33820000 - 0x00007fff3393f000 	C:\WINDOWS\System32\RPCRT4.dll
0x00007fff341d0000 - 0x00007fff34364000 	C:\WINDOWS\System32\USER32.dll
0x00007fff32400000 - 0x00007fff32421000 	C:\WINDOWS\System32\win32u.dll
0x00007fff19b60000 - 0x00007fff19de4000 	C:\WINDOWS\WinSxS\amd64_microsoft.windows.common-controls_6595b64144ccf1df_6.0.18362.1556_none_9e7e372fe45e41d5\COMCTL32.dll
0x00007fff33af0000 - 0x00007fff33b16000 	C:\WINDOWS\System32\GDI32.dll
0x00007fff32580000 - 0x00007fff32718000 	C:\WINDOWS\System32\gdi32full.dll
0x00007fff333b0000 - 0x00007fff336e6000 	C:\WINDOWS\System32\combase.dll
0x00007fff32480000 - 0x00007fff3251e000 	C:\WINDOWS\System32\msvcp_win.dll
0x00007fff32270000 - 0x00007fff322f1000 	C:\WINDOWS\System32\bcryptPrimitives.dll
0x00007fff2c1d0000 - 0x00007fff2c1da000 	C:\WINDOWS\SYSTEM32\VERSION.dll
0x00007fff34e20000 - 0x00007fff34e4e000 	C:\WINDOWS\System32\IMM32.DLL
0x00007fff30320000 - 0x00007fff3032c000 	C:\Program Files\Java\jdk-17\bin\vcruntime140_1.dll
0x00007fff10a40000 - 0x00007fff10ace000 	C:\Program Files\Java\jdk-17\bin\msvcp140.dll
0x00007ffeee4b0000 - 0x00007ffeef08e000 	C:\Program Files\Java\jdk-17\bin\server\jvm.dll
0x00007fff34b80000 - 0x00007fff34b88000 	C:\WINDOWS\System32\PSAPI.DLL
0x00007fff1d120000 - 0x00007fff1d129000 	C:\WINDOWS\SYSTEM32\WSOCK32.dll
0x00007fff301f0000 - 0x00007fff30214000 	C:\WINDOWS\SYSTEM32\WINMM.dll
0x00007fff34bf0000 - 0x00007fff34c5f000 	C:\WINDOWS\System32\WS2_32.dll
0x00007fff30190000 - 0x00007fff301bd000 	C:\WINDOWS\SYSTEM32\winmmbase.dll
0x00007fff32430000 - 0x00007fff3247a000 	C:\WINDOWS\System32\cfgmgr32.dll
0x00007fff321e0000 - 0x00007fff321f1000 	C:\WINDOWS\System32\kernel.appcore.dll
0x00007fff17cb0000 - 0x00007fff17cba000 	C:\Program Files\Java\jdk-17\bin\jimage.dll
0x00007fff1c2a0000 - 0x00007fff1c494000 	C:\WINDOWS\SYSTEM32\DBGHELP.DLL
0x00007fff18bb0000 - 0x00007fff18bda000 	C:\WINDOWS\SYSTEM32\dbgcore.DLL
0x00007fff16000000 - 0x00007fff16025000 	C:\Program Files\Java\jdk-17\bin\java.dll
0x00007fff04480000 - 0x00007fff04557000 	C:\Program Files\Java\jdk-17\bin\jsvml.dll
0x00007fff34430000 - 0x00007fff34b17000 	C:\WINDOWS\System32\SHELL32.dll
0x00007fff33d30000 - 0x00007fff33dd8000 	C:\WINDOWS\System32\shcore.dll
0x00007fff32be0000 - 0x00007fff3335b000 	C:\WINDOWS\System32\windows.storage.dll
0x00007fff32200000 - 0x00007fff3221e000 	C:\WINDOWS\System32\profapi.dll
0x00007fff32220000 - 0x00007fff3226a000 	C:\WINDOWS\System32\powrprof.dll
0x00007fff321b0000 - 0x00007fff321c0000 	C:\WINDOWS\System32\UMPDC.dll
0x00007fff34b20000 - 0x00007fff34b72000 	C:\WINDOWS\System32\shlwapi.dll
0x00007fff33390000 - 0x00007fff333a7000 	C:\WINDOWS\System32\cryptsp.dll
0x00007fff15ee0000 - 0x00007fff15ef9000 	C:\Program Files\Java\jdk-17\bin\net.dll
0x00007fff2b0f0000 - 0x00007fff2b1ea000 	C:\WINDOWS\SYSTEM32\WINHTTP.dll
0x00007fff31990000 - 0x00007fff319f7000 	C:\WINDOWS\system32\mswsock.dll
0x00007fff15ec0000 - 0x00007fff15ed6000 	C:\Program Files\Java\jdk-17\bin\nio.dll
0x00007fff15d10000 - 0x00007fff15d28000 	C:\Program Files\Java\jdk-17\bin\zip.dll
0x00007fff14820000 - 0x00007fff14844000 	C:\Users\Lenovo\AppData\Local\Temp\jansi-2.4.1-f282788cbf777103-jansi.dll
0x00007fff17270000 - 0x00007fff17280000 	C:\Program Files\Java\jdk-17\bin\verify.dll
0x00007fff316a0000 - 0x00007fff316da000 	C:\WINDOWS\SYSTEM32\IPHLPAPI.DLL
0x00007fff34e10000 - 0x00007fff34e18000 	C:\WINDOWS\System32\NSI.dll
0x00007fff2c790000 - 0x00007fff2c7a6000 	C:\WINDOWS\SYSTEM32\dhcpcsvc6.DLL
0x00007fff2c770000 - 0x00007fff2c78c000 	C:\WINDOWS\SYSTEM32\dhcpcsvc.DLL
0x00007fff316e0000 - 0x00007fff317ab000 	C:\WINDOWS\SYSTEM32\DNSAPI.dll

dbghelp: loaded successfully - version: 4.0.5 - missing functions: none
symbol engine: initialized successfully - sym options: 0x614 - pdb path: .;C:\Program Files\Java\jdk-17\bin;C:\WINDOWS\SYSTEM32;C:\WINDOWS\WinSxS\amd64_microsoft.windows.common-controls_6595b64144ccf1df_6.0.18362.1556_none_9e7e372fe45e41d5;C:\Program Files\Java\jdk-17\bin\server;C:\Users\Lenovo\AppData\Local\Temp

VM Arguments:
jvm_args: -Dmaven.home=EMBEDDED -Dclassworlds.conf=C:\Users\Lenovo\Desktop\Nueva carpeta\eclipse\Workspace\.metadata\.plugins\org.eclipse.m2e.launching\launches\m2conf4910423235314314645.tmp -Dmaven.multiModuleProjectDirectory=C:\Users\Lenovo\Desktop\Nueva carpeta\eclipse\Workspace\ApeH-Backend -Dm2e.build.project.data.socket.port=53646 -Dfile.encoding=UTF-8 -Dstdout.encoding=UTF-8 -Dstderr.encoding=UTF-8 -XX:+ShowCodeDetailsInExceptionMessages 
java_command: org.codehaus.plexus.classworlds.launcher.Launcher -Ppom.xml -B -Dstyle.color=always package
java_class_path (initial): C:\Users\Lenovo\Desktop\Nueva carpeta\eclipse\sts-4.24.0.RELEASE\plugins\org.eclipse.m2e.maven.runtime_3.9.700.20240602-2313\jars\plexus-classworlds-2.8.0.jar
Launcher Type: SUN_STANDARD

[Global flags]
     intx CICompilerCount                          = 3                                         {product} {ergonomic}
     uint ConcGCThreads                            = 1                                         {product} {ergonomic}
     uint G1ConcRefinementThreads                  = 4                                         {product} {ergonomic}
   size_t G1HeapRegionSize                         = 1048576                                   {product} {ergonomic}
    uintx GCDrainStackTargetSize                   = 64                                        {product} {ergonomic}
   size_t InitialHeapSize                          = 65011712                                  {product} {ergonomic}
   size_t MarkStackSize                            = 4194304                                   {product} {ergonomic}
   size_t MaxHeapSize                              = 1038090240                                {product} {ergonomic}
   size_t MaxNewSize                               = 622854144                                 {product} {ergonomic}
   size_t MinHeapDeltaBytes                        = 1048576                                   {product} {ergonomic}
   size_t MinHeapSize                              = 8388608                                   {product} {ergonomic}
    uintx NonNMethodCodeHeapSize                   = 5832780                                {pd product} {ergonomic}
    uintx NonProfiledCodeHeapSize                  = 122912730                              {pd product} {ergonomic}
    uintx ProfiledCodeHeapSize                     = 122912730                              {pd product} {ergonomic}
    uintx ReservedCodeCacheSize                    = 251658240                              {pd product} {ergonomic}
     bool SegmentedCodeCache                       = true                                      {product} {ergonomic}
     bool ShowCodeDetailsInExceptionMessages       = true                                   {manageable} {command line}
   size_t SoftMaxHeapSize                          = 1038090240                             {manageable} {ergonomic}
     bool UseCompressedClassPointers               = true                           {product lp64_product} {ergonomic}
     bool UseCompressedOops                        = true                           {product lp64_product} {ergonomic}
     bool UseG1GC                                  = true                                      {product} {ergonomic}
     bool UseLargePagesIndividualAllocation        = false                                  {pd product} {ergonomic}

Logging:
Log output configuration:
 #0: stdout all=warning uptime,level,tags
 #1: stderr all=off uptime,level,tags

Environment Variables:
JAVA_HOME=C:\Program Files\Java\jdk-17
PATH=C:/Users/Lenovo/Desktop/Nueva carpeta/eclipse/sts-4.24.0.RELEASE//plugins/org.eclipse.justj.openjdk.hotspot.jre.full.win32.x86_64_21.0.3.v20240426-1530/jre/bin/server;C:/Users/Lenovo/Desktop/Nueva carpeta/eclipse/sts-4.24.0.RELEASE//plugins/org.eclipse.justj.openjdk.hotspot.jre.full.win32.x86_64_21.0.3.v20240426-1530/jre/bin;C:\Program Files\Common Files\Oracle\Java\javapath;C:\Program Files (x86)\Common Files\Oracle\Java\java8path;C:\Program Files (x86)\Common Files\Oracle\Java\javapath;C:\Program Files (x86)\NVIDIA Corporation\PhysX\Common;C:\WINDOWS\system32;C:\WINDOWS;C:\WINDOWS\System32\Wbem;C:\WINDOWS\System32\WindowsPowerShell\v1.0\;C:\Program Files (x86)\OpenVPN\bin;C:\WINDOWS\System32\OpenSSH\;C:\Program Files (x86)\Brackets\command;C:\Program Files\dotnet\;C:\Program Files\Microsoft SQL Server\130\Tools\Binn\;C:\Program Files (x86)\Git\cmd;C:\Program Files\Java\jdk-17\bin;C:\Users\Lenovo\Documents\apache-maven-3.9.2\bin\bin;C:\Program Files\nodejs\;C:\Users\Lenovo\AppData\Local\Programs\Python\Python38-32;C:\Users\Lenovo\Downloads\PYTHON\Scripts\;C:\Users\Lenovo\Downloads\PYTHON\;C:\Users\Lenovo\AppData\Local\Microsoft\WindowsApps;C:\Users\Lenovo\AppData\Local\Programs\Microsoft VS Code\bin;C:\Program Files\LUA;C:\Program Files (x86)\GnuWin32\bin;C:\Users\Lenovo\Documents\apache-maven-3.9.2\bin;C:\Users\Lenovo\Desktop\Nueva carpeta\Netbeans stuff\IntelliJ IDEA Community Edition 2023.1.2\bin;;C:\Users\Lenovo\Desktop\Nueva carpeta\Netbeans stuff\IntelliJ IDEA 2023.1.2\bin;;C:\MinGW\bin;C:\Users\Lenovo\AppData\Roaming\npm;C:\Users\Lenovo\AppData\Local\Programs\Python\Python38-32;;C:\Users\Lenovo\Desktop\Nueva carpeta\eclipse\sts-4.24.0.RELEASE;
USERNAME=Lenovo
OS=Windows_NT
PROCESSOR_IDENTIFIER=Intel64 Family 6 Model 78 Stepping 3, GenuineIntel



---------------  S Y S T E M  ---------------

OS:
 Windows 10 , 64 bit Build 18362 (10.0.18362.1500)
OS uptime: 1 days 2:52 hours

CPU: total 4 (initial active 4) (2 cores per cpu, 2 threads per core) family 6 model 78 stepping 3 microcode 0xd6, cx8, cmov, fxsr, ht, mmx, 3dnowpref, sse, sse2, sse3, ssse3, sse4.1, sse4.2, popcnt, lzcnt, tsc, tscinvbit, avx, avx2, aes, erms, clmul, bmi1, bmi2, adx, fma, vzeroupper, clflush, clflushopt

Memory: 4k page, system-wide physical 3955M (389M free)
TotalPageFile size 16243M (AvailPageFile size 71M)
current process WorkingSet (physical memory assigned to process): 209M, peak: 224M
current process commit charge ("private bytes"): 234M, peak: 318M

vm_info: Java HotSpot(TM) 64-Bit Server VM (17.0.8+9-LTS-211) for windows-amd64 JRE (17.0.8+9-LTS-211), built on Jun 14 2023 10:34:31 by "mach5one" with MS VC++ 17.1 (VS2022)

END.
