#
# There is insufficient memory for the Java Runtime Environment to continue.
# Native memory allocation (mmap) failed to map 65536 bytes for Failed to commit metaspace.
# Possible reasons:
#   The system is out of physical RAM or swap space
#   The process is running with CompressedOops enabled, and the Java Heap may be blocking the growth of the native heap
# Possible solutions:
#   Reduce memory load on the system
#   Increase physical memory or swap space
#   Check if swap backing store is full
#   Decrease Java heap size (-Xmx/-Xms)
#   Decrease number of Java threads
#   Decrease Java thread stack sizes (-Xss)
#   Set larger code cache with -XX:ReservedCodeCacheSize=
#   JVM is running with Unscaled Compressed Oops mode in which the Java heap is
#     placed in the first 4GB address space. The Java Heap base address is the
#     maximum limit for the native heap growth. Please use -XX:HeapBaseMinAddress
#     to set the Java Heap base and to place the Java Heap above 4GB virtual address.
# This output file may be truncated or incomplete.
#
#  Out of Memory Error (virtualSpaceNode.cpp:110), pid=10652, tid=41096
#
# JRE version: Java(TM) SE Runtime Environment (17.0.8+9) (build 17.0.8+9-LTS-211)
# Java VM: Java HotSpot(TM) 64-Bit Server VM (17.0.8+9-LTS-211, mixed mode, emulated-client, sharing, tiered, compressed oops, compressed class ptrs, g1 gc, windows-amd64)
# No core dump will be written. Minidumps are not enabled by default on client versions of Windows
#

---------------  S U M M A R Y ------------

Command Line: -Dcom.sun.management.jmxremote -Dcom.sun.management.jmxremote.port=53601 -Dcom.sun.management.jmxremote.authenticate=false -Dcom.sun.management.jmxremote.ssl=false -Djava.rmi.server.hostname=localhost -Dspring.jmx.enabled=true -Dmanagement.endpoints.jmx.exposure.include=* -Dspring.application.admin.enabled=true -XX:TieredStopAtLevel=1 -Dspring.boot.project.name=ApeH-Backend -Dfile.encoding=UTF-8 -Dstdout.encoding=UTF-8 -Dstderr.encoding=UTF-8 -XX:+ShowCodeDetailsInExceptionMessages co.edu.unbosque.apeh.ApehAplication --spring.output.ansi.enabled=always

Host: Intel(R) Core(TM) i5-6200U CPU @ 2.30GHz, 4 cores, 3G,  Windows 10 , 64 bit Build 18362 (10.0.18362.1500)
Time: Tue Aug 13 16:57:11 2024 Hora est. Pacífico, Sudamérica elapsed time: 2.452112 seconds (0d 0h 0m 2s)

---------------  T H R E A D  ---------------

Current thread (0x0000025ef950e3b0):  JavaThread "restartedMain" [_thread_in_vm, id=41096, stack(0x0000007e9dc00000,0x0000007e9dd00000)]

Stack: [0x0000007e9dc00000,0x0000007e9dd00000]
Native frames: (J=compiled Java code, j=interpreted, Vv=VM code, C=native code)
V  [jvm.dll+0x677d0a]
V  [jvm.dll+0x7d8c54]
V  [jvm.dll+0x7da3fe]
V  [jvm.dll+0x7daa63]
V  [jvm.dll+0x245c5f]
V  [jvm.dll+0x7d4d5b]
V  [jvm.dll+0x61dcf6]
V  [jvm.dll+0x1c0127]
V  [jvm.dll+0x620650]
V  [jvm.dll+0x61e6b6]
V  [jvm.dll+0x628487]
V  [jvm.dll+0x1e9bdd]
V  [jvm.dll+0x1ea1a5]
V  [jvm.dll+0x1eaaeb]
V  [jvm.dll+0x1e02f1]
V  [jvm.dll+0x53ddbc]
V  [jvm.dll+0x753768]
V  [jvm.dll+0x753854]
V  [jvm.dll+0x40ba4f]
V  [jvm.dll+0x411a69]
C  [java.dll+0x17ec]

Java frames: (J=compiled Java code, j=interpreted, Vv=VM code)
J 1209  java.lang.ClassLoader.defineClass1(Ljava/lang/ClassLoader;Ljava/lang/String;[BIILjava/security/ProtectionDomain;Ljava/lang/String;)Ljava/lang/Class; java.base@17.0.8 (0 bytes) @ 0x0000025eecb3aa63 [0x0000025eecb3a9a0+0x00000000000000c3]
J 1254 c1 java.lang.ClassLoader.defineClass(Ljava/lang/String;[BIILjava/security/ProtectionDomain;)Ljava/lang/Class; java.base@17.0.8 (43 bytes) @ 0x0000025eecb50bdc [0x0000025eecb50ae0+0x00000000000000fc]
J 1244 c1 jdk.internal.loader.BuiltinClassLoader.defineClass(Ljava/lang/String;Ljdk/internal/loader/Resource;)Ljava/lang/Class; java.base@17.0.8 (121 bytes) @ 0x0000025eecb4c664 [0x0000025eecb4c1a0+0x00000000000004c4]
J 1231 c1 jdk.internal.loader.BuiltinClassLoader.findClassOnClassPathOrNull(Ljava/lang/String;)Ljava/lang/Class; java.base@17.0.8 (64 bytes) @ 0x0000025eecb465b4 [0x0000025eecb46300+0x00000000000002b4]
J 978 c1 jdk.internal.loader.BuiltinClassLoader.loadClassOrNull(Ljava/lang/String;Z)Ljava/lang/Class; java.base@17.0.8 (143 bytes) @ 0x0000025eecada15c [0x0000025eecad9d00+0x000000000000045c]
J 1155 c1 jdk.internal.loader.ClassLoaders$AppClassLoader.loadClass(Ljava/lang/String;Z)Ljava/lang/Class; java.base@17.0.8 (40 bytes) @ 0x0000025eecb28d24 [0x0000025eecb28be0+0x0000000000000144]
J 1132 c1 java.lang.ClassLoader.loadClass(Ljava/lang/String;)Ljava/lang/Class; java.base@17.0.8 (7 bytes) @ 0x0000025eecb1f464 [0x0000025eecb1f420+0x0000000000000044]
v  ~StubRoutines::call_stub
j  org.springframework.boot.autoconfigure.AutoConfigurationMetadataLoader.loadMetadata(Ljava/util/Properties;)Lorg/springframework/boot/autoconfigure/AutoConfigurationMetadata;+0
j  org.springframework.boot.autoconfigure.AutoConfigurationMetadataLoader.loadMetadata(Ljava/lang/ClassLoader;Ljava/lang/String;)Lorg/springframework/boot/autoconfigure/AutoConfigurationMetadata;+61
j  org.springframework.boot.autoconfigure.AutoConfigurationMetadataLoader.loadMetadata(Ljava/lang/ClassLoader;)Lorg/springframework/boot/autoconfigure/AutoConfigurationMetadata;+3
j  org.springframework.boot.autoconfigure.AutoConfigurationImportSelector$ConfigurationClassFilter.<init>(Ljava/lang/ClassLoader;Ljava/util/List;)V+6
j  org.springframework.boot.autoconfigure.AutoConfigurationImportSelector.getConfigurationClassFilter()Lorg/springframework/boot/autoconfigure/AutoConfigurationImportSelector$ConfigurationClassFilter;+56
j  org.springframework.boot.autoconfigure.AutoConfigurationImportSelector.getAutoConfigurationEntry(Lorg/springframework/core/type/AnnotationMetadata;)Lorg/springframework/boot/autoconfigure/AutoConfigurationImportSelector$AutoConfigurationEntry;+56
j  org.springframework.boot.autoconfigure.AutoConfigurationImportSelector$AutoConfigurationGroup.process(Lorg/springframework/core/type/AnnotationMetadata;Lorg/springframework/context/annotation/DeferredImportSelector;)V+18
j  org.springframework.context.annotation.ConfigurationClassParser$DeferredImportSelectorGrouping.getImports()Ljava/lang/Iterable;+44
j  org.springframework.context.annotation.ConfigurationClassParser$DeferredImportSelectorGroupingHandler.processGroupImports()V+40
j  org.springframework.context.annotation.ConfigurationClassParser$DeferredImportSelectorHandler.process()V+53
j  org.springframework.context.annotation.ConfigurationClassParser.parse(Ljava/util/Set;)V+158
j  org.springframework.context.annotation.ConfigurationClassPostProcessor.processConfigBeanDefinitions(Lorg/springframework/beans/factory/support/BeanDefinitionRegistry;)V+301
j  org.springframework.context.annotation.ConfigurationClassPostProcessor.postProcessBeanDefinitionRegistry(Lorg/springframework/beans/factory/support/BeanDefinitionRegistry;)V+81
j  org.springframework.context.support.PostProcessorRegistrationDelegate.invokeBeanDefinitionRegistryPostProcessors(Ljava/util/Collection;Lorg/springframework/beans/factory/support/BeanDefinitionRegistry;Lorg/springframework/core/metrics/ApplicationStartup;)V+59
j  org.springframework.context.support.PostProcessorRegistrationDelegate.invokeBeanFactoryPostProcessors(Lorg/springframework/beans/factory/config/ConfigurableListableBeanFactory;Ljava/util/List;)V+238
j  org.springframework.context.support.AbstractApplicationContext.invokeBeanFactoryPostProcessors(Lorg/springframework/beans/factory/config/ConfigurableListableBeanFactory;)V+5
j  org.springframework.context.support.AbstractApplicationContext.refresh()V+53
j  org.springframework.boot.web.servlet.context.ServletWebServerApplicationContext.refresh()V+1
j  org.springframework.boot.SpringApplication.refresh(Lorg/springframework/context/ConfigurableApplicationContext;)V+1
j  org.springframework.boot.SpringApplication.refreshContext(Lorg/springframework/context/ConfigurableApplicationContext;)V+16
j  org.springframework.boot.SpringApplication.run([Ljava/lang/String;)Lorg/springframework/context/ConfigurableApplicationContext;+101
j  org.springframework.boot.SpringApplication.run([Ljava/lang/Class;[Ljava/lang/String;)Lorg/springframework/context/ConfigurableApplicationContext;+9
j  org.springframework.boot.SpringApplication.run(Ljava/lang/Class;[Ljava/lang/String;)Lorg/springframework/context/ConfigurableApplicationContext;+9
j  co.edu.unbosque.apeh.ApehAplication.main([Ljava/lang/String;)V+3
v  ~StubRoutines::call_stub
j  jdk.internal.reflect.NativeMethodAccessorImpl.invoke0(Ljava/lang/reflect/Method;Ljava/lang/Object;[Ljava/lang/Object;)Ljava/lang/Object;+0 java.base@17.0.8
j  jdk.internal.reflect.NativeMethodAccessorImpl.invoke(Ljava/lang/Object;[Ljava/lang/Object;)Ljava/lang/Object;+133 java.base@17.0.8
j  jdk.internal.reflect.DelegatingMethodAccessorImpl.invoke(Ljava/lang/Object;[Ljava/lang/Object;)Ljava/lang/Object;+6 java.base@17.0.8
j  java.lang.reflect.Method.invoke(Ljava/lang/Object;[Ljava/lang/Object;)Ljava/lang/Object;+59 java.base@17.0.8
j  org.springframework.boot.devtools.restart.RestartLauncher.run()V+47
v  ~StubRoutines::call_stub

---------------  P R O C E S S  ---------------

Threads class SMR info:
_java_thread_list=0x0000025ef9b966b0, length=22, elements={
0x0000025ee37104f0, 0x0000025ef46903a0, 0x0000025ef4690dc0, 0x0000025ef46978e0,
0x0000025ef46a0fa0, 0x0000025ef46a2870, 0x0000025ef46adec0, 0x0000025ef46ba7b0,
0x0000025ef46a4660, 0x0000025ee37bb4f0, 0x0000025ef48bb8b0, 0x0000025ef48bd1e0,
0x0000025ef490f700, 0x0000025ef9170770, 0x0000025ef915e250, 0x0000025ef916f660,
0x0000025ef91be040, 0x0000025ef924e6d0, 0x0000025ef90d54c0, 0x0000025ef9248310,
0x0000025ef950f6f0, 0x0000025ef950e3b0
}

Java Threads: ( => current thread )
  0x0000025ee37104f0 JavaThread "main" [_thread_blocked, id=11708, stack(0x0000007e9bb00000,0x0000007e9bc00000)]
  0x0000025ef46903a0 JavaThread "Reference Handler" daemon [_thread_blocked, id=80712, stack(0x0000007e9c200000,0x0000007e9c300000)]
  0x0000025ef4690dc0 JavaThread "Finalizer" daemon [_thread_blocked, id=91876, stack(0x0000007e9c300000,0x0000007e9c400000)]
  0x0000025ef46978e0 JavaThread "Signal Dispatcher" daemon [_thread_blocked, id=12840, stack(0x0000007e9c400000,0x0000007e9c500000)]
  0x0000025ef46a0fa0 JavaThread "Attach Listener" daemon [_thread_blocked, id=85596, stack(0x0000007e9c500000,0x0000007e9c600000)]
  0x0000025ef46a2870 JavaThread "Service Thread" daemon [_thread_blocked, id=9716, stack(0x0000007e9c600000,0x0000007e9c700000)]
  0x0000025ef46adec0 JavaThread "Monitor Deflation Thread" daemon [_thread_blocked, id=66488, stack(0x0000007e9c700000,0x0000007e9c800000)]
  0x0000025ef46ba7b0 JavaThread "C1 CompilerThread0" daemon [_thread_blocked, id=18456, stack(0x0000007e9c800000,0x0000007e9c900000)]
  0x0000025ef46a4660 JavaThread "Sweeper thread" daemon [_thread_blocked, id=99432, stack(0x0000007e9c900000,0x0000007e9ca00000)]
  0x0000025ee37bb4f0 JavaThread "Common-Cleaner" daemon [_thread_blocked, id=92100, stack(0x0000007e9ca00000,0x0000007e9cb00000)]
  0x0000025ef48bb8b0 JavaThread "C1 CompilerThread1" daemon [_thread_blocked, id=11092, stack(0x0000007e9cb00000,0x0000007e9cc00000)]
  0x0000025ef48bd1e0 JavaThread "C1 CompilerThread2" daemon [_thread_blocked, id=17156, stack(0x0000007e9cc00000,0x0000007e9cd00000)]
  0x0000025ef490f700 JavaThread "Notification Thread" daemon [_thread_blocked, id=8292, stack(0x0000007e9cd00000,0x0000007e9ce00000)]
  0x0000025ef9170770 JavaThread "RMI TCP Accept-0" daemon [_thread_in_native, id=57060, stack(0x0000007e9ce00000,0x0000007e9cf00000)]
  0x0000025ef915e250 JavaThread "RMI TCP Accept-53601" daemon [_thread_in_native, id=13264, stack(0x0000007e9cf00000,0x0000007e9d000000)]
  0x0000025ef916f660 JavaThread "RMI TCP Accept-0" daemon [_thread_in_native, id=37072, stack(0x0000007e9d000000,0x0000007e9d100000)]
  0x0000025ef91be040 JavaThread "RMI TCP Connection(1)-127.0.0.1" daemon [_thread_in_native, id=8704, stack(0x0000007e9d200000,0x0000007e9d300000)]
  0x0000025ef924e6d0 JavaThread "RMI Scheduler(0)" daemon [_thread_blocked, id=97984, stack(0x0000007e9d300000,0x0000007e9d400000)]
  0x0000025ef90d54c0 JavaThread "RMI TCP Connection(2)-127.0.0.1" daemon [_thread_in_native, id=96852, stack(0x0000007e9d900000,0x0000007e9da00000)]
  0x0000025ef9248310 JavaThread "JMX server connection timeout 21" daemon [_thread_blocked, id=89412, stack(0x0000007e9da00000,0x0000007e9db00000)]
  0x0000025ef950f6f0 JavaThread "Thread-0" [_thread_blocked, id=7372, stack(0x0000007e9db00000,0x0000007e9dc00000)]
=>0x0000025ef950e3b0 JavaThread "restartedMain" [_thread_in_vm, id=41096, stack(0x0000007e9dc00000,0x0000007e9dd00000)]

Other Threads:
  0x0000025ee37ca370 VMThread "VM Thread" [stack: 0x0000007e9c100000,0x0000007e9c200000] [id=8508]
  0x0000025ee375fc20 WatcherThread [stack: 0x0000007e9d100000,0x0000007e9d200000] [id=11760]
  0x0000025ee374be10 GCTaskThread "GC Thread#0" [stack: 0x0000007e9bc00000,0x0000007e9bd00000] [id=8272]
  0x0000025ef91d8c70 GCTaskThread "GC Thread#1" [stack: 0x0000007e9d400000,0x0000007e9d500000] [id=11700]
  0x0000025ef9243c40 GCTaskThread "GC Thread#2" [stack: 0x0000007e9d500000,0x0000007e9d600000] [id=14692]
  0x0000025ef925ed30 GCTaskThread "GC Thread#3" [stack: 0x0000007e9d600000,0x0000007e9d700000] [id=85720]
  0x0000025ee3754fc0 ConcurrentGCThread "G1 Main Marker" [stack: 0x0000007e9bd00000,0x0000007e9be00000] [id=11368]
  0x0000025ee37558e0 ConcurrentGCThread "G1 Conc#0" [stack: 0x0000007e9be00000,0x0000007e9bf00000] [id=100056]
  0x0000025ee3795f00 ConcurrentGCThread "G1 Refine#0" [stack: 0x0000007e9bf00000,0x0000007e9c000000] [id=11392]
  0x0000025ef9243880 ConcurrentGCThread "G1 Refine#1" [stack: 0x0000007e9d700000,0x0000007e9d800000] [id=95024]
  0x0000025ef924eba0 ConcurrentGCThread "G1 Refine#2" [stack: 0x0000007e9d800000,0x0000007e9d900000] [id=8796]
  0x0000025ee3798740 ConcurrentGCThread "G1 Service" [stack: 0x0000007e9c000000,0x0000007e9c100000] [id=60984]

Threads with active compile tasks:

VM state: not at safepoint (normal execution)

VM Mutex/Monitor currently owned by a thread:  ([mutex/lock_event])
[0x0000025ee370c320] Metaspace_lock - owner thread: 0x0000025ef950e3b0

Heap address: 0x00000000c2200000, size: 990 MB, Compressed Oops mode: 32-bit

CDS archive(s) mapped at: [0x0000025e80000000-0x0000025e80bd0000-0x0000025e80bd0000), size 12386304, SharedBaseAddress: 0x0000025e80000000, ArchiveRelocationMode: 1.
Compressed class space mapped at: 0x0000025e81000000-0x0000025ec1000000, reserved size: 1073741824
Narrow klass base: 0x0000025e80000000, Narrow klass shift: 0, Narrow klass range: 0x100000000

GC Precious Log:
 CPUs: 4 total, 4 available
 Memory: 3955M
 Large Page Support: Disabled
 NUMA Support: Disabled
 Compressed Oops: Enabled (32-bit)
 Heap Region Size: 1M
 Heap Min Capacity: 8M
 Heap Initial Capacity: 62M
 Heap Max Capacity: 990M
 Pre-touch: Disabled
 Parallel Workers: 4
 Concurrent Workers: 1
 Concurrent Refinement Workers: 4
 Periodic GC: Disabled

Heap:
 garbage-first heap   total 63488K, used 12266K [0x00000000c2200000, 0x0000000100000000)
  region size 1024K, 7 young (7168K), 5 survivors (5120K)
 Metaspace       used 17737K, committed 17984K, reserved 1114112K
  class space    used 2382K, committed 2496K, reserved 1048576K

Heap Regions: E=young(eden), S=young(survivor), O=old, HS=humongous(starts), HC=humongous(continues), CS=collection set, F=free, OA=open archive, CA=closed archive, TAMS=top-at-mark-start (previous, next)
|   0|0x00000000c2200000, 0x00000000c2300000, 0x00000000c2300000|100%|HS|  |TAMS 0x00000000c2200000, 0x00000000c2200000| Complete 
|   1|0x00000000c2300000, 0x00000000c2400000, 0x00000000c2400000|100%| O|  |TAMS 0x00000000c2300000, 0x00000000c2300000| Untracked 
|   2|0x00000000c2400000, 0x00000000c2500000, 0x00000000c2500000|100%| O|  |TAMS 0x00000000c2400000, 0x00000000c2400000| Untracked 
|   3|0x00000000c2500000, 0x00000000c2600000, 0x00000000c2600000|100%| O|  |TAMS 0x00000000c2500000, 0x00000000c2500000| Untracked 
|   4|0x00000000c2600000, 0x00000000c2700000, 0x00000000c2700000|100%| O|  |TAMS 0x00000000c2600000, 0x00000000c2600000| Untracked 
|   5|0x00000000c2700000, 0x00000000c2800000, 0x00000000c2800000|100%| O|  |TAMS 0x00000000c2700000, 0x00000000c2700000| Untracked 
|   6|0x00000000c2800000, 0x00000000c28ca200, 0x00000000c2900000| 78%| O|  |TAMS 0x00000000c2800000, 0x00000000c2800000| Untracked 
|   7|0x00000000c2900000, 0x00000000c2900000, 0x00000000c2a00000|  0%| F|  |TAMS 0x00000000c2900000, 0x00000000c2900000| Untracked 
|   8|0x00000000c2a00000, 0x00000000c2a00000, 0x00000000c2b00000|  0%| F|  |TAMS 0x00000000c2a00000, 0x00000000c2a00000| Untracked 
|   9|0x00000000c2b00000, 0x00000000c2b00000, 0x00000000c2c00000|  0%| F|  |TAMS 0x00000000c2b00000, 0x00000000c2b00000| Untracked 
|  10|0x00000000c2c00000, 0x00000000c2c00000, 0x00000000c2d00000|  0%| F|  |TAMS 0x00000000c2c00000, 0x00000000c2c00000| Untracked 
|  11|0x00000000c2d00000, 0x00000000c2d00000, 0x00000000c2e00000|  0%| F|  |TAMS 0x00000000c2d00000, 0x00000000c2d00000| Untracked 
|  12|0x00000000c2e00000, 0x00000000c2e00000, 0x00000000c2f00000|  0%| F|  |TAMS 0x00000000c2e00000, 0x00000000c2e00000| Untracked 
|  13|0x00000000c2f00000, 0x00000000c2f00000, 0x00000000c3000000|  0%| F|  |TAMS 0x00000000c2f00000, 0x00000000c2f00000| Untracked 
|  14|0x00000000c3000000, 0x00000000c3000000, 0x00000000c3100000|  0%| F|  |TAMS 0x00000000c3000000, 0x00000000c3000000| Untracked 
|  15|0x00000000c3100000, 0x00000000c3100000, 0x00000000c3200000|  0%| F|  |TAMS 0x00000000c3100000, 0x00000000c3100000| Untracked 
|  16|0x00000000c3200000, 0x00000000c3200000, 0x00000000c3300000|  0%| F|  |TAMS 0x00000000c3200000, 0x00000000c3200000| Untracked 
|  17|0x00000000c3300000, 0x00000000c3300000, 0x00000000c3400000|  0%| F|  |TAMS 0x00000000c3300000, 0x00000000c3300000| Untracked 
|  18|0x00000000c3400000, 0x00000000c3400000, 0x00000000c3500000|  0%| F|  |TAMS 0x00000000c3400000, 0x00000000c3400000| Untracked 
|  19|0x00000000c3500000, 0x00000000c3500000, 0x00000000c3600000|  0%| F|  |TAMS 0x00000000c3500000, 0x00000000c3500000| Untracked 
|  20|0x00000000c3600000, 0x00000000c3600000, 0x00000000c3700000|  0%| F|  |TAMS 0x00000000c3600000, 0x00000000c3600000| Untracked 
|  21|0x00000000c3700000, 0x00000000c3700000, 0x00000000c3800000|  0%| F|  |TAMS 0x00000000c3700000, 0x00000000c3700000| Untracked 
|  22|0x00000000c3800000, 0x00000000c3800000, 0x00000000c3900000|  0%| F|  |TAMS 0x00000000c3800000, 0x00000000c3800000| Untracked 
|  23|0x00000000c3900000, 0x00000000c39306e0, 0x00000000c3a00000| 18%| S|CS|TAMS 0x00000000c3900000, 0x00000000c3900000| Complete 
|  24|0x00000000c3a00000, 0x00000000c3b00000, 0x00000000c3b00000|100%| S|CS|TAMS 0x00000000c3a00000, 0x00000000c3a00000| Complete 
|  25|0x00000000c3b00000, 0x00000000c3c00000, 0x00000000c3c00000|100%| S|CS|TAMS 0x00000000c3b00000, 0x00000000c3b00000| Complete 
|  26|0x00000000c3c00000, 0x00000000c3d00000, 0x00000000c3d00000|100%| S|CS|TAMS 0x00000000c3c00000, 0x00000000c3c00000| Complete 
|  27|0x00000000c3d00000, 0x00000000c3e00000, 0x00000000c3e00000|100%| S|CS|TAMS 0x00000000c3d00000, 0x00000000c3d00000| Complete 
|  28|0x00000000c3e00000, 0x00000000c3e00000, 0x00000000c3f00000|  0%| F|  |TAMS 0x00000000c3e00000, 0x00000000c3e00000| Untracked 
|  29|0x00000000c3f00000, 0x00000000c3f00000, 0x00000000c4000000|  0%| F|  |TAMS 0x00000000c3f00000, 0x00000000c3f00000| Untracked 
|  30|0x00000000c4000000, 0x00000000c4000000, 0x00000000c4100000|  0%| F|  |TAMS 0x00000000c4000000, 0x00000000c4000000| Untracked 
|  31|0x00000000c4100000, 0x00000000c4100000, 0x00000000c4200000|  0%| F|  |TAMS 0x00000000c4100000, 0x00000000c4100000| Untracked 
|  32|0x00000000c4200000, 0x00000000c4200000, 0x00000000c4300000|  0%| F|  |TAMS 0x00000000c4200000, 0x00000000c4200000| Untracked 
|  33|0x00000000c4300000, 0x00000000c4300000, 0x00000000c4400000|  0%| F|  |TAMS 0x00000000c4300000, 0x00000000c4300000| Untracked 
|  34|0x00000000c4400000, 0x00000000c4400000, 0x00000000c4500000|  0%| F|  |TAMS 0x00000000c4400000, 0x00000000c4400000| Untracked 
|  35|0x00000000c4500000, 0x00000000c4500000, 0x00000000c4600000|  0%| F|  |TAMS 0x00000000c4500000, 0x00000000c4500000| Untracked 
|  36|0x00000000c4600000, 0x00000000c4600000, 0x00000000c4700000|  0%| F|  |TAMS 0x00000000c4600000, 0x00000000c4600000| Untracked 
|  37|0x00000000c4700000, 0x00000000c4700000, 0x00000000c4800000|  0%| F|  |TAMS 0x00000000c4700000, 0x00000000c4700000| Untracked 
|  38|0x00000000c4800000, 0x00000000c4800000, 0x00000000c4900000|  0%| F|  |TAMS 0x00000000c4800000, 0x00000000c4800000| Untracked 
|  39|0x00000000c4900000, 0x00000000c4900000, 0x00000000c4a00000|  0%| F|  |TAMS 0x00000000c4900000, 0x00000000c4900000| Untracked 
|  40|0x00000000c4a00000, 0x00000000c4a00000, 0x00000000c4b00000|  0%| F|  |TAMS 0x00000000c4a00000, 0x00000000c4a00000| Untracked 
|  41|0x00000000c4b00000, 0x00000000c4b00000, 0x00000000c4c00000|  0%| F|  |TAMS 0x00000000c4b00000, 0x00000000c4b00000| Untracked 
|  42|0x00000000c4c00000, 0x00000000c4c00000, 0x00000000c4d00000|  0%| F|  |TAMS 0x00000000c4c00000, 0x00000000c4c00000| Untracked 
|  43|0x00000000c4d00000, 0x00000000c4d00000, 0x00000000c4e00000|  0%| F|  |TAMS 0x00000000c4d00000, 0x00000000c4d00000| Untracked 
|  44|0x00000000c4e00000, 0x00000000c4e00000, 0x00000000c4f00000|  0%| F|  |TAMS 0x00000000c4e00000, 0x00000000c4e00000| Untracked 
|  45|0x00000000c4f00000, 0x00000000c4f00000, 0x00000000c5000000|  0%| F|  |TAMS 0x00000000c4f00000, 0x00000000c4f00000| Untracked 
|  46|0x00000000c5000000, 0x00000000c5000000, 0x00000000c5100000|  0%| F|  |TAMS 0x00000000c5000000, 0x00000000c5000000| Untracked 
|  47|0x00000000c5100000, 0x00000000c5100000, 0x00000000c5200000|  0%| F|  |TAMS 0x00000000c5100000, 0x00000000c5100000| Untracked 
|  48|0x00000000c5200000, 0x00000000c5200000, 0x00000000c5300000|  0%| F|  |TAMS 0x00000000c5200000, 0x00000000c5200000| Untracked 
|  49|0x00000000c5300000, 0x00000000c5300000, 0x00000000c5400000|  0%| F|  |TAMS 0x00000000c5300000, 0x00000000c5300000| Untracked 
|  50|0x00000000c5400000, 0x00000000c5400000, 0x00000000c5500000|  0%| F|  |TAMS 0x00000000c5400000, 0x00000000c5400000| Untracked 
|  51|0x00000000c5500000, 0x00000000c5500000, 0x00000000c5600000|  0%| F|  |TAMS 0x00000000c5500000, 0x00000000c5500000| Untracked 
|  52|0x00000000c5600000, 0x00000000c5600000, 0x00000000c5700000|  0%| F|  |TAMS 0x00000000c5600000, 0x00000000c5600000| Untracked 
|  53|0x00000000c5700000, 0x00000000c5700000, 0x00000000c5800000|  0%| F|  |TAMS 0x00000000c5700000, 0x00000000c5700000| Untracked 
|  54|0x00000000c5800000, 0x00000000c5800000, 0x00000000c5900000|  0%| F|  |TAMS 0x00000000c5800000, 0x00000000c5800000| Untracked 
|  55|0x00000000c5900000, 0x00000000c5900000, 0x00000000c5a00000|  0%| F|  |TAMS 0x00000000c5900000, 0x00000000c5900000| Untracked 
|  56|0x00000000c5a00000, 0x00000000c5a00000, 0x00000000c5b00000|  0%| F|  |TAMS 0x00000000c5a00000, 0x00000000c5a00000| Untracked 
|  57|0x00000000c5b00000, 0x00000000c5b00000, 0x00000000c5c00000|  0%| F|  |TAMS 0x00000000c5b00000, 0x00000000c5b00000| Untracked 
|  58|0x00000000c5c00000, 0x00000000c5c00000, 0x00000000c5d00000|  0%| F|  |TAMS 0x00000000c5c00000, 0x00000000c5c00000| Untracked 
|  59|0x00000000c5d00000, 0x00000000c5d00000, 0x00000000c5e00000|  0%| F|  |TAMS 0x00000000c5d00000, 0x00000000c5d00000| Untracked 
|  60|0x00000000c5e00000, 0x00000000c5ee8cc0, 0x00000000c5f00000| 90%| E|  |TAMS 0x00000000c5e00000, 0x00000000c5e00000| Complete 
|  61|0x00000000c5f00000, 0x00000000c6000000, 0x00000000c6000000|100%| E|CS|TAMS 0x00000000c5f00000, 0x00000000c5f00000| Complete 

Card table byte_map: [0x0000025eefdf0000,0x0000025eeffe0000] _byte_map_base: 0x0000025eef7df000

Marking Bits (Prev, Next): (CMBitMap*) 0x0000025ee374c330, (CMBitMap*) 0x0000025ee374c370
 Prev Bits: [0x0000025ef01d0000, 0x0000025ef1148000)
 Next Bits: [0x0000025ef1150000, 0x0000025ef20c8000)

Polling page: 0x0000025ee34e0000

Metaspace:

Usage:
  Non-class:     14.99 MB used.
      Class:      2.33 MB used.
       Both:     17.32 MB used.

Virtual space:
  Non-class space:       64.00 MB reserved,      15.13 MB ( 24%) committed,  1 nodes.
      Class space:        1.00 GB reserved,       2.44 MB ( <1%) committed,  1 nodes.
             Both:        1.06 GB reserved,      17.56 MB (  2%) committed. 

Chunk freelists:
   Non-Class:  432.00 KB
       Class:  13.56 MB
        Both:  13.98 MB

MaxMetaspaceSize: unlimited
CompressedClassSpaceSize: 1.00 GB
Initial GC threshold: 21.00 MB
Current GC threshold: 21.00 MB
CDS: on
MetaspaceReclaimPolicy: balanced
 - commit_granule_bytes: 65536.
 - commit_granule_words: 8192.
 - virtual_space_node_default_size: 8388608.
 - enlarge_chunks_in_place: 1.
 - new_chunks_are_fully_committed: 0.
 - uncommit_free_chunks: 1.
 - use_allocation_guard: 0.
 - handle_deallocations: 1.


Internal statistics:

num_allocs_failed_limit: 0.
num_arena_births: 284.
num_arena_deaths: 0.
num_vsnodes_births: 2.
num_vsnodes_deaths: 0.
num_space_committed: 281.
num_space_uncommitted: 0.
num_chunks_returned_to_freelist: 0.
num_chunks_taken_from_freelist: 791.
num_chunk_merges: 0.
num_chunk_splits: 554.
num_chunks_enlarged: 422.
num_purges: 0.
num_inconsistent_stats: 0.

CodeCache: size=49152Kb used=5824Kb max_used=5824Kb free=43328Kb
 bounds [0x0000025eec760000, 0x0000025eecd10000, 0x0000025eef760000]
 total_blobs=2853 nmethods=2352 adapters=426
 compilation: disabled (not enough contiguous free space left)
              stopped_count=1, restarted_count=0
 full_count=1

Compilation events (20 events):
Event: 2.349 Thread 0x0000025ef48bd1e0 nmethod 2346 0x0000025eecd0bf90 code [0x0000025eecd0c120, 0x0000025eecd0c1e8]
Event: 2.349 Thread 0x0000025ef48bb8b0 nmethod 2345 0x0000025eecd0c290 code [0x0000025eecd0c420, 0x0000025eecd0c4e8]
Event: 2.349 Thread 0x0000025ef48bd1e0 2347   !   1       sun.net.www.ParseUtil::decode (317 bytes)
Event: 2.350 Thread 0x0000025ef46ba7b0 2349       1       org.springframework.util.ClassUtils::resolvePrimitiveClassName (30 bytes)
Event: 2.350 Thread 0x0000025ef48bb8b0 2348   !   1       org.springframework.util.ClassUtils::forName (231 bytes)
Event: 2.350 Thread 0x0000025ef46ba7b0 nmethod 2349 0x0000025eecd0c590 code [0x0000025eecd0c740, 0x0000025eecd0c8c8]
Event: 2.350 Thread 0x0000025ef46ba7b0 2350       1       org.springframework.core.annotation.AbstractMergedAnnotation::<init> (5 bytes)
Event: 2.350 Thread 0x0000025ef46ba7b0 nmethod 2350 0x0000025eecd0ca10 code [0x0000025eecd0cba0, 0x0000025eecd0cc58]
Event: 2.351 Thread 0x0000025ef46ba7b0 2351       1       org.springframework.core.annotation.TypeMappedAnnotation::<init> (15 bytes)
Event: 2.351 Thread 0x0000025ef46ba7b0 nmethod 2351 0x0000025eecd0cd10 code [0x0000025eecd0cea0, 0x0000025eecd0cf88]
Event: 2.351 Thread 0x0000025ef46ba7b0 2352       1       org.springframework.core.annotation.TypeMappedAnnotation::<init> (112 bytes)
Event: 2.351 Thread 0x0000025ef46ba7b0 nmethod 2352 0x0000025eecd0d010 code [0x0000025eecd0d200, 0x0000025eecd0d748]
Event: 2.352 Thread 0x0000025ef46ba7b0 2353       1       java.util.LinkedHashSet::<init> (10 bytes)
Event: 2.353 Thread 0x0000025ef46ba7b0 nmethod 2353 0x0000025eecd0f290 code [0x0000025eecd0f460, 0x0000025eecd0f648]
Event: 2.353 Thread 0x0000025ef46ba7b0 2354       1       java.util.Collections::unmodifiableSet (20 bytes)
Event: 2.353 Thread 0x0000025ef48bb8b0 nmethod 2348 0x0000025eecd0da10 code [0x0000025eecd0dd80, 0x0000025eecd0e898]
Event: 2.353 Thread 0x0000025ef48bb8b0 2355       1       java.util.Collections$UnmodifiableSet::<init> (6 bytes)
Event: 2.354 Thread 0x0000025ef48bb8b0 nmethod 2355 0x0000025eecd0f710 code [0x0000025eecd0f8a0, 0x0000025eecd0fa68]
Event: 2.354 Thread 0x0000025ef46ba7b0 nmethod 2354 0x0000025eecd0fb10 code [0x0000025eecd0fcc0, 0x0000025eecd0ff28]
Event: 2.354 Thread 0x0000025ef48bd1e0 


GC Heap History (8 events):
Event: 0.673 GC heap before
{Heap before GC invocations=0 (full 0):
 garbage-first heap   total 63488K, used 13312K [0x00000000c2200000, 0x0000000100000000)
  region size 1024K, 13 young (13312K), 0 survivors (0K)
 Metaspace       used 5380K, committed 5568K, reserved 1114112K
  class space    used 653K, committed 768K, reserved 1048576K
}
Event: 0.683 GC heap after
{Heap after GC invocations=1 (full 0):
 garbage-first heap   total 63488K, used 6659K [0x00000000c2200000, 0x0000000100000000)
  region size 1024K, 2 young (2048K), 2 survivors (2048K)
 Metaspace       used 5380K, committed 5568K, reserved 1114112K
  class space    used 653K, committed 768K, reserved 1048576K
}
Event: 0.986 GC heap before
{Heap before GC invocations=1 (full 0):
 garbage-first heap   total 63488K, used 14851K [0x00000000c2200000, 0x0000000100000000)
  region size 1024K, 10 young (10240K), 2 survivors (2048K)
 Metaspace       used 7423K, committed 7680K, reserved 1114112K
  class space    used 959K, committed 1088K, reserved 1048576K
}
Event: 0.992 GC heap after
{Heap after GC invocations=2 (full 0):
 garbage-first heap   total 63488K, used 8052K [0x00000000c2200000, 0x0000000100000000)
  region size 1024K, 2 young (2048K), 2 survivors (2048K)
 Metaspace       used 7423K, committed 7680K, reserved 1114112K
  class space    used 959K, committed 1088K, reserved 1048576K
}
Event: 1.521 GC heap before
{Heap before GC invocations=2 (full 0):
 garbage-first heap   total 63488K, used 27508K [0x00000000c2200000, 0x0000000100000000)
  region size 1024K, 21 young (21504K), 2 survivors (2048K)
 Metaspace       used 10641K, committed 10944K, reserved 1114112K
  class space    used 1455K, committed 1600K, reserved 1048576K
}
Event: 1.525 GC heap after
{Heap after GC invocations=3 (full 0):
 garbage-first heap   total 63488K, used 9326K [0x00000000c2200000, 0x0000000100000000)
  region size 1024K, 3 young (3072K), 3 survivors (3072K)
 Metaspace       used 10641K, committed 10944K, reserved 1114112K
  class space    used 1455K, committed 1600K, reserved 1048576K
}
Event: 2.337 GC heap before
{Heap before GC invocations=3 (full 0):
 garbage-first heap   total 63488K, used 40046K [0x00000000c2200000, 0x0000000100000000)
  region size 1024K, 34 young (34816K), 3 survivors (3072K)
 Metaspace       used 17620K, committed 17920K, reserved 1114112K
  class space    used 2368K, committed 2496K, reserved 1048576K
}
Event: 2.343 GC heap after
{Heap after GC invocations=4 (full 0):
 garbage-first heap   total 63488K, used 11242K [0x00000000c2200000, 0x0000000100000000)
  region size 1024K, 5 young (5120K), 5 survivors (5120K)
 Metaspace       used 17620K, committed 17920K, reserved 1114112K
  class space    used 2368K, committed 2496K, reserved 1048576K
}

Deoptimization events (2 events):
Event: 1.751 Thread 0x0000025ef950e3b0 DEOPT PACKING pc=0x0000025eecc9a719 sp=0x0000007e9dcfc7f0
Event: 1.751 Thread 0x0000025ef950e3b0 DEOPT UNPACKING pc=0x0000025eec7b2b43 sp=0x0000007e9dcfbcd0 mode 3

Classes unloaded (0 events):
No events

Classes redefined (0 events):
No events

Internal exceptions (20 events):
Event: 1.478 Thread 0x0000025ef950e3b0 Exception <a 'java/lang/NoSuchMethodError'{0x00000000c4c8a190}: 'void java.lang.invoke.DirectMethodHandle$Holder.invokeStaticInit(java.lang.Object, java.lang.Object)'> (0x00000000c4c8a190) 
thrown [s\open\src\hotspot\share\interpreter\linkResolver.cpp, line 759]
Event: 1.480 Thread 0x0000025ef950e3b0 Exception <a 'java/lang/NoSuchMethodError'{0x00000000c4c98d50}: 'void java.lang.invoke.DirectMethodHandle$Holder.invokeStaticInit(java.lang.Object, java.lang.Object, java.lang.Object)'> (0x00000000c4c98d50) 
thrown [s\open\src\hotspot\share\interpreter\linkResolver.cpp, line 759]
Event: 1.485 Thread 0x0000025ef950e3b0 Exception <a 'java/lang/NoSuchMethodError'{0x00000000c4cd5ed8}: 'java.lang.Object java.lang.invoke.DirectMethodHandle$Holder.invokeStatic(java.lang.Object, java.lang.Object, long, java.lang.Object)'> (0x00000000c4cd5ed8) 
thrown [s\open\src\hotspot\share\interpreter\linkResolver.cpp, line 759]
Event: 1.485 Thread 0x0000025ef950e3b0 Exception <a 'java/lang/NoSuchMethodError'{0x00000000c4cd9970}: 'java.lang.Object java.lang.invoke.DirectMethodHandle$Holder.invokeStaticInit(java.lang.Object, java.lang.Object, long, java.lang.Object)'> (0x00000000c4cd9970) 
thrown [s\open\src\hotspot\share\interpreter\linkResolver.cpp, line 759]
Event: 1.486 Thread 0x0000025ef950e3b0 Exception <a 'java/lang/NoSuchMethodError'{0x00000000c4cdffa8}: 'java.lang.Object java.lang.invoke.DirectMethodHandle$Holder.newInvokeSpecial(java.lang.Object, java.lang.Object, long)'> (0x00000000c4cdffa8) 
thrown [s\open\src\hotspot\share\interpreter\linkResolver.cpp, line 759]
Event: 1.500 Thread 0x0000025ef950e3b0 Exception <a 'java/lang/NoSuchMethodError'{0x00000000c4b392b8}: 'void java.lang.invoke.DirectMethodHandle$Holder.invokeVirtual(java.lang.Object, java.lang.Object, java.lang.Object, java.lang.Object)'> (0x00000000c4b392b8) 
thrown [s\open\src\hotspot\share\interpreter\linkResolver.cpp, line 759]
Event: 1.543 Thread 0x0000025ef950e3b0 Exception <a 'java/lang/NoSuchMethodError'{0x00000000c5fc6fa0}: 'void java.lang.invoke.DirectMethodHandle$Holder.invokeSpecial(java.lang.Object, java.lang.Object, java.lang.Object)'> (0x00000000c5fc6fa0) 
thrown [s\open\src\hotspot\share\interpreter\linkResolver.cpp, line 759]
Event: 1.544 Thread 0x0000025ef950e3b0 Exception <a 'java/lang/NoSuchMethodError'{0x00000000c5fcd4e8}: 'void java.lang.invoke.DirectMethodHandle$Holder.invokeSpecial(java.lang.Object, java.lang.Object, java.lang.Object, java.lang.Object, java.lang.Object)'> (0x00000000c5fcd4e8) 
thrown [s\open\src\hotspot\share\interpreter\linkResolver.cpp, line 759]
Event: 1.549 Thread 0x0000025ef950ed50 Exception <a 'java/lang/NoClassDefFoundError'{0x00000000c5e191b0}: jakarta/validation/Validation> (0x00000000c5e191b0) 
thrown [s\open\src\hotspot\share\classfile\systemDictionary.cpp, line 245]
Event: 1.550 Thread 0x0000025ef950e3b0 Exception <a 'java/lang/IncompatibleClassChangeError'{0x00000000c5ffd670}: Found class java.lang.Object, but interface was expected> (0x00000000c5ffd670) 
thrown [s\open\src\hotspot\share\interpreter\linkResolver.cpp, line 826]
Event: 1.840 Thread 0x0000025ef90d54c0 Exception <a 'java/lang/reflect/InvocationTargetException'{0x00000000c4efe738}> (0x00000000c4efe738) 
thrown [s\open\src\hotspot\share\runtime\reflection.cpp, line 1121]
Event: 1.955 Thread 0x0000025ef950e3b0 Exception <a 'java/lang/NoSuchMethodError'{0x00000000c4426fa8}: 'int java.lang.invoke.DirectMethodHandle$Holder.invokeSpecial(java.lang.Object, java.lang.Object, java.lang.Object, java.lang.Object, java.lang.Object)'> (0x00000000c4426fa8) 
thrown [s\open\src\hotspot\share\interpreter\linkResolver.cpp, line 759]
Event: 1.957 Thread 0x0000025ef950e3b0 Exception <a 'java/lang/NoSuchMethodError'{0x00000000c442fd18}: 'void java.lang.invoke.DirectMethodHandle$Holder.invokeVirtual(java.lang.Object, java.lang.Object)'> (0x00000000c442fd18) 
thrown [s\open\src\hotspot\share\interpreter\linkResolver.cpp, line 759]
Event: 1.998 Thread 0x0000025ef950ed50 Exception <a 'java/lang/NoSuchMethodError'{0x00000000c41371c8}: 'long java.lang.invoke.DirectMethodHandle$Holder.invokeSpecial(java.lang.Object, java.lang.Object)'> (0x00000000c41371c8) 
thrown [s\open\src\hotspot\share\interpreter\linkResolver.cpp, line 759]
Event: 1.999 Thread 0x0000025ef950ed50 Exception <a 'java/lang/NoSuchMethodError'{0x00000000c41423f0}: 'long java.lang.invoke.DirectMethodHandle$Holder.invokeStatic(java.lang.Object, java.lang.Object)'> (0x00000000c41423f0) 
thrown [s\open\src\hotspot\share\interpreter\linkResolver.cpp, line 759]
Event: 2.000 Thread 0x0000025ef950ed50 Exception <a 'java/lang/NoSuchMethodError'{0x00000000c41459f0}: 'long java.lang.invoke.DirectMethodHandle$Holder.invokeStaticInit(java.lang.Object, java.lang.Object)'> (0x00000000c41459f0) 
thrown [s\open\src\hotspot\share\interpreter\linkResolver.cpp, line 759]
Event: 2.001 Thread 0x0000025ef950ed50 Exception <a 'java/lang/NoSuchMethodError'{0x00000000c4153580}: 'long java.lang.invoke.DirectMethodHandle$Holder.invokeInterface(java.lang.Object, java.lang.Object)'> (0x00000000c4153580) 
thrown [s\open\src\hotspot\share\interpreter\linkResolver.cpp, line 759]
Event: 2.001 Thread 0x0000025ef950ed50 Exception <a 'java/lang/IncompatibleClassChangeError'{0x00000000c4156b10}: Found class java.lang.Object, but interface was expected> (0x00000000c4156b10) 
thrown [s\open\src\hotspot\share\interpreter\linkResolver.cpp, line 826]
Event: 2.012 Thread 0x0000025ef950ed50 Exception <a 'java/lang/NoSuchMethodError'{0x00000000c41ce938}: 'java.lang.Object java.lang.invoke.DirectMethodHandle$Holder.invokeVirtual(java.lang.Object, java.lang.Object, java.lang.Object, java.lang.Object)'> (0x00000000c41ce938) 
thrown [s\open\src\hotspot\share\interpreter\linkResolver.cpp, line 759]
Event: 2.355 Thread 0x0000025ef90d54c0 Exception <a 'java/lang/reflect/InvocationTargetException'{0x00000000c5fa91f8}> (0x00000000c5fa91f8) 
thrown [s\open\src\hotspot\share\runtime\reflection.cpp, line 1121]

VM Operations (20 events):
Event: 0.985 Executing VM operation: G1CollectForAllocation
Event: 0.992 Executing VM operation: G1CollectForAllocation done
Event: 1.114 Executing VM operation: HandshakeAllThreads
Event: 1.114 Executing VM operation: HandshakeAllThreads done
Event: 1.381 Executing VM operation: HandshakeAllThreads
Event: 1.381 Executing VM operation: HandshakeAllThreads done
Event: 1.489 Executing VM operation: ICBufferFull
Event: 1.489 Executing VM operation: ICBufferFull done
Event: 1.521 Executing VM operation: G1CollectForAllocation
Event: 1.525 Executing VM operation: G1CollectForAllocation done
Event: 1.541 Executing VM operation: HandshakeAllThreads
Event: 1.541 Executing VM operation: HandshakeAllThreads done
Event: 1.850 Executing VM operation: HandshakeAllThreads
Event: 1.850 Executing VM operation: HandshakeAllThreads done
Event: 1.921 Executing VM operation: HandshakeAllThreads
Event: 1.921 Executing VM operation: HandshakeAllThreads done
Event: 1.939 Executing VM operation: HandshakeAllThreads
Event: 1.939 Executing VM operation: HandshakeAllThreads done
Event: 2.337 Executing VM operation: G1CollectForAllocation
Event: 2.343 Executing VM operation: G1CollectForAllocation done

Events (20 events):
Event: 1.957 loading class java/util/stream/SortedOps done
Event: 1.958 loading class java/util/stream/SortedOps$OfRef
Event: 1.958 loading class java/util/stream/SortedOps$OfRef done
Event: 1.958 loading class java/util/Comparators$NaturalOrderComparator
Event: 1.958 loading class java/util/Comparators$NaturalOrderComparator done
Event: 1.958 loading class java/util/stream/SortedOps$RefSortingSink
Event: 1.958 loading class java/util/stream/SortedOps$AbstractRefSortingSink
Event: 1.958 loading class java/util/stream/SortedOps$AbstractRefSortingSink done
Event: 1.958 loading class java/util/stream/SortedOps$RefSortingSink done
Event: 1.960 loading class java/util/regex/Pattern$LazyLoop
Event: 1.960 loading class java/util/regex/Pattern$Loop
Event: 1.960 loading class java/util/regex/Pattern$Loop done
Event: 1.960 loading class java/util/regex/Pattern$LazyLoop done
Event: 1.960 loading class java/util/regex/Pattern$Prolog
Event: 1.960 loading class java/util/regex/Pattern$Prolog done
Event: 1.977 loading class java/lang/AssertionError
Event: 1.977 loading class java/lang/AssertionError done
Event: 1.986 loading class java/util/regex/Pattern$Pos
Event: 1.986 loading class java/util/regex/Pattern$Pos done
Event: 2.014 Thread 0x0000025ef950ed50 Thread exited: 0x0000025ef950ed50


Dynamic libraries:
0x00007ff6482c0000 - 0x00007ff6482d0000 	C:\Program Files\Java\jdk-17\bin\javaw.exe
0x00007fff35300000 - 0x00007fff354f0000 	C:\WINDOWS\SYSTEM32\ntdll.dll
0x00007fff34370000 - 0x00007fff34422000 	C:\WINDOWS\System32\KERNEL32.DLL
0x00007fff32880000 - 0x00007fff32b25000 	C:\WINDOWS\System32\KERNELBASE.dll
0x00007fff32300000 - 0x00007fff323fa000 	C:\WINDOWS\System32\ucrtbase.dll
0x00007fff27460000 - 0x00007fff2747b000 	C:\Program Files\Java\jdk-17\bin\VCRUNTIME140.dll
0x00007fff15f80000 - 0x00007fff15f99000 	C:\Program Files\Java\jdk-17\bin\jli.dll
0x00007fff33770000 - 0x00007fff33813000 	C:\WINDOWS\System32\ADVAPI32.dll
0x00007fff33940000 - 0x00007fff339de000 	C:\WINDOWS\System32\msvcrt.dll
0x00007fff339e0000 - 0x00007fff33a77000 	C:\WINDOWS\System32\sechost.dll
0x00007fff33820000 - 0x00007fff3393f000 	C:\WINDOWS\System32\RPCRT4.dll
0x00007fff341d0000 - 0x00007fff34364000 	C:\WINDOWS\System32\USER32.dll
0x00007fff32400000 - 0x00007fff32421000 	C:\WINDOWS\System32\win32u.dll
0x00007fff33af0000 - 0x00007fff33b16000 	C:\WINDOWS\System32\GDI32.dll
0x00007fff19b60000 - 0x00007fff19de4000 	C:\WINDOWS\WinSxS\amd64_microsoft.windows.common-controls_6595b64144ccf1df_6.0.18362.1556_none_9e7e372fe45e41d5\COMCTL32.dll
0x00007fff32580000 - 0x00007fff32718000 	C:\WINDOWS\System32\gdi32full.dll
0x00007fff333b0000 - 0x00007fff336e6000 	C:\WINDOWS\System32\combase.dll
0x00007fff32480000 - 0x00007fff3251e000 	C:\WINDOWS\System32\msvcp_win.dll
0x00007fff32270000 - 0x00007fff322f1000 	C:\WINDOWS\System32\bcryptPrimitives.dll
0x00007fff2c1d0000 - 0x00007fff2c1da000 	C:\WINDOWS\SYSTEM32\VERSION.dll
0x00007fff34e20000 - 0x00007fff34e4e000 	C:\WINDOWS\System32\IMM32.DLL
0x00007fff17cb0000 - 0x00007fff17cbc000 	C:\Program Files\Java\jdk-17\bin\vcruntime140_1.dll
0x00007fff10a40000 - 0x00007fff10ace000 	C:\Program Files\Java\jdk-17\bin\msvcp140.dll
0x00007ffeee4b0000 - 0x00007ffeef08e000 	C:\Program Files\Java\jdk-17\bin\server\jvm.dll
0x00007fff34b80000 - 0x00007fff34b88000 	C:\WINDOWS\System32\PSAPI.DLL
0x00007fff1d120000 - 0x00007fff1d129000 	C:\WINDOWS\SYSTEM32\WSOCK32.dll
0x00007fff301f0000 - 0x00007fff30214000 	C:\WINDOWS\SYSTEM32\WINMM.dll
0x00007fff34bf0000 - 0x00007fff34c5f000 	C:\WINDOWS\System32\WS2_32.dll
0x00007fff30190000 - 0x00007fff301bd000 	C:\WINDOWS\SYSTEM32\WINMMBASE.dll
0x00007fff32430000 - 0x00007fff3247a000 	C:\WINDOWS\System32\cfgmgr32.dll
0x00007fff321e0000 - 0x00007fff321f1000 	C:\WINDOWS\System32\kernel.appcore.dll
0x00007fff17be0000 - 0x00007fff17bea000 	C:\Program Files\Java\jdk-17\bin\jimage.dll
0x00007fff1c2a0000 - 0x00007fff1c494000 	C:\WINDOWS\SYSTEM32\DBGHELP.DLL
0x00007fff18bb0000 - 0x00007fff18bda000 	C:\WINDOWS\SYSTEM32\dbgcore.DLL
0x00007fff15ed0000 - 0x00007fff15ef5000 	C:\Program Files\Java\jdk-17\bin\java.dll
0x00007fff098c0000 - 0x00007fff09997000 	C:\Program Files\Java\jdk-17\bin\jsvml.dll
0x00007fff34430000 - 0x00007fff34b17000 	C:\WINDOWS\System32\SHELL32.dll
0x00007fff33d30000 - 0x00007fff33dd8000 	C:\WINDOWS\System32\shcore.dll
0x00007fff32be0000 - 0x00007fff3335b000 	C:\WINDOWS\System32\windows.storage.dll
0x00007fff32200000 - 0x00007fff3221e000 	C:\WINDOWS\System32\profapi.dll
0x00007fff32220000 - 0x00007fff3226a000 	C:\WINDOWS\System32\powrprof.dll
0x00007fff321b0000 - 0x00007fff321c0000 	C:\WINDOWS\System32\UMPDC.dll
0x00007fff34b20000 - 0x00007fff34b72000 	C:\WINDOWS\System32\shlwapi.dll
0x00007fff33390000 - 0x00007fff333a7000 	C:\WINDOWS\System32\cryptsp.dll
0x00007fff15d10000 - 0x00007fff15d29000 	C:\Program Files\Java\jdk-17\bin\net.dll
0x00007fff2b0f0000 - 0x00007fff2b1ea000 	C:\WINDOWS\SYSTEM32\WINHTTP.dll
0x00007fff31990000 - 0x00007fff319f7000 	C:\WINDOWS\system32\mswsock.dll
0x00007fff15bd0000 - 0x00007fff15be6000 	C:\Program Files\Java\jdk-17\bin\nio.dll
0x00007fff149b0000 - 0x00007fff149c8000 	C:\Program Files\Java\jdk-17\bin\zip.dll
0x00007fff17270000 - 0x00007fff1727a000 	C:\Program Files\Java\jdk-17\bin\management.dll
0x00007fff15f70000 - 0x00007fff15f7b000 	C:\Program Files\Java\jdk-17\bin\management_ext.dll
0x00007fff15b40000 - 0x00007fff15b56000 	C:\WINDOWS\system32\napinsp.dll
0x00007fff13690000 - 0x00007fff136aa000 	C:\WINDOWS\system32\pnrpnsp.dll
0x00007fff316e0000 - 0x00007fff317ab000 	C:\WINDOWS\SYSTEM32\DNSAPI.dll
0x00007fff34e10000 - 0x00007fff34e18000 	C:\WINDOWS\System32\NSI.dll
0x00007fff316a0000 - 0x00007fff316da000 	C:\WINDOWS\SYSTEM32\IPHLPAPI.DLL
0x00007fff13680000 - 0x00007fff1368e000 	C:\WINDOWS\System32\winrnr.dll
0x00007fff2e8c0000 - 0x00007fff2e8dc000 	C:\WINDOWS\system32\NLAapi.dll
0x00007fff13660000 - 0x00007fff13675000 	C:\WINDOWS\system32\wshbth.dll
0x00007fff2b0b0000 - 0x00007fff2b0ba000 	C:\Windows\System32\rasadhlp.dll
0x00007fff2c620000 - 0x00007fff2c697000 	C:\WINDOWS\System32\fwpuclnt.dll
0x00007fff33360000 - 0x00007fff33386000 	C:\WINDOWS\System32\bcrypt.dll
0x00007fff31510000 - 0x00007fff31543000 	C:\WINDOWS\system32\rsaenh.dll
0x00007fff320d0000 - 0x00007fff320f5000 	C:\WINDOWS\SYSTEM32\USERENV.dll
0x00007fff31b60000 - 0x00007fff31b6c000 	C:\WINDOWS\SYSTEM32\CRYPTBASE.dll
0x00007fff2c790000 - 0x00007fff2c7a6000 	C:\WINDOWS\SYSTEM32\dhcpcsvc6.DLL
0x00007fff2c770000 - 0x00007fff2c78c000 	C:\WINDOWS\SYSTEM32\dhcpcsvc.DLL

dbghelp: loaded successfully - version: 4.0.5 - missing functions: none
symbol engine: initialized successfully - sym options: 0x614 - pdb path: .;C:\Program Files\Java\jdk-17\bin;C:\WINDOWS\SYSTEM32;C:\WINDOWS\WinSxS\amd64_microsoft.windows.common-controls_6595b64144ccf1df_6.0.18362.1556_none_9e7e372fe45e41d5;C:\Program Files\Java\jdk-17\bin\server

VM Arguments:
jvm_args: -Dcom.sun.management.jmxremote -Dcom.sun.management.jmxremote.port=53601 -Dcom.sun.management.jmxremote.authenticate=false -Dcom.sun.management.jmxremote.ssl=false -Djava.rmi.server.hostname=localhost -Dspring.jmx.enabled=true -Dmanagement.endpoints.jmx.exposure.include=* -Dspring.application.admin.enabled=true -XX:TieredStopAtLevel=1 -Dspring.boot.project.name=ApeH-Backend -Dfile.encoding=UTF-8 -Dstdout.encoding=UTF-8 -Dstderr.encoding=UTF-8 -XX:+ShowCodeDetailsInExceptionMessages 
java_command: co.edu.unbosque.apeh.ApehAplication --spring.output.ansi.enabled=always
java_class_path (initial): C:\Users\Lenovo\Desktop\Nueva carpeta\eclipse\Workspace\ApeH-Backend\target\classes;C:\Users\Lenovo\.m2\repository\org\springframework\boot\spring-boot-starter-data-jpa\3.1.2\spring-boot-starter-data-jpa-3.1.2.jar;C:\Users\Lenovo\.m2\repository\org\springframework\boot\spring-boot-starter-aop\3.1.2\spring-boot-starter-aop-3.1.2.jar;C:\Users\Lenovo\.m2\repository\org\aspectj\aspectjweaver\1.9.19\aspectjweaver-1.9.19.jar;C:\Users\Lenovo\.m2\repository\org\hibernate\orm\hibernate-core\6.2.6.Final\hibernate-core-6.2.6.Final.jar;C:\Users\Lenovo\.m2\repository\jakarta\persistence\jakarta.persistence-api\3.1.0\jakarta.persistence-api-3.1.0.jar;C:\Users\Lenovo\.m2\repository\jakarta\transaction\jakarta.transaction-api\2.0.1\jakarta.transaction-api-2.0.1.jar;C:\Users\Lenovo\.m2\repository\org\jboss\logging\jboss-logging\3.5.3.Final\jboss-logging-3.5.3.Final.jar;C:\Users\Lenovo\.m2\repository\org\hibernate\common\hibernate-commons-annotations\6.0.6.Final\hibernate-commons-annotations-6.0.6.Final.jar;C:\Users\Lenovo\.m2\repository\io\smallrye\jandex\3.0.5\jandex-3.0.5.jar;C:\Users\Lenovo\.m2\repository\com\fasterxml\classmate\1.5.1\classmate-1.5.1.jar;C:\Users\Lenovo\.m2\repository\net\bytebuddy\byte-buddy\1.14.5\byte-buddy-1.14.5.jar;C:\Users\Lenovo\.m2\repository\org\glassfish\jaxb\jaxb-runtime\4.0.3\jaxb-runtime-4.0.3.jar;C:\Users\Lenovo\.m2\repository\org\glassfish\jaxb\jaxb-core\4.0.3\jaxb-core-4.0.3.jar;C:\Users\Lenovo\.m2\repository\org\glassfish\jaxb\txw2\4.0.3\txw2-4.0.3.jar;C:\Users\Lenovo\.m2\repository\com\sun\istack\istack-commons-runtime\4.1.2\istack-commons-runtime-4.1.2.jar;C:\Users\Lenovo\.m2\repository\jakarta\inject\jakarta.inject-api\2.0.1\jakarta.inject-api-2.0.1.jar;C:\Users\Lenovo\.m2\repository\org\antlr\antlr4-runtime\4.10.1\antlr4-runtime-4.10.1.jar;C:\Users\Lenovo\.m2\repository\org\springframework\data\spring-data-jpa\3.1.2\spring-data-jpa-3.1.2.jar;C:\Users\Lenovo\.m2\repository\org\springframework\data\spring-data-comm
Launcher Type: SUN_STANDARD

[Global flags]
     intx CICompilerCount                          = 3                                         {product} {ergonomic}
     uint ConcGCThreads                            = 1                                         {product} {ergonomic}
     uint G1ConcRefinementThreads                  = 4                                         {product} {ergonomic}
   size_t G1HeapRegionSize                         = 1048576                                   {product} {ergonomic}
    uintx GCDrainStackTargetSize                   = 64                                        {product} {ergonomic}
   size_t InitialHeapSize                          = 65011712                                  {product} {ergonomic}
     bool ManagementServer                         = true                                      {product} {command line}
   size_t MarkStackSize                            = 4194304                                   {product} {ergonomic}
   size_t MaxHeapSize                              = 1038090240                                {product} {ergonomic}
   size_t MaxNewSize                               = 622854144                                 {product} {ergonomic}
   size_t MinHeapDeltaBytes                        = 1048576                                   {product} {ergonomic}
   size_t MinHeapSize                              = 8388608                                   {product} {ergonomic}
    uintx NonProfiledCodeHeapSize                  = 0                                      {pd product} {ergonomic}
     bool ProfileInterpreter                       = false                                  {pd product} {command line}
    uintx ProfiledCodeHeapSize                     = 0                                      {pd product} {ergonomic}
     bool ShowCodeDetailsInExceptionMessages       = true                                   {manageable} {command line}
   size_t SoftMaxHeapSize                          = 1038090240                             {manageable} {ergonomic}
     intx TieredStopAtLevel                        = 1                                         {product} {command line}
     bool UseCompressedClassPointers               = true                           {product lp64_product} {ergonomic}
     bool UseCompressedOops                        = true                           {product lp64_product} {ergonomic}
     bool UseG1GC                                  = true                                      {product} {ergonomic}
     bool UseLargePagesIndividualAllocation        = false                                  {pd product} {ergonomic}

Logging:
Log output configuration:
 #0: stdout all=warning uptime,level,tags
 #1: stderr all=off uptime,level,tags

Environment Variables:
JAVA_HOME=C:\Program Files\Java\jdk-17
PATH=C:/Users/Lenovo/Desktop/Nueva carpeta/eclipse/sts-4.24.0.RELEASE//plugins/org.eclipse.justj.openjdk.hotspot.jre.full.win32.x86_64_21.0.3.v20240426-1530/jre/bin/server;C:/Users/Lenovo/Desktop/Nueva carpeta/eclipse/sts-4.24.0.RELEASE//plugins/org.eclipse.justj.openjdk.hotspot.jre.full.win32.x86_64_21.0.3.v20240426-1530/jre/bin;C:\Program Files\Common Files\Oracle\Java\javapath;C:\Program Files (x86)\Common Files\Oracle\Java\java8path;C:\Program Files (x86)\Common Files\Oracle\Java\javapath;C:\Program Files (x86)\NVIDIA Corporation\PhysX\Common;C:\WINDOWS\system32;C:\WINDOWS;C:\WINDOWS\System32\Wbem;C:\WINDOWS\System32\WindowsPowerShell\v1.0\;C:\Program Files (x86)\OpenVPN\bin;C:\WINDOWS\System32\OpenSSH\;C:\Program Files (x86)\Brackets\command;C:\Program Files\dotnet\;C:\Program Files\Microsoft SQL Server\130\Tools\Binn\;C:\Program Files (x86)\Git\cmd;C:\Program Files\Java\jdk-17\bin;C:\Users\Lenovo\Documents\apache-maven-3.9.2\bin\bin;C:\Program Files\nodejs\;C:\Users\Lenovo\AppData\Local\Programs\Python\Python38-32;C:\Users\Lenovo\Downloads\PYTHON\Scripts\;C:\Users\Lenovo\Downloads\PYTHON\;C:\Users\Lenovo\AppData\Local\Microsoft\WindowsApps;C:\Users\Lenovo\AppData\Local\Programs\Microsoft VS Code\bin;C:\Program Files\LUA;C:\Program Files (x86)\GnuWin32\bin;C:\Users\Lenovo\Documents\apache-maven-3.9.2\bin;C:\Users\Lenovo\Desktop\Nueva carpeta\Netbeans stuff\IntelliJ IDEA Community Edition 2023.1.2\bin;;C:\Users\Lenovo\Desktop\Nueva carpeta\Netbeans stuff\IntelliJ IDEA 2023.1.2\bin;;C:\MinGW\bin;C:\Users\Lenovo\AppData\Roaming\npm;C:\Users\Lenovo\AppData\Local\Programs\Python\Python38-32;;C:\Users\Lenovo\Desktop\Nueva carpeta\eclipse\sts-4.24.0.RELEASE;
USERNAME=Lenovo
OS=Windows_NT
PROCESSOR_IDENTIFIER=Intel64 Family 6 Model 78 Stepping 3, GenuineIntel



---------------  S Y S T E M  ---------------

OS:
 Windows 10 , 64 bit Build 18362 (10.0.18362.1500)
OS uptime: 1 days 2:47 hours

CPU: total 4 (initial active 4) (2 cores per cpu, 2 threads per core) family 6 model 78 stepping 3 microcode 0xd6, cx8, cmov, fxsr, ht, mmx, 3dnowpref, sse, sse2, sse3, ssse3, sse4.1, sse4.2, popcnt, lzcnt, tsc, tscinvbit, avx, avx2, aes, erms, clmul, bmi1, bmi2, adx, fma, vzeroupper, clflush, clflushopt

Memory: 4k page, system-wide physical 3955M (384M free)
TotalPageFile size 16243M (AvailPageFile size 3M)
current process WorkingSet (physical memory assigned to process): 109M, peak: 109M
current process commit charge ("private bytes"): 162M, peak: 162M

vm_info: Java HotSpot(TM) 64-Bit Server VM (17.0.8+9-LTS-211) for windows-amd64 JRE (17.0.8+9-LTS-211), built on Jun 14 2023 10:34:31 by "mach5one" with MS VC++ 17.1 (VS2022)

END.
