#
# There is insufficient memory for the Java Runtime Environment to continue.
# Native memory allocation (mmap) failed to map 65011712 bytes for G1 virtual space
# Possible reasons:
#   The system is out of physical RAM or swap space
#   The process is running with CompressedOops enabled, and the Java Heap may be blocking the growth of the native heap
# Possible solutions:
#   Reduce memory load on the system
#   Increase physical memory or swap space
#   Check if swap backing store is full
#   Decrease Java heap size (-Xmx/-Xms)
#   Decrease number of Java threads
#   Decrease Java thread stack sizes (-Xss)
#   Set larger code cache with -XX:ReservedCodeCacheSize=
#   JVM is running with Unscaled Compressed Oops mode in which the Java heap is
#     placed in the first 4GB address space. The Java Heap base address is the
#     maximum limit for the native heap growth. Please use -XX:HeapBaseMinAddress
#     to set the Java Heap base and to place the Java Heap above 4GB virtual address.
# This output file may be truncated or incomplete.
#
#  Out of Memory Error (os_windows.cpp:3550), pid=78656, tid=9648
#
# JRE version:  (17.0.8+9) (build )
# Java VM: Java HotSpot(TM) 64-Bit Server VM (17.0.8+9-LTS-211, mixed mode, sharing, tiered, compressed oops, compressed class ptrs, g1 gc, windows-amd64)
# No core dump will be written. Minidumps are not enabled by default on client versions of Windows
#

---------------  S U M M A R Y ------------

Command Line: C:\Users\Lenovo\AppData\Local\Temp\surefire13859900029207801205\surefirebooter-20240813170108561_3.jar C:\Users\Lenovo\AppData\Local\Temp\surefire13859900029207801205 2024-08-13T17-01-07_067-jvmRun1 surefire-20240813170108561_1tmp surefire_0-20240813170108561_2tmp

Host: Intel(R) Core(TM) i5-6200U CPU @ 2.30GHz, 4 cores, 3G,  Windows 10 , 64 bit Build 18362 (10.0.18362.1500)
Time: Tue Aug 13 17:01:10 2024 Hora est. Pacífico, Sudamérica elapsed time: 0.157844 seconds (0d 0h 0m 0s)

---------------  T H R E A D  ---------------

Current thread (0x000001f8f049fe40):  JavaThread "Unknown thread" [_thread_in_vm, id=9648, stack(0x00000030acc00000,0x00000030acd00000)]

Stack: [0x00000030acc00000,0x00000030acd00000]
Native frames: (J=compiled Java code, j=interpreted, Vv=VM code, C=native code)
V  [jvm.dll+0x677d0a]
V  [jvm.dll+0x7d8c54]
V  [jvm.dll+0x7da3fe]
V  [jvm.dll+0x7daa63]
V  [jvm.dll+0x245c5f]
V  [jvm.dll+0x674bb9]
V  [jvm.dll+0x6694f2]
V  [jvm.dll+0x3031d6]
V  [jvm.dll+0x30a756]
V  [jvm.dll+0x359f9e]
V  [jvm.dll+0x35a1cf]
V  [jvm.dll+0x2da3e8]
V  [jvm.dll+0x2db354]
V  [jvm.dll+0x7aa711]
V  [jvm.dll+0x367b51]
V  [jvm.dll+0x789979]
V  [jvm.dll+0x3eb05f]
V  [jvm.dll+0x3ecae1]
C  [jli.dll+0x5297]
C  [ucrtbase.dll+0x210b2]
C  [KERNEL32.DLL+0x17c24]
C  [ntdll.dll+0x6d721]


---------------  P R O C E S S  ---------------

Threads class SMR info:
_java_thread_list=0x00007ffeeef659d8, length=0, elements={
}

Java Threads: ( => current thread )

Other Threads:
  0x000001f8f04db7b0 GCTaskThread "GC Thread#0" [stack: 0x00000030acd00000,0x00000030ace00000] [id=7792]
  0x000001f8f04e42b0 ConcurrentGCThread "G1 Main Marker" [stack: 0x00000030ace00000,0x00000030acf00000] [id=7164]
  0x000001f8f04e6470 ConcurrentGCThread "G1 Conc#0" [stack: 0x00000030acf00000,0x00000030ad000000] [id=90248]

[error occurred during error reporting (printing all threads), id 0xc0000005, EXCEPTION_ACCESS_VIOLATION (0xc0000005) at pc=0x00007ffeee79b047]

VM state: not at safepoint (not fully initialized)

VM Mutex/Monitor currently owned by a thread:  ([mutex/lock_event])
[0x000001f8f049d150] Heap_lock - owner thread: 0x000001f8f049fe40

Heap address: 0x00000000c2200000, size: 990 MB, Compressed Oops mode: 32-bit

CDS archive(s) mapped at: [0x0000000000000000-0x0000000000000000-0x0000000000000000), size 0, SharedBaseAddress: 0x0000000800000000, ArchiveRelocationMode: 1.
Narrow klass base: 0x0000000000000000, Narrow klass shift: 0, Narrow klass range: 0x0

GC Precious Log:
<Empty>

Heap:
 garbage-first heap   total 0K, used 0K [0x00000000c2200000, 0x0000000100000000)
  region size 1024K, 0 young (0K), 0 survivors (0K)

[error occurred during error reporting (printing heap information), id 0xc0000005, EXCEPTION_ACCESS_VIOLATION (0xc0000005) at pc=0x00007ffeeeb81499]

GC Heap History (0 events):
No events

Deoptimization events (0 events):
No events

Classes unloaded (0 events):
No events

Classes redefined (0 events):
No events

Internal exceptions (0 events):
No events

VM Operations (0 events):
No events

Events (1 events):
Event: 0.017 Loaded shared library C:\Program Files\Java\jdk-17\bin\java.dll


Dynamic libraries:
0x00007ff7f2c70000 - 0x00007ff7f2c80000 	C:\Program Files\Java\jdk-17\bin\java.exe
0x00007fff35300000 - 0x00007fff354f0000 	C:\WINDOWS\SYSTEM32\ntdll.dll
0x00007fff34370000 - 0x00007fff34422000 	C:\WINDOWS\System32\KERNEL32.DLL
0x00007fff32880000 - 0x00007fff32b25000 	C:\WINDOWS\System32\KERNELBASE.dll
0x00007fff32300000 - 0x00007fff323fa000 	C:\WINDOWS\System32\ucrtbase.dll
0x00007fff27460000 - 0x00007fff2747b000 	C:\Program Files\Java\jdk-17\bin\VCRUNTIME140.dll
0x00007fff1c4c0000 - 0x00007fff1c4d9000 	C:\Program Files\Java\jdk-17\bin\jli.dll
0x00007fff33770000 - 0x00007fff33813000 	C:\WINDOWS\System32\ADVAPI32.dll
0x00007fff33940000 - 0x00007fff339de000 	C:\WINDOWS\System32\msvcrt.dll
0x00007fff339e0000 - 0x00007fff33a77000 	C:\WINDOWS\System32\sechost.dll
0x00007fff33820000 - 0x00007fff3393f000 	C:\WINDOWS\System32\RPCRT4.dll
0x00007fff341d0000 - 0x00007fff34364000 	C:\WINDOWS\System32\USER32.dll
0x00007fff32400000 - 0x00007fff32421000 	C:\WINDOWS\System32\win32u.dll
0x00007fff33af0000 - 0x00007fff33b16000 	C:\WINDOWS\System32\GDI32.dll
0x00007fff19b60000 - 0x00007fff19de4000 	C:\WINDOWS\WinSxS\amd64_microsoft.windows.common-controls_6595b64144ccf1df_6.0.18362.1556_none_9e7e372fe45e41d5\COMCTL32.dll
0x00007fff32580000 - 0x00007fff32718000 	C:\WINDOWS\System32\gdi32full.dll
0x00007fff333b0000 - 0x00007fff336e6000 	C:\WINDOWS\System32\combase.dll
0x00007fff32480000 - 0x00007fff3251e000 	C:\WINDOWS\System32\msvcp_win.dll
0x00007fff32270000 - 0x00007fff322f1000 	C:\WINDOWS\System32\bcryptPrimitives.dll
0x00007fff2c1d0000 - 0x00007fff2c1da000 	C:\WINDOWS\SYSTEM32\VERSION.dll
0x00007fff34e20000 - 0x00007fff34e4e000 	C:\WINDOWS\System32\IMM32.DLL
0x00007fff30320000 - 0x00007fff3032c000 	C:\Program Files\Java\jdk-17\bin\vcruntime140_1.dll
0x00007fff10a40000 - 0x00007fff10ace000 	C:\Program Files\Java\jdk-17\bin\msvcp140.dll
0x00007ffeee4b0000 - 0x00007ffeef08e000 	C:\Program Files\Java\jdk-17\bin\server\jvm.dll
0x00007fff34b80000 - 0x00007fff34b88000 	C:\WINDOWS\System32\PSAPI.DLL
0x00007fff1d120000 - 0x00007fff1d129000 	C:\WINDOWS\SYSTEM32\WSOCK32.dll
0x00007fff301f0000 - 0x00007fff30214000 	C:\WINDOWS\SYSTEM32\WINMM.dll
0x00007fff34bf0000 - 0x00007fff34c5f000 	C:\WINDOWS\System32\WS2_32.dll
0x00007fff30190000 - 0x00007fff301bd000 	C:\WINDOWS\SYSTEM32\winmmbase.dll
0x00007fff32430000 - 0x00007fff3247a000 	C:\WINDOWS\System32\cfgmgr32.dll
0x00007fff321e0000 - 0x00007fff321f1000 	C:\WINDOWS\System32\kernel.appcore.dll
0x00007fff17cb0000 - 0x00007fff17cba000 	C:\Program Files\Java\jdk-17\bin\jimage.dll
0x00007fff1c2a0000 - 0x00007fff1c494000 	C:\WINDOWS\SYSTEM32\DBGHELP.DLL
0x00007fff18bb0000 - 0x00007fff18bda000 	C:\WINDOWS\SYSTEM32\dbgcore.DLL
0x00007fff16000000 - 0x00007fff16025000 	C:\Program Files\Java\jdk-17\bin\java.dll

dbghelp: loaded successfully - version: 4.0.5 - missing functions: none
symbol engine: initialized successfully - sym options: 0x614 - pdb path: .;C:\Program Files\Java\jdk-17\bin;C:\WINDOWS\SYSTEM32;C:\WINDOWS\WinSxS\amd64_microsoft.windows.common-controls_6595b64144ccf1df_6.0.18362.1556_none_9e7e372fe45e41d5;C:\Program Files\Java\jdk-17\bin\server

VM Arguments:
java_command: C:\Users\Lenovo\AppData\Local\Temp\surefire13859900029207801205\surefirebooter-20240813170108561_3.jar C:\Users\Lenovo\AppData\Local\Temp\surefire13859900029207801205 2024-08-13T17-01-07_067-jvmRun1 surefire-20240813170108561_1tmp surefire_0-20240813170108561_2tmp
java_class_path (initial): C:\Users\Lenovo\AppData\Local\Temp\surefire13859900029207801205\surefirebooter-20240813170108561_3.jar
Launcher Type: SUN_STANDARD

[Global flags]
     intx CICompilerCount                          = 3                                         {product} {ergonomic}
     uint ConcGCThreads                            = 1                                         {product} {ergonomic}
     uint G1ConcRefinementThreads                  = 4                                         {product} {ergonomic}
   size_t G1HeapRegionSize                         = 1048576                                   {product} {ergonomic}
    uintx GCDrainStackTargetSize                   = 64                                        {product} {ergonomic}
   size_t InitialHeapSize                          = 65011712                                  {product} {ergonomic}
   size_t MarkStackSize                            = 4194304                                   {product} {ergonomic}
   size_t MaxHeapSize                              = 1038090240                                {product} {ergonomic}
   size_t MinHeapDeltaBytes                        = 1048576                                   {product} {ergonomic}
   size_t MinHeapSize                              = 8388608                                   {product} {ergonomic}
    uintx NonNMethodCodeHeapSize                   = 5832780                                {pd product} {ergonomic}
    uintx NonProfiledCodeHeapSize                  = 122912730                              {pd product} {ergonomic}
    uintx ProfiledCodeHeapSize                     = 122912730                              {pd product} {ergonomic}
    uintx ReservedCodeCacheSize                    = 251658240                              {pd product} {ergonomic}
     bool SegmentedCodeCache                       = true                                      {product} {ergonomic}
   size_t SoftMaxHeapSize                          = 1038090240                             {manageable} {ergonomic}
     bool UseCompressedClassPointers               = true                           {product lp64_product} {ergonomic}
     bool UseCompressedOops                        = true                           {product lp64_product} {ergonomic}
     bool UseG1GC                                  = true                                      {product} {ergonomic}
     bool UseLargePagesIndividualAllocation        = false                                  {pd product} {ergonomic}

Logging:
Log output configuration:
 #0: stdout all=warning uptime,level,tags
 #1: stderr all=off uptime,level,tags

Environment Variables:
JAVA_HOME=C:\Program Files\Java\jdk-17
PATH=C:/Users/Lenovo/Desktop/Nueva carpeta/eclipse/sts-4.24.0.RELEASE//plugins/org.eclipse.justj.openjdk.hotspot.jre.full.win32.x86_64_21.0.3.v20240426-1530/jre/bin/server;C:/Users/Lenovo/Desktop/Nueva carpeta/eclipse/sts-4.24.0.RELEASE//plugins/org.eclipse.justj.openjdk.hotspot.jre.full.win32.x86_64_21.0.3.v20240426-1530/jre/bin;C:\Program Files\Common Files\Oracle\Java\javapath;C:\Program Files (x86)\Common Files\Oracle\Java\java8path;C:\Program Files (x86)\Common Files\Oracle\Java\javapath;C:\Program Files (x86)\NVIDIA Corporation\PhysX\Common;C:\WINDOWS\system32;C:\WINDOWS;C:\WINDOWS\System32\Wbem;C:\WINDOWS\System32\WindowsPowerShell\v1.0\;C:\Program Files (x86)\OpenVPN\bin;C:\WINDOWS\System32\OpenSSH\;C:\Program Files (x86)\Brackets\command;C:\Program Files\dotnet\;C:\Program Files\Microsoft SQL Server\130\Tools\Binn\;C:\Program Files (x86)\Git\cmd;C:\Program Files\Java\jdk-17\bin;C:\Users\Lenovo\Documents\apache-maven-3.9.2\bin\bin;C:\Program Files\nodejs\;C:\Users\Lenovo\AppData\Local\Programs\Python\Python38-32;C:\Users\Lenovo\Downloads\PYTHON\Scripts\;C:\Users\Lenovo\Downloads\PYTHON\;C:\Users\Lenovo\AppData\Local\Microsoft\WindowsApps;C:\Users\Lenovo\AppData\Local\Programs\Microsoft VS Code\bin;C:\Program Files\LUA;C:\Program Files (x86)\GnuWin32\bin;C:\Users\Lenovo\Documents\apache-maven-3.9.2\bin;C:\Users\Lenovo\Desktop\Nueva carpeta\Netbeans stuff\IntelliJ IDEA Community Edition 2023.1.2\bin;;C:\Users\Lenovo\Desktop\Nueva carpeta\Netbeans stuff\IntelliJ IDEA 2023.1.2\bin;;C:\MinGW\bin;C:\Users\Lenovo\AppData\Roaming\npm;C:\Users\Lenovo\AppData\Local\Programs\Python\Python38-32;;C:\Users\Lenovo\Desktop\Nueva carpeta\eclipse\sts-4.24.0.RELEASE;
USERNAME=Lenovo
OS=Windows_NT
PROCESSOR_IDENTIFIER=Intel64 Family 6 Model 78 Stepping 3, GenuineIntel



---------------  S Y S T E M  ---------------

OS:
 Windows 10 , 64 bit Build 18362 (10.0.18362.1500)
OS uptime: 1 days 2:51 hours

CPU: total 4 (initial active 4) (2 cores per cpu, 2 threads per core) family 6 model 78 stepping 3 microcode 0xd6, cx8, cmov, fxsr, ht, mmx, 3dnowpref, sse, sse2, sse3, ssse3, sse4.1, sse4.2, popcnt, lzcnt, tsc, tscinvbit, avx, avx2, aes, erms, clmul, bmi1, bmi2, adx, fma, vzeroupper, clflush, clflushopt

Memory: 4k page, system-wide physical 3955M (393M free)
TotalPageFile size 16243M (AvailPageFile size 38M)
current process WorkingSet (physical memory assigned to process): 10M, peak: 10M
current process commit charge ("private bytes"): 51M, peak: 113M

vm_info: Java HotSpot(TM) 64-Bit Server VM (17.0.8+9-LTS-211) for windows-amd64 JRE (17.0.8+9-LTS-211), built on Jun 14 2023 10:34:31 by "mach5one" with MS VC++ 17.1 (VS2022)

END.
